<?xml version="1.0" encoding="UTF-8" ?>
<testsuite tests="712" failures="148" name="de.neusta.b4u.RunCukesTest" time="17.572" errors="18" skipped="256">
  <properties>
    <property name="java.runtime.name" value="Java(TM) SE Runtime Environment"/>
    <property name="sun.boot.library.path" value="C:\Program Files\Java\jdk1.8.0_201\jre\bin"/>
    <property name="java.vm.version" value="25.201-b09"/>
    <property name="java.vm.vendor" value="Oracle Corporation"/>
    <property name="maven.multiModuleProjectDirectory" value="C:/Projekte/testinglab"/>
    <property name="java.vendor.url" value="http://java.oracle.com/"/>
    <property name="path.separator" value=";"/>
    <property name="guice.disable.misplaced.annotation.check" value="true"/>
    <property name="java.vm.name" value="Java HotSpot(TM) 64-Bit Server VM"/>
    <property name="file.encoding.pkg" value="sun.io"/>
    <property name="user.script" value=""/>
    <property name="user.country" value="DE"/>
    <property name="sun.java.launcher" value="SUN_STANDARD"/>
    <property name="sun.os.patch.level" value=""/>
    <property name="java.vm.specification.name" value="Java Virtual Machine Specification"/>
    <property name="user.dir" value="C:\Projekte\testinglab"/>
    <property name="java.runtime.version" value="1.8.0_201-b09"/>
    <property name="java.awt.graphicsenv" value="sun.awt.Win32GraphicsEnvironment"/>
    <property name="java.endorsed.dirs" value="C:\Program Files\Java\jdk1.8.0_201\jre\lib\endorsed"/>
    <property name="os.arch" value="amd64"/>
    <property name="java.io.tmpdir" value="C:\Users\Andreas\AppData\Local\Temp\"/>
    <property name="line.separator" value="
"/>
    <property name="java.vm.specification.vendor" value="Oracle Corporation"/>
    <property name="user.variant" value=""/>
    <property name="os.name" value="Windows 10"/>
    <property name="classworlds.conf" value="C:/Program Files/apache-maven-3.6.0/bin/m2.conf"/>
    <property name="sun.jnu.encoding" value="Cp1252"/>
    <property name="java.library.path" value="C:\Program Files\Java\jdk1.8.0_201\bin;C:\Windows\Sun\Java\bin;C:\Windows\system32;C:\Windows;C:\Users\Andreas\bin;C:\Program Files\Git\mingw64\bin;C:\Program Files\Git\usr\local\bin;C:\Program Files\Git\usr\bin;C:\Program Files\Git\usr\bin;C:\Program Files\Git\cmd;C:\ProgramData\DockerDesktop\version-bin;C:\Program Files\Docker\Docker\Resources\bin;C:\Windows\system32;C:\Windows;C:\Windows\System32\Wbem;C:\Windows\System32\WindowsPowerShell\v1.0;C:\Windows\System32\OpenSSH;C:\Program Files (x86)\AMD\ATI.ACE\Core-Static;C:\Program Files\Git\cmd;C:\Program Files (x86)\ATI Technologies\ATI.ACE\Core-Static;C:\Program Files (x86)\NVIDIA Corporation\PhysX\Common;C:\Program Files\PuTTY;C:\Program Files\apache-maven-3.6.0\bin;C:\Program Files\Java\jdk1.8.0_201\bin;C:\Program Files\nodejs;%USERPROFILE%\AppData\Local\Microsoft\WindowsApps;C:\texlive\2018\bin\win32;C:\Users\Andreas\AppData\Roaming\npm;C:\Users\Andreas\AppData\Local\hyper\app-2.1.2\resources\bin;C:\Program Files\Git\usr\bin\vendor_perl;C:\Program Files\Git\usr\bin\core_perl;."/>
    <property name="maven.conf" value="C:/Program Files/apache-maven-3.6.0/conf"/>
    <property name="java.specification.name" value="Java Platform API Specification"/>
    <property name="java.class.version" value="52.0"/>
    <property name="sun.management.compiler" value="HotSpot 64-Bit Tiered Compilers"/>
    <property name="os.version" value="10.0"/>
    <property name="library.jansi.path" value="C:/Program Files/apache-maven-3.6.0/lib/jansi-native"/>
    <property name="user.home" value="C:\Users\Andreas"/>
    <property name="user.timezone" value="Europe/Berlin"/>
    <property name="java.awt.printerjob" value="sun.awt.windows.WPrinterJob"/>
    <property name="java.specification.version" value="1.8"/>
    <property name="file.encoding" value="Cp1252"/>
    <property name="user.name" value="Andreas"/>
    <property name="java.class.path" value="C:/Program Files/apache-maven-3.6.0/boot/plexus-classworlds-2.5.2.jar"/>
    <property name="java.vm.specification.version" value="1.8"/>
    <property name="sun.arch.data.model" value="64"/>
    <property name="java.home" value="C:\Program Files\Java\jdk1.8.0_201\jre"/>
    <property name="sun.java.command" value="org.codehaus.plexus.classworlds.launcher.Launcher verify"/>
    <property name="java.specification.vendor" value="Oracle Corporation"/>
    <property name="user.language" value="de"/>
    <property name="awt.toolkit" value="sun.awt.windows.WToolkit"/>
    <property name="java.vm.info" value="mixed mode"/>
    <property name="java.version" value="1.8.0_201"/>
    <property name="java.ext.dirs" value="C:\Program Files\Java\jdk1.8.0_201\jre\lib\ext;C:\Windows\Sun\Java\lib\ext"/>
    <property name="sun.boot.class.path" value="C:\Program Files\Java\jdk1.8.0_201\jre\lib\resources.jar;C:\Program Files\Java\jdk1.8.0_201\jre\lib\rt.jar;C:\Program Files\Java\jdk1.8.0_201\jre\lib\sunrsasign.jar;C:\Program Files\Java\jdk1.8.0_201\jre\lib\jsse.jar;C:\Program Files\Java\jdk1.8.0_201\jre\lib\jce.jar;C:\Program Files\Java\jdk1.8.0_201\jre\lib\charsets.jar;C:\Program Files\Java\jdk1.8.0_201\jre\lib\jfr.jar;C:\Program Files\Java\jdk1.8.0_201\jre\classes"/>
    <property name="sun.stderr.encoding" value="cp850"/>
    <property name="java.vendor" value="Oracle Corporation"/>
    <property name="maven.home" value="C:\Program Files\apache-maven-3.6.0"/>
    <property name="file.separator" value="\"/>
    <property name="java.vendor.url.bug" value="http://bugreport.sun.com/bugreport/"/>
    <property name="sun.cpu.endian" value="little"/>
    <property name="sun.io.unicode.encoding" value="UnicodeLittle"/>
    <property name="sun.stdout.encoding" value="cp850"/>
    <property name="sun.desktop" value="windows"/>
    <property name="sun.cpu.isalist" value="amd64"/>
  </properties>
  <testcase classname="Scenario: Check menu entries that are visible as standard user" name="Given I have logged into my account as standard user" time="0.001"/>
  <testcase classname="Scenario: Check menu entries that are visible as standard user" name="When I look at the menu entries" time="0"/>
  <testcase classname="Scenario: Check menu entries that are visible as standard user" name="Then all the menu entries looked for are being displayed" time="0.005">
    <failure message="TestB4U User is displayed" type="java.lang.AssertionError">java.lang.AssertionError: TestB4U User is displayed
	at org.junit.Assert.fail(Assert.java:88)
	at org.junit.Assert.assertTrue(Assert.java:41)
	at de.neusta.b4u.steps.menu.MenuSteps.all_the_menu_entries_looked_for_are_being_displayed(MenuSteps.java:38)
	at ✽.Then all the menu entries looked for are being displayed(accountMenu.feature:10)
</failure>
  </testcase>
  <testcase classname="Scenario: Check menu entries that are visible as standard user" name="Scenario: Check menu entries that are visible as standard user" time="0.005">
    <failure message="TestB4U User is displayed" type="java.lang.AssertionError">java.lang.AssertionError: TestB4U User is displayed
	at org.junit.Assert.fail(Assert.java:88)
	at org.junit.Assert.assertTrue(Assert.java:41)
	at de.neusta.b4u.steps.menu.MenuSteps.all_the_menu_entries_looked_for_are_being_displayed(MenuSteps.java:38)
	at ✽.Then all the menu entries looked for are being displayed(accountMenu.feature:10)
</failure>
  </testcase>
  <testcase classname="Scenario: Check menu entries that are not visible as standard user" name="Given I have logged into my account as standard user" time="0"/>
  <testcase classname="Scenario: Check menu entries that are not visible as standard user" name="When I look at the menu entries" time="0"/>
  <testcase classname="Scenario: Check menu entries that are not visible as standard user" name="Then all the menu entries looked for are not being displayed" time="0"/>
  <testcase classname="Scenario: Check menu entries that are not visible as standard user" name="Scenario: Check menu entries that are not visible as standard user" time="0.123"/>
  <testcase classname="Scenario: Check menu entries that are visible as administrator" name="Given I have logged into my account as admin user" time="0"/>
  <testcase classname="Scenario: Check menu entries that are visible as administrator" name="When I look at the menu entries" time="0"/>
  <testcase classname="Scenario: Check menu entries that are visible as administrator" name="Then all the menu entries looked for are being displayed" time="0.001">
    <failure message="TestB4U Admin is displayed" type="java.lang.AssertionError">java.lang.AssertionError: TestB4U Admin is displayed
	at org.junit.Assert.fail(Assert.java:88)
	at org.junit.Assert.assertTrue(Assert.java:41)
	at de.neusta.b4u.steps.menu.MenuSteps.all_the_menu_entries_looked_for_are_being_displayed(MenuSteps.java:38)
	at ✽.Then all the menu entries looked for are being displayed(accountMenu.feature:32)
</failure>
  </testcase>
  <testcase classname="Scenario: Check menu entries that are visible as administrator" name="Scenario: Check menu entries that are visible as administrator" time="0.001">
    <failure message="TestB4U Admin is displayed" type="java.lang.AssertionError">java.lang.AssertionError: TestB4U Admin is displayed
	at org.junit.Assert.fail(Assert.java:88)
	at org.junit.Assert.assertTrue(Assert.java:41)
	at de.neusta.b4u.steps.menu.MenuSteps.all_the_menu_entries_looked_for_are_being_displayed(MenuSteps.java:38)
	at ✽.Then all the menu entries looked for are being displayed(accountMenu.feature:32)
</failure>
  </testcase>
  <testcase classname="Scenario: Check menu entries addresses" name="Given I have logged into my account as standard user" time="0"/>
  <testcase classname="Scenario: Check menu entries addresses" name="When I look at the menu entry \&quot;navigationView.addresslist.Adressen\&quot;" time="0"/>
  <testcase classname="Scenario: Check menu entries addresses" name="Then all the onmouse over entries looked for are being displayed" time="0.003">
    <error message="no such element: Unable to locate element: {&quot;method&quot;:&quot;id&quot;,&quot;selector&quot;:&quot;navigationView.Adressen.Profil importieren&quot;}
  (Session info: chrome=72.0.3626.81)
  (Driver info: chromedriver=2.46.628388 (4a34a70827ac54148e092aafb70504c4ea7ae926),platform=Linux 4.9.125-linuxkit x86_64) (WARNING: The server did not provide any stacktrace information)
Command duration or timeout: 1.09 seconds
For documentation on this error, please visit: http://seleniumhq.org/exceptions/no_such_element.html
Build info: version: &apos;3.0.1&apos;, revision: &apos;1969d75&apos;, time: &apos;2016-10-18 09:49:13 -0700&apos;
System info: host: &apos;DESKTOP-IN4UB21&apos;, ip: &apos;10.0.75.1&apos;, os.name: &apos;Windows 10&apos;, os.arch: &apos;amd64&apos;, os.version: &apos;10.0&apos;, java.version: &apos;1.8.0_201&apos;
Driver info: org.openqa.selenium.remote.RemoteWebDriver
Capabilities [{mobileEmulationEnabled=false, timeouts={implicit=0, pageLoad=300000, script=30000}, hasTouchScreen=false, platform=LINUX, acceptSslCerts=false, goog:chromeOptions={debuggerAddress=localhost:44899}, acceptInsecureCerts=false, webStorageEnabled=true, browserName=chrome, takesScreenshot=true, javascriptEnabled=true, setWindowRect=true, unexpectedAlertBehaviour=ignore, applicationCacheEnabled=false, rotatable=false, networkConnectionEnabled=false, chrome={chromedriverVersion=2.46.628388 (4a34a70827ac54148e092aafb70504c4ea7ae926), userDataDir=/tmp/.org.chromium.Chromium.I0cUFv}, takesHeapSnapshot=true, pageLoadStrategy=normal, strictFileInteractability=false, databaseEnabled=false, handlesAlerts=true, version=72.0.3626.81, browserConnectionEnabled=false, proxy={}, nativeEvents=true, webdriver.remote.sessionid=f107d96fe096bebb1f69e12df8afeff9, locationContextEnabled=true, cssSelectorsEnabled=true}]
Session ID: f107d96fe096bebb1f69e12df8afeff9
*** Element info: {Using=id, value=navigationView.Adressen.Profil importieren}" type="org.openqa.selenium.NoSuchElementException">org.openqa.selenium.NoSuchElementException: no such element: Unable to locate element: {&quot;method&quot;:&quot;id&quot;,&quot;selector&quot;:&quot;navigationView.Adressen.Profil importieren&quot;}
  (Session info: chrome=72.0.3626.81)
  (Driver info: chromedriver=2.46.628388 (4a34a70827ac54148e092aafb70504c4ea7ae926),platform=Linux 4.9.125-linuxkit x86_64) (WARNING: The server did not provide any stacktrace information)
Command duration or timeout: 1.09 seconds
For documentation on this error, please visit: http://seleniumhq.org/exceptions/no_such_element.html
Build info: version: &apos;3.0.1&apos;, revision: &apos;1969d75&apos;, time: &apos;2016-10-18 09:49:13 -0700&apos;
System info: host: &apos;DESKTOP-IN4UB21&apos;, ip: &apos;10.0.75.1&apos;, os.name: &apos;Windows 10&apos;, os.arch: &apos;amd64&apos;, os.version: &apos;10.0&apos;, java.version: &apos;1.8.0_201&apos;
Driver info: org.openqa.selenium.remote.RemoteWebDriver
Capabilities [{mobileEmulationEnabled=false, timeouts={implicit=0, pageLoad=300000, script=30000}, hasTouchScreen=false, platform=LINUX, acceptSslCerts=false, goog:chromeOptions={debuggerAddress=localhost:44899}, acceptInsecureCerts=false, webStorageEnabled=true, browserName=chrome, takesScreenshot=true, javascriptEnabled=true, setWindowRect=true, unexpectedAlertBehaviour=ignore, applicationCacheEnabled=false, rotatable=false, networkConnectionEnabled=false, chrome={chromedriverVersion=2.46.628388 (4a34a70827ac54148e092aafb70504c4ea7ae926), userDataDir=/tmp/.org.chromium.Chromium.I0cUFv}, takesHeapSnapshot=true, pageLoadStrategy=normal, strictFileInteractability=false, databaseEnabled=false, handlesAlerts=true, version=72.0.3626.81, browserConnectionEnabled=false, proxy={}, nativeEvents=true, webdriver.remote.sessionid=f107d96fe096bebb1f69e12df8afeff9, locationContextEnabled=true, cssSelectorsEnabled=true}]
Session ID: f107d96fe096bebb1f69e12df8afeff9
*** Element info: {Using=id, value=navigationView.Adressen.Profil importieren}
	at sun.reflect.NativeConstructorAccessorImpl.newInstance0(Native Method)
	at sun.reflect.NativeConstructorAccessorImpl.newInstance(NativeConstructorAccessorImpl.java:62)
	at sun.reflect.DelegatingConstructorAccessorImpl.newInstance(DelegatingConstructorAccessorImpl.java:45)
	at java.lang.reflect.Constructor.newInstance(Constructor.java:423)
	at org.openqa.selenium.remote.ErrorHandler.createThrowable(ErrorHandler.java:216)
	at org.openqa.selenium.remote.ErrorHandler.throwIfResponseFailed(ErrorHandler.java:168)
	at org.openqa.selenium.remote.RemoteWebDriver.execute(RemoteWebDriver.java:635)
	at org.openqa.selenium.remote.RemoteWebDriver.findElement(RemoteWebDriver.java:368)
	at org.openqa.selenium.remote.RemoteWebDriver.findElementById(RemoteWebDriver.java:417)
	at org.openqa.selenium.By$ById.findElement(By.java:218)
	at org.openqa.selenium.remote.RemoteWebDriver.findElement(RemoteWebDriver.java:360)
	at de.neusta.b4u.steps.menu.MenuSteps.all_the_onmouse_over_entries_looked_for_are_being_displayed(MenuSteps.java:66)
	at ✽.Then all the onmouse over entries looked for are being displayed(accountMenuAddresses.feature:11)
</error>
  </testcase>
  <testcase classname="Scenario: Check menu entries addresses" name="Scenario: Check menu entries addresses" time="0.005">
    <error message="no such element: Unable to locate element: {&quot;method&quot;:&quot;id&quot;,&quot;selector&quot;:&quot;navigationView.Adressen.Profil importieren&quot;}
  (Session info: chrome=72.0.3626.81)
  (Driver info: chromedriver=2.46.628388 (4a34a70827ac54148e092aafb70504c4ea7ae926),platform=Linux 4.9.125-linuxkit x86_64) (WARNING: The server did not provide any stacktrace information)
Command duration or timeout: 1.09 seconds
For documentation on this error, please visit: http://seleniumhq.org/exceptions/no_such_element.html
Build info: version: &apos;3.0.1&apos;, revision: &apos;1969d75&apos;, time: &apos;2016-10-18 09:49:13 -0700&apos;
System info: host: &apos;DESKTOP-IN4UB21&apos;, ip: &apos;10.0.75.1&apos;, os.name: &apos;Windows 10&apos;, os.arch: &apos;amd64&apos;, os.version: &apos;10.0&apos;, java.version: &apos;1.8.0_201&apos;
Driver info: org.openqa.selenium.remote.RemoteWebDriver
Capabilities [{mobileEmulationEnabled=false, timeouts={implicit=0, pageLoad=300000, script=30000}, hasTouchScreen=false, platform=LINUX, acceptSslCerts=false, goog:chromeOptions={debuggerAddress=localhost:44899}, acceptInsecureCerts=false, webStorageEnabled=true, browserName=chrome, takesScreenshot=true, javascriptEnabled=true, setWindowRect=true, unexpectedAlertBehaviour=ignore, applicationCacheEnabled=false, rotatable=false, networkConnectionEnabled=false, chrome={chromedriverVersion=2.46.628388 (4a34a70827ac54148e092aafb70504c4ea7ae926), userDataDir=/tmp/.org.chromium.Chromium.I0cUFv}, takesHeapSnapshot=true, pageLoadStrategy=normal, strictFileInteractability=false, databaseEnabled=false, handlesAlerts=true, version=72.0.3626.81, browserConnectionEnabled=false, proxy={}, nativeEvents=true, webdriver.remote.sessionid=f107d96fe096bebb1f69e12df8afeff9, locationContextEnabled=true, cssSelectorsEnabled=true}]
Session ID: f107d96fe096bebb1f69e12df8afeff9
*** Element info: {Using=id, value=navigationView.Adressen.Profil importieren}" type="org.openqa.selenium.NoSuchElementException">org.openqa.selenium.NoSuchElementException: no such element: Unable to locate element: {&quot;method&quot;:&quot;id&quot;,&quot;selector&quot;:&quot;navigationView.Adressen.Profil importieren&quot;}
  (Session info: chrome=72.0.3626.81)
  (Driver info: chromedriver=2.46.628388 (4a34a70827ac54148e092aafb70504c4ea7ae926),platform=Linux 4.9.125-linuxkit x86_64) (WARNING: The server did not provide any stacktrace information)
Command duration or timeout: 1.09 seconds
For documentation on this error, please visit: http://seleniumhq.org/exceptions/no_such_element.html
Build info: version: &apos;3.0.1&apos;, revision: &apos;1969d75&apos;, time: &apos;2016-10-18 09:49:13 -0700&apos;
System info: host: &apos;DESKTOP-IN4UB21&apos;, ip: &apos;10.0.75.1&apos;, os.name: &apos;Windows 10&apos;, os.arch: &apos;amd64&apos;, os.version: &apos;10.0&apos;, java.version: &apos;1.8.0_201&apos;
Driver info: org.openqa.selenium.remote.RemoteWebDriver
Capabilities [{mobileEmulationEnabled=false, timeouts={implicit=0, pageLoad=300000, script=30000}, hasTouchScreen=false, platform=LINUX, acceptSslCerts=false, goog:chromeOptions={debuggerAddress=localhost:44899}, acceptInsecureCerts=false, webStorageEnabled=true, browserName=chrome, takesScreenshot=true, javascriptEnabled=true, setWindowRect=true, unexpectedAlertBehaviour=ignore, applicationCacheEnabled=false, rotatable=false, networkConnectionEnabled=false, chrome={chromedriverVersion=2.46.628388 (4a34a70827ac54148e092aafb70504c4ea7ae926), userDataDir=/tmp/.org.chromium.Chromium.I0cUFv}, takesHeapSnapshot=true, pageLoadStrategy=normal, strictFileInteractability=false, databaseEnabled=false, handlesAlerts=true, version=72.0.3626.81, browserConnectionEnabled=false, proxy={}, nativeEvents=true, webdriver.remote.sessionid=f107d96fe096bebb1f69e12df8afeff9, locationContextEnabled=true, cssSelectorsEnabled=true}]
Session ID: f107d96fe096bebb1f69e12df8afeff9
*** Element info: {Using=id, value=navigationView.Adressen.Profil importieren}
	at sun.reflect.NativeConstructorAccessorImpl.newInstance0(Native Method)
	at sun.reflect.NativeConstructorAccessorImpl.newInstance(NativeConstructorAccessorImpl.java:62)
	at sun.reflect.DelegatingConstructorAccessorImpl.newInstance(DelegatingConstructorAccessorImpl.java:45)
	at java.lang.reflect.Constructor.newInstance(Constructor.java:423)
	at org.openqa.selenium.remote.ErrorHandler.createThrowable(ErrorHandler.java:216)
	at org.openqa.selenium.remote.ErrorHandler.throwIfResponseFailed(ErrorHandler.java:168)
	at org.openqa.selenium.remote.RemoteWebDriver.execute(RemoteWebDriver.java:635)
	at org.openqa.selenium.remote.RemoteWebDriver.findElement(RemoteWebDriver.java:368)
	at org.openqa.selenium.remote.RemoteWebDriver.findElementById(RemoteWebDriver.java:417)
	at org.openqa.selenium.By$ById.findElement(By.java:218)
	at org.openqa.selenium.remote.RemoteWebDriver.findElement(RemoteWebDriver.java:360)
	at de.neusta.b4u.steps.menu.MenuSteps.all_the_onmouse_over_entries_looked_for_are_being_displayed(MenuSteps.java:66)
	at ✽.Then all the onmouse over entries looked for are being displayed(accountMenuAddresses.feature:11)
</error>
  </testcase>
  <testcase classname="| Person Alle | navigationView.Adressen.Person Alle | \/addresslist\/person |" name="Given I have logged into my account as standard user" time="0"/>
  <testcase classname="| Person Alle | navigationView.Adressen.Person Alle | \/addresslist\/person |" name="When I look at the menu entry \&quot;navigationView.addresslist.Adressen\&quot;" time="0"/>
  <testcase classname="| Person Alle | navigationView.Adressen.Person Alle | \/addresslist\/person |" name="And I click on the menu entry \&quot;navigationView.Adressen.Person Alle\&quot;" time="0"/>
  <testcase classname="| Person Alle | navigationView.Adressen.Person Alle | \/addresslist\/person |" name="Then the target page is being displayed \&quot;\/addresslist\/person\&quot;" time="0"/>
  <testcase classname="| Person Alle | navigationView.Adressen.Person Alle | \/addresslist\/person |" name="| Person Alle | navigationView.Adressen.Person Alle | \/addresslist\/person |" time="0.178"/>
  <testcase classname="| Firma Alle | navigationView.Adressen.Firma Alle | \/addresslist\/company |" name="Given I have logged into my account as standard user" time="0"/>
  <testcase classname="| Firma Alle | navigationView.Adressen.Firma Alle | \/addresslist\/company |" name="When I look at the menu entry \&quot;navigationView.addresslist.Adressen\&quot;" time="0"/>
  <testcase classname="| Firma Alle | navigationView.Adressen.Firma Alle | \/addresslist\/company |" name="And I click on the menu entry \&quot;navigationView.Adressen.Firma Alle\&quot;" time="0"/>
  <testcase classname="| Firma Alle | navigationView.Adressen.Firma Alle | \/addresslist\/company |" name="Then the target page is being displayed \&quot;\/addresslist\/company\&quot;" time="0"/>
  <testcase classname="| Firma Alle | navigationView.Adressen.Firma Alle | \/addresslist\/company |" name="| Firma Alle | navigationView.Adressen.Firma Alle | \/addresslist\/company |" time="0.07"/>
  <testcase classname="| Person Neu | navigationView.Adressen.Person Neu | \/person\/create |" name="Given I have logged into my account as standard user" time="0"/>
  <testcase classname="| Person Neu | navigationView.Adressen.Person Neu | \/person\/create |" name="When I look at the menu entry \&quot;navigationView.addresslist.Adressen\&quot;" time="0"/>
  <testcase classname="| Person Neu | navigationView.Adressen.Person Neu | \/person\/create |" name="And I click on the menu entry \&quot;navigationView.Adressen.Person Neu\&quot;" time="0"/>
  <testcase classname="| Person Neu | navigationView.Adressen.Person Neu | \/person\/create |" name="Then the target page is being displayed \&quot;\/person\/create\&quot;" time="0"/>
  <testcase classname="| Person Neu | navigationView.Adressen.Person Neu | \/person\/create |" name="| Person Neu | navigationView.Adressen.Person Neu | \/person\/create |" time="0.126"/>
  <testcase classname="| Firma Neu | navigationView.Adressen.Firma Neu | \/company\/create |" name="Given I have logged into my account as standard user" time="0"/>
  <testcase classname="| Firma Neu | navigationView.Adressen.Firma Neu | \/company\/create |" name="When I look at the menu entry \&quot;navigationView.addresslist.Adressen\&quot;" time="0"/>
  <testcase classname="| Firma Neu | navigationView.Adressen.Firma Neu | \/company\/create |" name="And I click on the menu entry \&quot;navigationView.Adressen.Firma Neu\&quot;" time="0"/>
  <testcase classname="| Firma Neu | navigationView.Adressen.Firma Neu | \/company\/create |" name="Then the target page is being displayed \&quot;\/company\/create\&quot;" time="0"/>
  <testcase classname="| Firma Neu | navigationView.Adressen.Firma Neu | \/company\/create |" name="| Firma Neu | navigationView.Adressen.Firma Neu | \/company\/create |" time="0.074"/>
  <testcase classname="| Profil importieren | navigationView.Adressen.Profil importieren | \/profile\/create |" name="Given I have logged into my account as standard user" time="0"/>
  <testcase classname="| Profil importieren | navigationView.Adressen.Profil importieren | \/profile\/create |" name="When I look at the menu entry \&quot;navigationView.addresslist.Adressen\&quot;" time="0"/>
  <testcase classname="| Profil importieren | navigationView.Adressen.Profil importieren | \/profile\/create |" name="And I click on the menu entry \&quot;navigationView.Adressen.Profil importieren\&quot;" time="0.002">
    <error message="no such element: Unable to locate element: {&quot;method&quot;:&quot;id&quot;,&quot;selector&quot;:&quot;navigationView.Adressen.Profil importieren&quot;}
  (Session info: chrome=72.0.3626.81)
  (Driver info: chromedriver=2.46.628388 (4a34a70827ac54148e092aafb70504c4ea7ae926),platform=Linux 4.9.125-linuxkit x86_64) (WARNING: The server did not provide any stacktrace information)
Command duration or timeout: 1.03 seconds
For documentation on this error, please visit: http://seleniumhq.org/exceptions/no_such_element.html
Build info: version: &apos;3.0.1&apos;, revision: &apos;1969d75&apos;, time: &apos;2016-10-18 09:49:13 -0700&apos;
System info: host: &apos;DESKTOP-IN4UB21&apos;, ip: &apos;10.0.75.1&apos;, os.name: &apos;Windows 10&apos;, os.arch: &apos;amd64&apos;, os.version: &apos;10.0&apos;, java.version: &apos;1.8.0_201&apos;
Driver info: org.openqa.selenium.remote.RemoteWebDriver
Capabilities [{mobileEmulationEnabled=false, timeouts={implicit=0, pageLoad=300000, script=30000}, hasTouchScreen=false, platform=LINUX, acceptSslCerts=false, goog:chromeOptions={debuggerAddress=localhost:45495}, acceptInsecureCerts=false, webStorageEnabled=true, browserName=chrome, takesScreenshot=true, javascriptEnabled=true, setWindowRect=true, unexpectedAlertBehaviour=ignore, applicationCacheEnabled=false, rotatable=false, networkConnectionEnabled=false, chrome={chromedriverVersion=2.46.628388 (4a34a70827ac54148e092aafb70504c4ea7ae926), userDataDir=/tmp/.org.chromium.Chromium.29kGnu}, takesHeapSnapshot=true, pageLoadStrategy=normal, strictFileInteractability=false, databaseEnabled=false, handlesAlerts=true, version=72.0.3626.81, browserConnectionEnabled=false, proxy={}, nativeEvents=true, webdriver.remote.sessionid=64b9d6d3cb93c802afea9d85dcd3eca0, locationContextEnabled=true, cssSelectorsEnabled=true}]
Session ID: 64b9d6d3cb93c802afea9d85dcd3eca0
*** Element info: {Using=id, value=navigationView.Adressen.Profil importieren}" type="org.openqa.selenium.NoSuchElementException">org.openqa.selenium.NoSuchElementException: no such element: Unable to locate element: {&quot;method&quot;:&quot;id&quot;,&quot;selector&quot;:&quot;navigationView.Adressen.Profil importieren&quot;}
  (Session info: chrome=72.0.3626.81)
  (Driver info: chromedriver=2.46.628388 (4a34a70827ac54148e092aafb70504c4ea7ae926),platform=Linux 4.9.125-linuxkit x86_64) (WARNING: The server did not provide any stacktrace information)
Command duration or timeout: 1.03 seconds
For documentation on this error, please visit: http://seleniumhq.org/exceptions/no_such_element.html
Build info: version: &apos;3.0.1&apos;, revision: &apos;1969d75&apos;, time: &apos;2016-10-18 09:49:13 -0700&apos;
System info: host: &apos;DESKTOP-IN4UB21&apos;, ip: &apos;10.0.75.1&apos;, os.name: &apos;Windows 10&apos;, os.arch: &apos;amd64&apos;, os.version: &apos;10.0&apos;, java.version: &apos;1.8.0_201&apos;
Driver info: org.openqa.selenium.remote.RemoteWebDriver
Capabilities [{mobileEmulationEnabled=false, timeouts={implicit=0, pageLoad=300000, script=30000}, hasTouchScreen=false, platform=LINUX, acceptSslCerts=false, goog:chromeOptions={debuggerAddress=localhost:45495}, acceptInsecureCerts=false, webStorageEnabled=true, browserName=chrome, takesScreenshot=true, javascriptEnabled=true, setWindowRect=true, unexpectedAlertBehaviour=ignore, applicationCacheEnabled=false, rotatable=false, networkConnectionEnabled=false, chrome={chromedriverVersion=2.46.628388 (4a34a70827ac54148e092aafb70504c4ea7ae926), userDataDir=/tmp/.org.chromium.Chromium.29kGnu}, takesHeapSnapshot=true, pageLoadStrategy=normal, strictFileInteractability=false, databaseEnabled=false, handlesAlerts=true, version=72.0.3626.81, browserConnectionEnabled=false, proxy={}, nativeEvents=true, webdriver.remote.sessionid=64b9d6d3cb93c802afea9d85dcd3eca0, locationContextEnabled=true, cssSelectorsEnabled=true}]
Session ID: 64b9d6d3cb93c802afea9d85dcd3eca0
*** Element info: {Using=id, value=navigationView.Adressen.Profil importieren}
	at sun.reflect.NativeConstructorAccessorImpl.newInstance0(Native Method)
	at sun.reflect.NativeConstructorAccessorImpl.newInstance(NativeConstructorAccessorImpl.java:62)
	at sun.reflect.DelegatingConstructorAccessorImpl.newInstance(DelegatingConstructorAccessorImpl.java:45)
	at java.lang.reflect.Constructor.newInstance(Constructor.java:423)
	at org.openqa.selenium.remote.ErrorHandler.createThrowable(ErrorHandler.java:216)
	at org.openqa.selenium.remote.ErrorHandler.throwIfResponseFailed(ErrorHandler.java:168)
	at org.openqa.selenium.remote.RemoteWebDriver.execute(RemoteWebDriver.java:635)
	at org.openqa.selenium.remote.RemoteWebDriver.findElement(RemoteWebDriver.java:368)
	at org.openqa.selenium.remote.RemoteWebDriver.findElementById(RemoteWebDriver.java:417)
	at org.openqa.selenium.By$ById.findElement(By.java:218)
	at org.openqa.selenium.remote.RemoteWebDriver.findElement(RemoteWebDriver.java:360)
	at de.neusta.b4u.steps.menu.MenuSteps.i_click_on_the_menu_entry(MenuSteps.java:52)
	at ✽.And I click on the menu entry &quot;navigationView.Adressen.Profil importieren&quot;(accountMenuAddresses.feature:22)
</error>
  </testcase>
  <testcase classname="| Profil importieren | navigationView.Adressen.Profil importieren | \/profile\/create |" name="| Profil importieren | navigationView.Adressen.Profil importieren | \/profile\/create |" time="0.004">
    <error message="no such element: Unable to locate element: {&quot;method&quot;:&quot;id&quot;,&quot;selector&quot;:&quot;navigationView.Adressen.Profil importieren&quot;}
  (Session info: chrome=72.0.3626.81)
  (Driver info: chromedriver=2.46.628388 (4a34a70827ac54148e092aafb70504c4ea7ae926),platform=Linux 4.9.125-linuxkit x86_64) (WARNING: The server did not provide any stacktrace information)
Command duration or timeout: 1.03 seconds
For documentation on this error, please visit: http://seleniumhq.org/exceptions/no_such_element.html
Build info: version: &apos;3.0.1&apos;, revision: &apos;1969d75&apos;, time: &apos;2016-10-18 09:49:13 -0700&apos;
System info: host: &apos;DESKTOP-IN4UB21&apos;, ip: &apos;10.0.75.1&apos;, os.name: &apos;Windows 10&apos;, os.arch: &apos;amd64&apos;, os.version: &apos;10.0&apos;, java.version: &apos;1.8.0_201&apos;
Driver info: org.openqa.selenium.remote.RemoteWebDriver
Capabilities [{mobileEmulationEnabled=false, timeouts={implicit=0, pageLoad=300000, script=30000}, hasTouchScreen=false, platform=LINUX, acceptSslCerts=false, goog:chromeOptions={debuggerAddress=localhost:45495}, acceptInsecureCerts=false, webStorageEnabled=true, browserName=chrome, takesScreenshot=true, javascriptEnabled=true, setWindowRect=true, unexpectedAlertBehaviour=ignore, applicationCacheEnabled=false, rotatable=false, networkConnectionEnabled=false, chrome={chromedriverVersion=2.46.628388 (4a34a70827ac54148e092aafb70504c4ea7ae926), userDataDir=/tmp/.org.chromium.Chromium.29kGnu}, takesHeapSnapshot=true, pageLoadStrategy=normal, strictFileInteractability=false, databaseEnabled=false, handlesAlerts=true, version=72.0.3626.81, browserConnectionEnabled=false, proxy={}, nativeEvents=true, webdriver.remote.sessionid=64b9d6d3cb93c802afea9d85dcd3eca0, locationContextEnabled=true, cssSelectorsEnabled=true}]
Session ID: 64b9d6d3cb93c802afea9d85dcd3eca0
*** Element info: {Using=id, value=navigationView.Adressen.Profil importieren}" type="org.openqa.selenium.NoSuchElementException">org.openqa.selenium.NoSuchElementException: no such element: Unable to locate element: {&quot;method&quot;:&quot;id&quot;,&quot;selector&quot;:&quot;navigationView.Adressen.Profil importieren&quot;}
  (Session info: chrome=72.0.3626.81)
  (Driver info: chromedriver=2.46.628388 (4a34a70827ac54148e092aafb70504c4ea7ae926),platform=Linux 4.9.125-linuxkit x86_64) (WARNING: The server did not provide any stacktrace information)
Command duration or timeout: 1.03 seconds
For documentation on this error, please visit: http://seleniumhq.org/exceptions/no_such_element.html
Build info: version: &apos;3.0.1&apos;, revision: &apos;1969d75&apos;, time: &apos;2016-10-18 09:49:13 -0700&apos;
System info: host: &apos;DESKTOP-IN4UB21&apos;, ip: &apos;10.0.75.1&apos;, os.name: &apos;Windows 10&apos;, os.arch: &apos;amd64&apos;, os.version: &apos;10.0&apos;, java.version: &apos;1.8.0_201&apos;
Driver info: org.openqa.selenium.remote.RemoteWebDriver
Capabilities [{mobileEmulationEnabled=false, timeouts={implicit=0, pageLoad=300000, script=30000}, hasTouchScreen=false, platform=LINUX, acceptSslCerts=false, goog:chromeOptions={debuggerAddress=localhost:45495}, acceptInsecureCerts=false, webStorageEnabled=true, browserName=chrome, takesScreenshot=true, javascriptEnabled=true, setWindowRect=true, unexpectedAlertBehaviour=ignore, applicationCacheEnabled=false, rotatable=false, networkConnectionEnabled=false, chrome={chromedriverVersion=2.46.628388 (4a34a70827ac54148e092aafb70504c4ea7ae926), userDataDir=/tmp/.org.chromium.Chromium.29kGnu}, takesHeapSnapshot=true, pageLoadStrategy=normal, strictFileInteractability=false, databaseEnabled=false, handlesAlerts=true, version=72.0.3626.81, browserConnectionEnabled=false, proxy={}, nativeEvents=true, webdriver.remote.sessionid=64b9d6d3cb93c802afea9d85dcd3eca0, locationContextEnabled=true, cssSelectorsEnabled=true}]
Session ID: 64b9d6d3cb93c802afea9d85dcd3eca0
*** Element info: {Using=id, value=navigationView.Adressen.Profil importieren}
	at sun.reflect.NativeConstructorAccessorImpl.newInstance0(Native Method)
	at sun.reflect.NativeConstructorAccessorImpl.newInstance(NativeConstructorAccessorImpl.java:62)
	at sun.reflect.DelegatingConstructorAccessorImpl.newInstance(DelegatingConstructorAccessorImpl.java:45)
	at java.lang.reflect.Constructor.newInstance(Constructor.java:423)
	at org.openqa.selenium.remote.ErrorHandler.createThrowable(ErrorHandler.java:216)
	at org.openqa.selenium.remote.ErrorHandler.throwIfResponseFailed(ErrorHandler.java:168)
	at org.openqa.selenium.remote.RemoteWebDriver.execute(RemoteWebDriver.java:635)
	at org.openqa.selenium.remote.RemoteWebDriver.findElement(RemoteWebDriver.java:368)
	at org.openqa.selenium.remote.RemoteWebDriver.findElementById(RemoteWebDriver.java:417)
	at org.openqa.selenium.By$ById.findElement(By.java:218)
	at org.openqa.selenium.remote.RemoteWebDriver.findElement(RemoteWebDriver.java:360)
	at de.neusta.b4u.steps.menu.MenuSteps.i_click_on_the_menu_entry(MenuSteps.java:52)
	at ✽.And I click on the menu entry &quot;navigationView.Adressen.Profil importieren&quot;(accountMenuAddresses.feature:22)
</error>
  </testcase>
  <testcase classname="| Profil importieren | navigationView.Adressen.Profil importieren | \/profile\/create |" name="Then the target page is being displayed \&quot;\/profile\/create\&quot;" time="0.005">
    <skipped/>
  </testcase>
  <testcase classname="Scenario: Check elements addresses menu company all" name="Given I have logged into my account as standard user" time="0"/>
  <testcase classname="Scenario: Check elements addresses menu company all" name="When I am on the company address list page" time="0"/>
  <testcase classname="Scenario: Check elements addresses menu company all" name="Then all the elements looked for are being displayed" time="0.001">
    <failure message="companyAddressTableView.nameOrId is displayed" type="java.lang.AssertionError">java.lang.AssertionError: companyAddressTableView.nameOrId is displayed
	at org.junit.Assert.fail(Assert.java:88)
	at org.junit.Assert.assertTrue(Assert.java:41)
	at de.neusta.b4u.steps.BaseSteps.all_the_elements_looked_for_are_being_displayed(BaseSteps.java:66)
	at ✽.Then all the elements looked for are being displayed(accountMenuAddressesCompanyAll.feature:10)
</failure>
  </testcase>
  <testcase classname="Scenario: Check elements addresses menu company all" name="Scenario: Check elements addresses menu company all" time="0.001">
    <failure message="companyAddressTableView.nameOrId is displayed" type="java.lang.AssertionError">java.lang.AssertionError: companyAddressTableView.nameOrId is displayed
	at org.junit.Assert.fail(Assert.java:88)
	at org.junit.Assert.assertTrue(Assert.java:41)
	at de.neusta.b4u.steps.BaseSteps.all_the_elements_looked_for_are_being_displayed(BaseSteps.java:66)
	at ✽.Then all the elements looked for are being displayed(accountMenuAddressesCompanyAll.feature:10)
</failure>
  </testcase>
  <testcase classname="Scenario: Check dropdown entries addresses menu company all" name="Given I have logged into my account as standard user" time="0"/>
  <testcase classname="Scenario: Check dropdown entries addresses menu company all" name="When I am on the company address list page" time="0"/>
  <testcase classname="Scenario: Check dropdown entries addresses menu company all" name="Then the dropdown menu \&quot;companyAddressTableView.contactTypes\&quot; contains the following items" time="0.002">
    <error message="no such element: Unable to locate element: {&quot;method&quot;:&quot;id&quot;,&quot;selector&quot;:&quot;companyAddressTableView.contactTypes&quot;}
  (Session info: chrome=72.0.3626.81)
  (Driver info: chromedriver=2.46.628388 (4a34a70827ac54148e092aafb70504c4ea7ae926),platform=Linux 4.9.125-linuxkit x86_64) (WARNING: The server did not provide any stacktrace information)
Command duration or timeout: 1.03 seconds
For documentation on this error, please visit: http://seleniumhq.org/exceptions/no_such_element.html
Build info: version: &apos;3.0.1&apos;, revision: &apos;1969d75&apos;, time: &apos;2016-10-18 09:49:13 -0700&apos;
System info: host: &apos;DESKTOP-IN4UB21&apos;, ip: &apos;10.0.75.1&apos;, os.name: &apos;Windows 10&apos;, os.arch: &apos;amd64&apos;, os.version: &apos;10.0&apos;, java.version: &apos;1.8.0_201&apos;
Driver info: org.openqa.selenium.remote.RemoteWebDriver
Capabilities [{mobileEmulationEnabled=false, timeouts={implicit=0, pageLoad=300000, script=30000}, hasTouchScreen=false, platform=LINUX, acceptSslCerts=false, goog:chromeOptions={debuggerAddress=localhost:35511}, acceptInsecureCerts=false, webStorageEnabled=true, browserName=chrome, takesScreenshot=true, javascriptEnabled=true, setWindowRect=true, unexpectedAlertBehaviour=ignore, applicationCacheEnabled=false, rotatable=false, networkConnectionEnabled=false, chrome={chromedriverVersion=2.46.628388 (4a34a70827ac54148e092aafb70504c4ea7ae926), userDataDir=/tmp/.org.chromium.Chromium.k3CfcY}, takesHeapSnapshot=true, pageLoadStrategy=normal, strictFileInteractability=false, databaseEnabled=false, handlesAlerts=true, version=72.0.3626.81, browserConnectionEnabled=false, proxy={}, nativeEvents=true, webdriver.remote.sessionid=6dcf75fc8a1eae216bb9aa8d4455e009, locationContextEnabled=true, cssSelectorsEnabled=true}]
Session ID: 6dcf75fc8a1eae216bb9aa8d4455e009
*** Element info: {Using=id, value=companyAddressTableView.contactTypes}" type="org.openqa.selenium.NoSuchElementException">org.openqa.selenium.NoSuchElementException: no such element: Unable to locate element: {&quot;method&quot;:&quot;id&quot;,&quot;selector&quot;:&quot;companyAddressTableView.contactTypes&quot;}
  (Session info: chrome=72.0.3626.81)
  (Driver info: chromedriver=2.46.628388 (4a34a70827ac54148e092aafb70504c4ea7ae926),platform=Linux 4.9.125-linuxkit x86_64) (WARNING: The server did not provide any stacktrace information)
Command duration or timeout: 1.03 seconds
For documentation on this error, please visit: http://seleniumhq.org/exceptions/no_such_element.html
Build info: version: &apos;3.0.1&apos;, revision: &apos;1969d75&apos;, time: &apos;2016-10-18 09:49:13 -0700&apos;
System info: host: &apos;DESKTOP-IN4UB21&apos;, ip: &apos;10.0.75.1&apos;, os.name: &apos;Windows 10&apos;, os.arch: &apos;amd64&apos;, os.version: &apos;10.0&apos;, java.version: &apos;1.8.0_201&apos;
Driver info: org.openqa.selenium.remote.RemoteWebDriver
Capabilities [{mobileEmulationEnabled=false, timeouts={implicit=0, pageLoad=300000, script=30000}, hasTouchScreen=false, platform=LINUX, acceptSslCerts=false, goog:chromeOptions={debuggerAddress=localhost:35511}, acceptInsecureCerts=false, webStorageEnabled=true, browserName=chrome, takesScreenshot=true, javascriptEnabled=true, setWindowRect=true, unexpectedAlertBehaviour=ignore, applicationCacheEnabled=false, rotatable=false, networkConnectionEnabled=false, chrome={chromedriverVersion=2.46.628388 (4a34a70827ac54148e092aafb70504c4ea7ae926), userDataDir=/tmp/.org.chromium.Chromium.k3CfcY}, takesHeapSnapshot=true, pageLoadStrategy=normal, strictFileInteractability=false, databaseEnabled=false, handlesAlerts=true, version=72.0.3626.81, browserConnectionEnabled=false, proxy={}, nativeEvents=true, webdriver.remote.sessionid=6dcf75fc8a1eae216bb9aa8d4455e009, locationContextEnabled=true, cssSelectorsEnabled=true}]
Session ID: 6dcf75fc8a1eae216bb9aa8d4455e009
*** Element info: {Using=id, value=companyAddressTableView.contactTypes}
	at sun.reflect.NativeConstructorAccessorImpl.newInstance0(Native Method)
	at sun.reflect.NativeConstructorAccessorImpl.newInstance(NativeConstructorAccessorImpl.java:62)
	at sun.reflect.DelegatingConstructorAccessorImpl.newInstance(DelegatingConstructorAccessorImpl.java:45)
	at java.lang.reflect.Constructor.newInstance(Constructor.java:423)
	at org.openqa.selenium.remote.ErrorHandler.createThrowable(ErrorHandler.java:216)
	at org.openqa.selenium.remote.ErrorHandler.throwIfResponseFailed(ErrorHandler.java:168)
	at org.openqa.selenium.remote.RemoteWebDriver.execute(RemoteWebDriver.java:635)
	at org.openqa.selenium.remote.RemoteWebDriver.findElement(RemoteWebDriver.java:368)
	at org.openqa.selenium.remote.RemoteWebDriver.findElementById(RemoteWebDriver.java:417)
	at org.openqa.selenium.By$ById.findElement(By.java:218)
	at org.openqa.selenium.remote.RemoteWebDriver.findElement(RemoteWebDriver.java:360)
	at de.neusta.b4u.steps.BaseSteps.the_dropdown_menu_contains_the_following_items(BaseSteps.java:72)
	at ✽.Then the dropdown menu &quot;companyAddressTableView.contactTypes&quot; contains the following items(accountMenuAddressesCompanyAll.feature:27)
</error>
  </testcase>
  <testcase classname="Scenario: Check dropdown entries addresses menu company all" name="Scenario: Check dropdown entries addresses menu company all" time="0.004">
    <error message="no such element: Unable to locate element: {&quot;method&quot;:&quot;id&quot;,&quot;selector&quot;:&quot;companyAddressTableView.contactTypes&quot;}
  (Session info: chrome=72.0.3626.81)
  (Driver info: chromedriver=2.46.628388 (4a34a70827ac54148e092aafb70504c4ea7ae926),platform=Linux 4.9.125-linuxkit x86_64) (WARNING: The server did not provide any stacktrace information)
Command duration or timeout: 1.03 seconds
For documentation on this error, please visit: http://seleniumhq.org/exceptions/no_such_element.html
Build info: version: &apos;3.0.1&apos;, revision: &apos;1969d75&apos;, time: &apos;2016-10-18 09:49:13 -0700&apos;
System info: host: &apos;DESKTOP-IN4UB21&apos;, ip: &apos;10.0.75.1&apos;, os.name: &apos;Windows 10&apos;, os.arch: &apos;amd64&apos;, os.version: &apos;10.0&apos;, java.version: &apos;1.8.0_201&apos;
Driver info: org.openqa.selenium.remote.RemoteWebDriver
Capabilities [{mobileEmulationEnabled=false, timeouts={implicit=0, pageLoad=300000, script=30000}, hasTouchScreen=false, platform=LINUX, acceptSslCerts=false, goog:chromeOptions={debuggerAddress=localhost:35511}, acceptInsecureCerts=false, webStorageEnabled=true, browserName=chrome, takesScreenshot=true, javascriptEnabled=true, setWindowRect=true, unexpectedAlertBehaviour=ignore, applicationCacheEnabled=false, rotatable=false, networkConnectionEnabled=false, chrome={chromedriverVersion=2.46.628388 (4a34a70827ac54148e092aafb70504c4ea7ae926), userDataDir=/tmp/.org.chromium.Chromium.k3CfcY}, takesHeapSnapshot=true, pageLoadStrategy=normal, strictFileInteractability=false, databaseEnabled=false, handlesAlerts=true, version=72.0.3626.81, browserConnectionEnabled=false, proxy={}, nativeEvents=true, webdriver.remote.sessionid=6dcf75fc8a1eae216bb9aa8d4455e009, locationContextEnabled=true, cssSelectorsEnabled=true}]
Session ID: 6dcf75fc8a1eae216bb9aa8d4455e009
*** Element info: {Using=id, value=companyAddressTableView.contactTypes}" type="org.openqa.selenium.NoSuchElementException">org.openqa.selenium.NoSuchElementException: no such element: Unable to locate element: {&quot;method&quot;:&quot;id&quot;,&quot;selector&quot;:&quot;companyAddressTableView.contactTypes&quot;}
  (Session info: chrome=72.0.3626.81)
  (Driver info: chromedriver=2.46.628388 (4a34a70827ac54148e092aafb70504c4ea7ae926),platform=Linux 4.9.125-linuxkit x86_64) (WARNING: The server did not provide any stacktrace information)
Command duration or timeout: 1.03 seconds
For documentation on this error, please visit: http://seleniumhq.org/exceptions/no_such_element.html
Build info: version: &apos;3.0.1&apos;, revision: &apos;1969d75&apos;, time: &apos;2016-10-18 09:49:13 -0700&apos;
System info: host: &apos;DESKTOP-IN4UB21&apos;, ip: &apos;10.0.75.1&apos;, os.name: &apos;Windows 10&apos;, os.arch: &apos;amd64&apos;, os.version: &apos;10.0&apos;, java.version: &apos;1.8.0_201&apos;
Driver info: org.openqa.selenium.remote.RemoteWebDriver
Capabilities [{mobileEmulationEnabled=false, timeouts={implicit=0, pageLoad=300000, script=30000}, hasTouchScreen=false, platform=LINUX, acceptSslCerts=false, goog:chromeOptions={debuggerAddress=localhost:35511}, acceptInsecureCerts=false, webStorageEnabled=true, browserName=chrome, takesScreenshot=true, javascriptEnabled=true, setWindowRect=true, unexpectedAlertBehaviour=ignore, applicationCacheEnabled=false, rotatable=false, networkConnectionEnabled=false, chrome={chromedriverVersion=2.46.628388 (4a34a70827ac54148e092aafb70504c4ea7ae926), userDataDir=/tmp/.org.chromium.Chromium.k3CfcY}, takesHeapSnapshot=true, pageLoadStrategy=normal, strictFileInteractability=false, databaseEnabled=false, handlesAlerts=true, version=72.0.3626.81, browserConnectionEnabled=false, proxy={}, nativeEvents=true, webdriver.remote.sessionid=6dcf75fc8a1eae216bb9aa8d4455e009, locationContextEnabled=true, cssSelectorsEnabled=true}]
Session ID: 6dcf75fc8a1eae216bb9aa8d4455e009
*** Element info: {Using=id, value=companyAddressTableView.contactTypes}
	at sun.reflect.NativeConstructorAccessorImpl.newInstance0(Native Method)
	at sun.reflect.NativeConstructorAccessorImpl.newInstance(NativeConstructorAccessorImpl.java:62)
	at sun.reflect.DelegatingConstructorAccessorImpl.newInstance(DelegatingConstructorAccessorImpl.java:45)
	at java.lang.reflect.Constructor.newInstance(Constructor.java:423)
	at org.openqa.selenium.remote.ErrorHandler.createThrowable(ErrorHandler.java:216)
	at org.openqa.selenium.remote.ErrorHandler.throwIfResponseFailed(ErrorHandler.java:168)
	at org.openqa.selenium.remote.RemoteWebDriver.execute(RemoteWebDriver.java:635)
	at org.openqa.selenium.remote.RemoteWebDriver.findElement(RemoteWebDriver.java:368)
	at org.openqa.selenium.remote.RemoteWebDriver.findElementById(RemoteWebDriver.java:417)
	at org.openqa.selenium.By$ById.findElement(By.java:218)
	at org.openqa.selenium.remote.RemoteWebDriver.findElement(RemoteWebDriver.java:360)
	at de.neusta.b4u.steps.BaseSteps.the_dropdown_menu_contains_the_following_items(BaseSteps.java:72)
	at ✽.Then the dropdown menu &quot;companyAddressTableView.contactTypes&quot; contains the following items(accountMenuAddressesCompanyAll.feature:27)
</error>
  </testcase>
  <testcase classname="Scenario: Check if it is possible to navigate the create company page" name="Given I have logged into my account as standard user" time="0"/>
  <testcase classname="Scenario: Check if it is possible to navigate the create company page" name="And I am on the company address list page" time="0"/>
  <testcase classname="Scenario: Check if it is possible to navigate the create company page" name="When I want to create a new company" time="0.001">
    <failure message="Company list page is displayed" type="java.lang.AssertionError">java.lang.AssertionError: Company list page is displayed
	at org.junit.Assert.fail(Assert.java:88)
	at org.junit.Assert.assertTrue(Assert.java:41)
	at de.neusta.b4u.steps.addresses.AddressListCompanySteps.i_want_to_create_a_new_company(AddressListCompanySteps.java:87)
	at ✽.When I want to create a new company(accountMenuAddressesCompanyAll.feature:40)
</failure>
  </testcase>
  <testcase classname="Scenario: Check if it is possible to navigate the create company page" name="Scenario: Check if it is possible to navigate the create company page" time="0.001">
    <failure message="Company list page is displayed" type="java.lang.AssertionError">java.lang.AssertionError: Company list page is displayed
	at org.junit.Assert.fail(Assert.java:88)
	at org.junit.Assert.assertTrue(Assert.java:41)
	at de.neusta.b4u.steps.addresses.AddressListCompanySteps.i_want_to_create_a_new_company(AddressListCompanySteps.java:87)
	at ✽.When I want to create a new company(accountMenuAddressesCompanyAll.feature:40)
</failure>
  </testcase>
  <testcase classname="Scenario: Check if it is possible to navigate the create company page" name="Then the create company page is being displayed" time="0.001">
    <skipped/>
  </testcase>
  <testcase classname="Scenario: Check if it is possible to clear the search filter" name="Given I have logged into my account as standard user" time="0"/>
  <testcase classname="Scenario: Check if it is possible to clear the search filter" name="And I am on the company address list page" time="0"/>
  <testcase classname="Scenario: Check if it is possible to clear the search filter" name="And I provide the following data to the company search filter" time="0">
    <failure message="Company list page is displayed" type="java.lang.AssertionError">java.lang.AssertionError: Company list page is displayed
	at org.junit.Assert.fail(Assert.java:88)
	at org.junit.Assert.assertTrue(Assert.java:41)
	at de.neusta.b4u.steps.addresses.AddressListCompanySteps.i_provide_the_following_data_to_the_company_search_filter(AddressListCompanySteps.java:30)
	at ✽.And I provide the following data to the company search filter(accountMenuAddressesCompanyAll.feature:46)
</failure>
  </testcase>
  <testcase classname="Scenario: Check if it is possible to clear the search filter" name="Scenario: Check if it is possible to clear the search filter" time="0">
    <failure message="Company list page is displayed" type="java.lang.AssertionError">java.lang.AssertionError: Company list page is displayed
	at org.junit.Assert.fail(Assert.java:88)
	at org.junit.Assert.assertTrue(Assert.java:41)
	at de.neusta.b4u.steps.addresses.AddressListCompanySteps.i_provide_the_following_data_to_the_company_search_filter(AddressListCompanySteps.java:30)
	at ✽.And I provide the following data to the company search filter(accountMenuAddressesCompanyAll.feature:46)
</failure>
  </testcase>
  <testcase classname="Scenario: Check if it is possible to clear the search filter" name="When I clear the company search filter" time="0">
    <skipped/>
  </testcase>
  <testcase classname="Scenario: Check if it is possible to clear the search filter" name="Then the company search filter is empty" time="0.001">
    <skipped/>
  </testcase>
  <testcase classname="Scenario: Check if the search results match the search filter criteria" name="Given I have logged into my account as standard user" time="0"/>
  <testcase classname="Scenario: Check if the search results match the search filter criteria" name="And I am on the company address list page" time="0"/>
  <testcase classname="Scenario: Check if the search results match the search filter criteria" name="And I provide the following data to the company search filter" time="0">
    <failure message="Company list page is displayed" type="java.lang.AssertionError">java.lang.AssertionError: Company list page is displayed
	at org.junit.Assert.fail(Assert.java:88)
	at org.junit.Assert.assertTrue(Assert.java:41)
	at de.neusta.b4u.steps.addresses.AddressListCompanySteps.i_provide_the_following_data_to_the_company_search_filter(AddressListCompanySteps.java:30)
	at ✽.And I provide the following data to the company search filter(accountMenuAddressesCompanyAll.feature:59)
</failure>
  </testcase>
  <testcase classname="Scenario: Check if the search results match the search filter criteria" name="Scenario: Check if the search results match the search filter criteria" time="0">
    <failure message="Company list page is displayed" type="java.lang.AssertionError">java.lang.AssertionError: Company list page is displayed
	at org.junit.Assert.fail(Assert.java:88)
	at org.junit.Assert.assertTrue(Assert.java:41)
	at de.neusta.b4u.steps.addresses.AddressListCompanySteps.i_provide_the_following_data_to_the_company_search_filter(AddressListCompanySteps.java:30)
	at ✽.And I provide the following data to the company search filter(accountMenuAddressesCompanyAll.feature:59)
</failure>
  </testcase>
  <testcase classname="Scenario: Check if the search results match the search filter criteria" name="When I list the company search results" time="0">
    <skipped/>
  </testcase>
  <testcase classname="Scenario: Check if the search results match the search filter criteria" name="Then the company search results should only contain" time="0.001">
    <skipped/>
  </testcase>
  <testcase classname="Scenario: Check if the search filters are correct" name="Given I have logged into my account as standard user" time="0"/>
  <testcase classname="Scenario: Check if the search filters are correct" name="And I am on the company address list page" time="0"/>
  <testcase classname="Scenario: Check if the search filters are correct" name="And I provide the following data to the company search filter" time="0">
    <failure message="Company list page is displayed" type="java.lang.AssertionError">java.lang.AssertionError: Company list page is displayed
	at org.junit.Assert.fail(Assert.java:88)
	at org.junit.Assert.assertTrue(Assert.java:41)
	at de.neusta.b4u.steps.addresses.AddressListCompanySteps.i_provide_the_following_data_to_the_company_search_filter(AddressListCompanySteps.java:30)
	at ✽.And I provide the following data to the company search filter(accountMenuAddressesCompanyAll.feature:73)
</failure>
  </testcase>
  <testcase classname="Scenario: Check if the search filters are correct" name="Scenario: Check if the search filters are correct" time="0">
    <failure message="Company list page is displayed" type="java.lang.AssertionError">java.lang.AssertionError: Company list page is displayed
	at org.junit.Assert.fail(Assert.java:88)
	at org.junit.Assert.assertTrue(Assert.java:41)
	at de.neusta.b4u.steps.addresses.AddressListCompanySteps.i_provide_the_following_data_to_the_company_search_filter(AddressListCompanySteps.java:30)
	at ✽.And I provide the following data to the company search filter(accountMenuAddressesCompanyAll.feature:73)
</failure>
  </testcase>
  <testcase classname="Scenario: Check if the search filters are correct" name="When I list the company search results" time="0.001">
    <skipped/>
  </testcase>
  <testcase classname="Scenario: Check if the search filters are correct" name="Then the company search results are empty" time="0.001">
    <skipped/>
  </testcase>
  <testcase classname="Scenario: Change company details [without contact types]" name="Given I have logged into my account as standard user" time="0"/>
  <testcase classname="Scenario: Change company details [without contact types]" name="And I have checked that the company \&quot;Wayne Enterprise\&quot; does not already exist" time="0">
    <failure message="Company list page is displayed" type="java.lang.AssertionError">java.lang.AssertionError: Company list page is displayed
	at org.junit.Assert.fail(Assert.java:88)
	at org.junit.Assert.assertTrue(Assert.java:41)
	at de.neusta.b4u.steps.addresses.AddressCreateCompanySteps.i_have_checked_that_the_company_does_not_already_exist(AddressCreateCompanySteps.java:44)
	at ✽.And I have checked that the company &quot;Wayne Enterprise&quot; does not already exist(accountMenuAddressesCompanyEdit.feature:7)
</failure>
  </testcase>
  <testcase classname="Scenario: Change company details [without contact types]" name="Scenario: Change company details [without contact types]" time="0">
    <failure message="Company list page is displayed" type="java.lang.AssertionError">java.lang.AssertionError: Company list page is displayed
	at org.junit.Assert.fail(Assert.java:88)
	at org.junit.Assert.assertTrue(Assert.java:41)
	at de.neusta.b4u.steps.addresses.AddressCreateCompanySteps.i_have_checked_that_the_company_does_not_already_exist(AddressCreateCompanySteps.java:44)
	at ✽.And I have checked that the company &quot;Wayne Enterprise&quot; does not already exist(accountMenuAddressesCompanyEdit.feature:7)
</failure>
  </testcase>
  <testcase classname="Scenario: Change company details [without contact types]" name="And I have checked that the company \&quot;Stark Industries\&quot; does not already exist" time="0.001">
    <skipped/>
  </testcase>
  <testcase classname="Scenario: Change company details [without contact types]" name="And I create a new company \&quot;Wayne Enterprise\&quot;" time="0.002">
    <skipped/>
  </testcase>
  <testcase classname="Scenario: Change company details [without contact types]" name="When I am on the edit company page of \&quot;Wayne Enterprise\&quot;" time="0.002">
    <skipped/>
  </testcase>
  <testcase classname="Scenario: Change company details [without contact types]" name="And I edit the company details" time="0.002">
    <skipped/>
  </testcase>
  <testcase classname="Scenario: Change company details [without contact types]" name="Then the company details are" time="0.003">
    <skipped/>
  </testcase>
  <testcase classname="Scenario: Change company location" name="Given I have logged into my account as standard user" time="0"/>
  <testcase classname="Scenario: Change company location" name="And I have checked that the company \&quot;Wayne Enterprise\&quot; does not already exist" time="0">
    <failure message="Company list page is displayed" type="java.lang.AssertionError">java.lang.AssertionError: Company list page is displayed
	at org.junit.Assert.fail(Assert.java:88)
	at org.junit.Assert.assertTrue(Assert.java:41)
	at de.neusta.b4u.steps.addresses.AddressCreateCompanySteps.i_have_checked_that_the_company_does_not_already_exist(AddressCreateCompanySteps.java:44)
	at ✽.And I have checked that the company &quot;Wayne Enterprise&quot; does not already exist(accountMenuAddressesCompanyEdit.feature:25)
</failure>
  </testcase>
  <testcase classname="Scenario: Change company location" name="Scenario: Change company location" time="0">
    <failure message="Company list page is displayed" type="java.lang.AssertionError">java.lang.AssertionError: Company list page is displayed
	at org.junit.Assert.fail(Assert.java:88)
	at org.junit.Assert.assertTrue(Assert.java:41)
	at de.neusta.b4u.steps.addresses.AddressCreateCompanySteps.i_have_checked_that_the_company_does_not_already_exist(AddressCreateCompanySteps.java:44)
	at ✽.And I have checked that the company &quot;Wayne Enterprise&quot; does not already exist(accountMenuAddressesCompanyEdit.feature:25)
</failure>
  </testcase>
  <testcase classname="Scenario: Change company location" name="And I have checked that the company \&quot;Stark Industries\&quot; does not already exist" time="0">
    <skipped/>
  </testcase>
  <testcase classname="Scenario: Change company location" name="And I create a new company \&quot;Wayne Enterprise\&quot;" time="0.001">
    <skipped/>
  </testcase>
  <testcase classname="Scenario: Change company location" name="When I am on the edit company page of \&quot;Wayne Enterprise\&quot;" time="0.002">
    <skipped/>
  </testcase>
  <testcase classname="Scenario: Change company location" name="And I edit the company location" time="0.002">
    <skipped/>
  </testcase>
  <testcase classname="Scenario: Change company location" name="Then the company details are" time="0.002">
    <skipped/>
  </testcase>
  <testcase classname="Scenario: Change company contact types" name="Given I have logged into my account as standard user" time="0"/>
  <testcase classname="Scenario: Change company contact types" name="And I have checked that the company \&quot;Wayne Enterprise\&quot; does not already exist" time="0">
    <failure message="Company list page is displayed" type="java.lang.AssertionError">java.lang.AssertionError: Company list page is displayed
	at org.junit.Assert.fail(Assert.java:88)
	at org.junit.Assert.assertTrue(Assert.java:41)
	at de.neusta.b4u.steps.addresses.AddressCreateCompanySteps.i_have_checked_that_the_company_does_not_already_exist(AddressCreateCompanySteps.java:44)
	at ✽.And I have checked that the company &quot;Wayne Enterprise&quot; does not already exist(accountMenuAddressesCompanyEdit.feature:45)
</failure>
  </testcase>
  <testcase classname="Scenario: Change company contact types" name="Scenario: Change company contact types" time="0.001">
    <failure message="Company list page is displayed" type="java.lang.AssertionError">java.lang.AssertionError: Company list page is displayed
	at org.junit.Assert.fail(Assert.java:88)
	at org.junit.Assert.assertTrue(Assert.java:41)
	at de.neusta.b4u.steps.addresses.AddressCreateCompanySteps.i_have_checked_that_the_company_does_not_already_exist(AddressCreateCompanySteps.java:44)
	at ✽.And I have checked that the company &quot;Wayne Enterprise&quot; does not already exist(accountMenuAddressesCompanyEdit.feature:45)
</failure>
  </testcase>
  <testcase classname="Scenario: Change company contact types" name="And I have checked that the company \&quot;Stark Industries\&quot; does not already exist" time="0.001">
    <skipped/>
  </testcase>
  <testcase classname="Scenario: Change company contact types" name="And I create a new company \&quot;Wayne Enterprise\&quot;" time="0.001">
    <skipped/>
  </testcase>
  <testcase classname="Scenario: Change company contact types" name="When I am on the edit company page of \&quot;Wayne Enterprise\&quot;" time="0.001">
    <skipped/>
  </testcase>
  <testcase classname="Scenario: Change company contact types" name="And I edit the company contact types" time="0.002">
    <skipped/>
  </testcase>
  <testcase classname="Scenario: Change company contact types" name="Then the company details are" time="0.002">
    <skipped/>
  </testcase>
  <testcase classname="Scenario: Add new contact to an existing company" name="Given I have logged into my account as standard user" time="0"/>
  <testcase classname="Scenario: Add new contact to an existing company" name="And I have checked that the company \&quot;Wayne Enterprise\&quot; does not already exist" time="0">
    <failure message="Company list page is displayed" type="java.lang.AssertionError">java.lang.AssertionError: Company list page is displayed
	at org.junit.Assert.fail(Assert.java:88)
	at org.junit.Assert.assertTrue(Assert.java:41)
	at de.neusta.b4u.steps.addresses.AddressCreateCompanySteps.i_have_checked_that_the_company_does_not_already_exist(AddressCreateCompanySteps.java:44)
	at ✽.And I have checked that the company &quot;Wayne Enterprise&quot; does not already exist(accountMenuAddressesCompanyEdit.feature:60)
</failure>
  </testcase>
  <testcase classname="Scenario: Add new contact to an existing company" name="Scenario: Add new contact to an existing company" time="0">
    <failure message="Company list page is displayed" type="java.lang.AssertionError">java.lang.AssertionError: Company list page is displayed
	at org.junit.Assert.fail(Assert.java:88)
	at org.junit.Assert.assertTrue(Assert.java:41)
	at de.neusta.b4u.steps.addresses.AddressCreateCompanySteps.i_have_checked_that_the_company_does_not_already_exist(AddressCreateCompanySteps.java:44)
	at ✽.And I have checked that the company &quot;Wayne Enterprise&quot; does not already exist(accountMenuAddressesCompanyEdit.feature:60)
</failure>
  </testcase>
  <testcase classname="Scenario: Add new contact to an existing company" name="And I have checked that the contact \&quot;Justice League\&quot; does not already exist" time="0">
    <skipped/>
  </testcase>
  <testcase classname="Scenario: Add new contact to an existing company" name="And I create a new company \&quot;Wayne Enterprise\&quot;" time="0">
    <skipped/>
  </testcase>
  <testcase classname="Scenario: Add new contact to an existing company" name="When I am on the edit company page of \&quot;Wayne Enterprise\&quot;" time="0.001">
    <skipped/>
  </testcase>
  <testcase classname="Scenario: Add new contact to an existing company" name="And I add a new contact \&quot;Justice League\&quot; to the company" time="0.001">
    <skipped/>
  </testcase>
  <testcase classname="Scenario: Add new contact to an existing company" name="And I am on the edit company page of \&quot;Wayne Enterprise\&quot;" time="0.001">
    <skipped/>
  </testcase>
  <testcase classname="Scenario: Add new contact to an existing company" name="Then the company contact list should only contain" time="0.001">
    <skipped/>
  </testcase>
  <testcase classname="Scenario: Add a skill to an existing company" name="Given I have logged into my account as standard user" time="0"/>
  <testcase classname="Scenario: Add a skill to an existing company" name="And I have checked that the company \&quot;Wayne Enterprise\&quot; does not already exist" time="0">
    <failure message="Company list page is displayed" type="java.lang.AssertionError">java.lang.AssertionError: Company list page is displayed
	at org.junit.Assert.fail(Assert.java:88)
	at org.junit.Assert.assertTrue(Assert.java:41)
	at de.neusta.b4u.steps.addresses.AddressCreateCompanySteps.i_have_checked_that_the_company_does_not_already_exist(AddressCreateCompanySteps.java:44)
	at ✽.And I have checked that the company &quot;Wayne Enterprise&quot; does not already exist(accountMenuAddressesCompanyEdit.feature:73)
</failure>
  </testcase>
  <testcase classname="Scenario: Add a skill to an existing company" name="Scenario: Add a skill to an existing company" time="0">
    <failure message="Company list page is displayed" type="java.lang.AssertionError">java.lang.AssertionError: Company list page is displayed
	at org.junit.Assert.fail(Assert.java:88)
	at org.junit.Assert.assertTrue(Assert.java:41)
	at de.neusta.b4u.steps.addresses.AddressCreateCompanySteps.i_have_checked_that_the_company_does_not_already_exist(AddressCreateCompanySteps.java:44)
	at ✽.And I have checked that the company &quot;Wayne Enterprise&quot; does not already exist(accountMenuAddressesCompanyEdit.feature:73)
</failure>
  </testcase>
  <testcase classname="Scenario: Add a skill to an existing company" name="And I create a new company \&quot;Wayne Enterprise\&quot;" time="0.001">
    <skipped/>
  </testcase>
  <testcase classname="Scenario: Add a skill to an existing company" name="When I am on the edit company page of \&quot;Wayne Enterprise\&quot;" time="0.001">
    <skipped/>
  </testcase>
  <testcase classname="Scenario: Add a skill to an existing company" name="And I add a new skill \&quot;Geld\u002C Geld\u002C Geld\&quot; to the company" time="0.001">
    <skipped/>
  </testcase>
  <testcase classname="Scenario: Add a skill to an existing company" name="Then the company has the skill \&quot;Geld\u002C Geld\u002C Geld\&quot; set" time="0.002">
    <skipped/>
  </testcase>
  <testcase classname="Scenario: Remove a skill from an existing company" name="Given I have logged into my account as standard user" time="0"/>
  <testcase classname="Scenario: Remove a skill from an existing company" name="And I have checked that the company \&quot;Wayne Enterprise\&quot; does not already exist" time="0">
    <failure message="Company list page is displayed" type="java.lang.AssertionError">java.lang.AssertionError: Company list page is displayed
	at org.junit.Assert.fail(Assert.java:88)
	at org.junit.Assert.assertTrue(Assert.java:41)
	at de.neusta.b4u.steps.addresses.AddressCreateCompanySteps.i_have_checked_that_the_company_does_not_already_exist(AddressCreateCompanySteps.java:44)
	at ✽.And I have checked that the company &quot;Wayne Enterprise&quot; does not already exist(accountMenuAddressesCompanyEdit.feature:83)
</failure>
  </testcase>
  <testcase classname="Scenario: Remove a skill from an existing company" name="Scenario: Remove a skill from an existing company" time="0">
    <failure message="Company list page is displayed" type="java.lang.AssertionError">java.lang.AssertionError: Company list page is displayed
	at org.junit.Assert.fail(Assert.java:88)
	at org.junit.Assert.assertTrue(Assert.java:41)
	at de.neusta.b4u.steps.addresses.AddressCreateCompanySteps.i_have_checked_that_the_company_does_not_already_exist(AddressCreateCompanySteps.java:44)
	at ✽.And I have checked that the company &quot;Wayne Enterprise&quot; does not already exist(accountMenuAddressesCompanyEdit.feature:83)
</failure>
  </testcase>
  <testcase classname="Scenario: Remove a skill from an existing company" name="And I create a new company \&quot;Wayne Enterprise\&quot;" time="0.001">
    <skipped/>
  </testcase>
  <testcase classname="Scenario: Remove a skill from an existing company" name="And I am on the edit company page of \&quot;Wayne Enterprise\&quot;" time="0.001">
    <skipped/>
  </testcase>
  <testcase classname="Scenario: Remove a skill from an existing company" name="And I add a new skill \&quot;Geld\u002C Geld\u002C Geld\&quot; to the company" time="0.001">
    <skipped/>
  </testcase>
  <testcase classname="Scenario: Remove a skill from an existing company" name="When I delete the skill \&quot;Geld\u002C Geld\u002C Geld\&quot; from the company" time="0.002">
    <skipped/>
  </testcase>
  <testcase classname="Scenario: Remove a skill from an existing company" name="Then the company has the skill \&quot;Geld\u002C Geld\u002C Geld\&quot; not set" time="0.002">
    <skipped/>
  </testcase>
  <testcase classname="Scenario: Create a new person for an existing company" name="Given I have logged into my account as standard user" time="0"/>
  <testcase classname="Scenario: Create a new person for an existing company" name="And I have checked that the company \&quot;Wayne Enterprise\&quot; does not already exist" time="0">
    <failure message="Company list page is displayed" type="java.lang.AssertionError">java.lang.AssertionError: Company list page is displayed
	at org.junit.Assert.fail(Assert.java:88)
	at org.junit.Assert.assertTrue(Assert.java:41)
	at de.neusta.b4u.steps.addresses.AddressCreateCompanySteps.i_have_checked_that_the_company_does_not_already_exist(AddressCreateCompanySteps.java:44)
	at ✽.And I have checked that the company &quot;Wayne Enterprise&quot; does not already exist(accountMenuAddressesCompanyEdit.feature:94)
</failure>
  </testcase>
  <testcase classname="Scenario: Create a new person for an existing company" name="Scenario: Create a new person for an existing company" time="0">
    <failure message="Company list page is displayed" type="java.lang.AssertionError">java.lang.AssertionError: Company list page is displayed
	at org.junit.Assert.fail(Assert.java:88)
	at org.junit.Assert.assertTrue(Assert.java:41)
	at de.neusta.b4u.steps.addresses.AddressCreateCompanySteps.i_have_checked_that_the_company_does_not_already_exist(AddressCreateCompanySteps.java:44)
	at ✽.And I have checked that the company &quot;Wayne Enterprise&quot; does not already exist(accountMenuAddressesCompanyEdit.feature:94)
</failure>
  </testcase>
  <testcase classname="Scenario: Create a new person for an existing company" name="And I have checked that the person \&quot;Wayne\u002C Bruce\&quot; does not already exist" time="0.001">
    <skipped/>
  </testcase>
  <testcase classname="Scenario: Create a new person for an existing company" name="And I create a new company \&quot;Wayne Enterprise\&quot;" time="0.001">
    <skipped/>
  </testcase>
  <testcase classname="Scenario: Create a new person for an existing company" name="And I am on the edit company page of \&quot;Wayne Enterprise\&quot;" time="0.001">
    <skipped/>
  </testcase>
  <testcase classname="Scenario: Create a new person for an existing company" name="When I create a new person \&quot;Bruce Wayne\&quot; for the company" time="0.001">
    <skipped/>
  </testcase>
  <testcase classname="Scenario: Create a new person for an existing company" name="Then the person \&quot;Bruce Wayne\&quot; is created" time="0.002">
    <skipped/>
  </testcase>
  <testcase classname="Scenario: Create a new person for an existing company" name="And I am on the edit person page of \&quot;Bruce Wayne\&quot;" time="0.002">
    <skipped/>
  </testcase>
  <testcase classname="Scenario: Create a new person for an existing company" name="And the person details are" time="0.002">
    <skipped/>
  </testcase>
  <testcase classname="Scenario: Create a new person for an existing company" name="And I am on the edit company page of \&quot;Wayne Enterprise\&quot;" time="0.003">
    <skipped/>
  </testcase>
  <testcase classname="Scenario: Create a new person for an existing company" name="And the company employee list contains" time="0.003">
    <skipped/>
  </testcase>
  <testcase classname="Scenario: Add an existing person to an existing company" name="Given I have logged into my account as standard user" time="0"/>
  <testcase classname="Scenario: Add an existing person to an existing company" name="And I have checked that the company \&quot;Wayne Enterprise\&quot; does not already exist" time="0">
    <failure message="Company list page is displayed" type="java.lang.AssertionError">java.lang.AssertionError: Company list page is displayed
	at org.junit.Assert.fail(Assert.java:88)
	at org.junit.Assert.assertTrue(Assert.java:41)
	at de.neusta.b4u.steps.addresses.AddressCreateCompanySteps.i_have_checked_that_the_company_does_not_already_exist(AddressCreateCompanySteps.java:44)
	at ✽.And I have checked that the company &quot;Wayne Enterprise&quot; does not already exist(accountMenuAddressesCompanyEdit.feature:131)
</failure>
  </testcase>
  <testcase classname="Scenario: Add an existing person to an existing company" name="Scenario: Add an existing person to an existing company" time="0">
    <failure message="Company list page is displayed" type="java.lang.AssertionError">java.lang.AssertionError: Company list page is displayed
	at org.junit.Assert.fail(Assert.java:88)
	at org.junit.Assert.assertTrue(Assert.java:41)
	at de.neusta.b4u.steps.addresses.AddressCreateCompanySteps.i_have_checked_that_the_company_does_not_already_exist(AddressCreateCompanySteps.java:44)
	at ✽.And I have checked that the company &quot;Wayne Enterprise&quot; does not already exist(accountMenuAddressesCompanyEdit.feature:131)
</failure>
  </testcase>
  <testcase classname="Scenario: Add an existing person to an existing company" name="And I have checked that the person \&quot;Wayne\u002C Bruce\&quot; does not already exist" time="0">
    <skipped/>
  </testcase>
  <testcase classname="Scenario: Add an existing person to an existing company" name="And I create a new company \&quot;Wayne Enterprise\&quot;" time="0">
    <skipped/>
  </testcase>
  <testcase classname="Scenario: Add an existing person to an existing company" name="And I create a new person \&quot;Bruce Wayne\&quot;" time="0">
    <skipped/>
  </testcase>
  <testcase classname="Scenario: Add an existing person to an existing company" name="When I am on the edit company page of \&quot;Wayne Enterprise\&quot;" time="0.001">
    <skipped/>
  </testcase>
  <testcase classname="Scenario: Add an existing person to an existing company" name="And I add the person \&quot;Bruce Wayne\&quot; to the company" time="0.001">
    <skipped/>
  </testcase>
  <testcase classname="Scenario: Add an existing person to an existing company" name="Then the company employee list contains" time="0.001">
    <skipped/>
  </testcase>
  <testcase classname="Scenario: Check elements addresses menu company new" name="Given I have logged into my account as standard user" time="0"/>
  <testcase classname="Scenario: Check elements addresses menu company new" name="When I am on the create new company page" time="0"/>
  <testcase classname="Scenario: Check elements addresses menu company new" name="Then all the elements looked for are being displayed" time="0">
    <failure message="companyDetailsView.name is displayed" type="java.lang.AssertionError">java.lang.AssertionError: companyDetailsView.name is displayed
	at org.junit.Assert.fail(Assert.java:88)
	at org.junit.Assert.assertTrue(Assert.java:41)
	at de.neusta.b4u.steps.BaseSteps.all_the_elements_looked_for_are_being_displayed(BaseSteps.java:66)
	at ✽.Then all the elements looked for are being displayed(accountMenuAddressesCompanyNew.feature:11)
</failure>
  </testcase>
  <testcase classname="Scenario: Check elements addresses menu company new" name="Scenario: Check elements addresses menu company new" time="0">
    <failure message="companyDetailsView.name is displayed" type="java.lang.AssertionError">java.lang.AssertionError: companyDetailsView.name is displayed
	at org.junit.Assert.fail(Assert.java:88)
	at org.junit.Assert.assertTrue(Assert.java:41)
	at de.neusta.b4u.steps.BaseSteps.all_the_elements_looked_for_are_being_displayed(BaseSteps.java:66)
	at ✽.Then all the elements looked for are being displayed(accountMenuAddressesCompanyNew.feature:11)
</failure>
  </testcase>
  <testcase classname="Scenario: Company new create success" name="Given I have logged into my account as standard user" time="0"/>
  <testcase classname="Scenario: Company new create success" name="And I have checked that the company \&quot;Wayne Enterprise\&quot; does not already exist" time="0">
    <failure message="Company list page is displayed" type="java.lang.AssertionError">java.lang.AssertionError: Company list page is displayed
	at org.junit.Assert.fail(Assert.java:88)
	at org.junit.Assert.assertTrue(Assert.java:41)
	at de.neusta.b4u.steps.addresses.AddressCreateCompanySteps.i_have_checked_that_the_company_does_not_already_exist(AddressCreateCompanySteps.java:44)
	at ✽.And I have checked that the company &quot;Wayne Enterprise&quot; does not already exist(accountMenuAddressesCompanyNew.feature:36)
</failure>
  </testcase>
  <testcase classname="Scenario: Company new create success" name="Scenario: Company new create success" time="0">
    <failure message="Company list page is displayed" type="java.lang.AssertionError">java.lang.AssertionError: Company list page is displayed
	at org.junit.Assert.fail(Assert.java:88)
	at org.junit.Assert.assertTrue(Assert.java:41)
	at de.neusta.b4u.steps.addresses.AddressCreateCompanySteps.i_have_checked_that_the_company_does_not_already_exist(AddressCreateCompanySteps.java:44)
	at ✽.And I have checked that the company &quot;Wayne Enterprise&quot; does not already exist(accountMenuAddressesCompanyNew.feature:36)
</failure>
  </testcase>
  <testcase classname="Scenario: Company new create success" name="And I create a new company \&quot;Wayne Enterprise\&quot;" time="0.001">
    <skipped/>
  </testcase>
  <testcase classname="Scenario: Company new create success" name="Then the company \&quot;Wayne Enterprise\&quot; is created" time="0.001">
    <skipped/>
  </testcase>
  <testcase classname="Scenario: Company new create success" name="And I am on the edit company page of \&quot;Wayne Enterprise\&quot;" time="0.001">
    <skipped/>
  </testcase>
  <testcase classname="Scenario: Company new create success" name="And the company details are" time="0.001">
    <skipped/>
  </testcase>
  <testcase classname="Scenario: Company new create success [minimal requirements]" name="Given I have logged into my account as standard user" time="0"/>
  <testcase classname="Scenario: Company new create success [minimal requirements]" name="And I have checked that the company \&quot;Wayne Enterprise\&quot; does not already exist" time="0">
    <failure message="Company list page is displayed" type="java.lang.AssertionError">java.lang.AssertionError: Company list page is displayed
	at org.junit.Assert.fail(Assert.java:88)
	at org.junit.Assert.assertTrue(Assert.java:41)
	at de.neusta.b4u.steps.addresses.AddressCreateCompanySteps.i_have_checked_that_the_company_does_not_already_exist(AddressCreateCompanySteps.java:44)
	at ✽.And I have checked that the company &quot;Wayne Enterprise&quot; does not already exist(accountMenuAddressesCompanyNew.feature:58)
</failure>
  </testcase>
  <testcase classname="Scenario: Company new create success [minimal requirements]" name="Scenario: Company new create success [minimal requirements]" time="0">
    <failure message="Company list page is displayed" type="java.lang.AssertionError">java.lang.AssertionError: Company list page is displayed
	at org.junit.Assert.fail(Assert.java:88)
	at org.junit.Assert.assertTrue(Assert.java:41)
	at de.neusta.b4u.steps.addresses.AddressCreateCompanySteps.i_have_checked_that_the_company_does_not_already_exist(AddressCreateCompanySteps.java:44)
	at ✽.And I have checked that the company &quot;Wayne Enterprise&quot; does not already exist(accountMenuAddressesCompanyNew.feature:58)
</failure>
  </testcase>
  <testcase classname="Scenario: Company new create success [minimal requirements]" name="And I create a new company \&quot;Wayne Enterprise\&quot;" time="0">
    <skipped/>
  </testcase>
  <testcase classname="Scenario: Company new create success [minimal requirements]" name="Then the company \&quot;Wayne Enterprise\&quot; is created" time="0">
    <skipped/>
  </testcase>
  <testcase classname="Scenario: Company new create success [minimal requirements]" name="And I am on the edit company page of \&quot;Wayne Enterprise\&quot;" time="0.001">
    <skipped/>
  </testcase>
  <testcase classname="Scenario: Company new create success [minimal requirements]" name="And the company details are" time="0.001">
    <skipped/>
  </testcase>
  <testcase classname="Scenario: Company new create failure [missing contact type]" name="Given I have logged into my account as standard user" time="0"/>
  <testcase classname="Scenario: Company new create failure [missing contact type]" name="And I have checked that the company \&quot;Wayne Enterprise\&quot; does not already exist" time="0">
    <failure message="Company list page is displayed" type="java.lang.AssertionError">java.lang.AssertionError: Company list page is displayed
	at org.junit.Assert.fail(Assert.java:88)
	at org.junit.Assert.assertTrue(Assert.java:41)
	at de.neusta.b4u.steps.addresses.AddressCreateCompanySteps.i_have_checked_that_the_company_does_not_already_exist(AddressCreateCompanySteps.java:44)
	at ✽.And I have checked that the company &quot;Wayne Enterprise&quot; does not already exist(accountMenuAddressesCompanyNew.feature:69)
</failure>
  </testcase>
  <testcase classname="Scenario: Company new create failure [missing contact type]" name="Scenario: Company new create failure [missing contact type]" time="0.001">
    <failure message="Company list page is displayed" type="java.lang.AssertionError">java.lang.AssertionError: Company list page is displayed
	at org.junit.Assert.fail(Assert.java:88)
	at org.junit.Assert.assertTrue(Assert.java:41)
	at de.neusta.b4u.steps.addresses.AddressCreateCompanySteps.i_have_checked_that_the_company_does_not_already_exist(AddressCreateCompanySteps.java:44)
	at ✽.And I have checked that the company &quot;Wayne Enterprise&quot; does not already exist(accountMenuAddressesCompanyNew.feature:69)
</failure>
  </testcase>
  <testcase classname="Scenario: Company new create failure [missing contact type]" name="And I create a new simple company \&quot;Wayne Enterprise\&quot;" time="0.001">
    <skipped/>
  </testcase>
  <testcase classname="Scenario: Company new create failure [missing contact type]" name="Then an error message is being displayed \&quot;required\&quot;" time="0.001">
    <skipped/>
  </testcase>
  <testcase classname="Scenario: Check elements addresses menu person all" name="Given I have logged into my account as standard user" time="0"/>
  <testcase classname="Scenario: Check elements addresses menu person all" name="When I am on the person address list page" time="0"/>
  <testcase classname="Scenario: Check elements addresses menu person all" name="Then all the elements looked for are being displayed" time="0">
    <failure message="personAddressTableView.nameOrId is displayed" type="java.lang.AssertionError">java.lang.AssertionError: personAddressTableView.nameOrId is displayed
	at org.junit.Assert.fail(Assert.java:88)
	at org.junit.Assert.assertTrue(Assert.java:41)
	at de.neusta.b4u.steps.BaseSteps.all_the_elements_looked_for_are_being_displayed(BaseSteps.java:66)
	at ✽.Then all the elements looked for are being displayed(accountMenuAddressesPersonAll.feature:10)
</failure>
  </testcase>
  <testcase classname="Scenario: Check elements addresses menu person all" name="Scenario: Check elements addresses menu person all" time="0">
    <failure message="personAddressTableView.nameOrId is displayed" type="java.lang.AssertionError">java.lang.AssertionError: personAddressTableView.nameOrId is displayed
	at org.junit.Assert.fail(Assert.java:88)
	at org.junit.Assert.assertTrue(Assert.java:41)
	at de.neusta.b4u.steps.BaseSteps.all_the_elements_looked_for_are_being_displayed(BaseSteps.java:66)
	at ✽.Then all the elements looked for are being displayed(accountMenuAddressesPersonAll.feature:10)
</failure>
  </testcase>
  <testcase classname="Scenario: Check dropdown entries addresses menu person all" name="Given I have logged into my account as standard user" time="0"/>
  <testcase classname="Scenario: Check dropdown entries addresses menu person all" name="And I am on the person address list page" time="0"/>
  <testcase classname="Scenario: Check dropdown entries addresses menu person all" name="Then the dropdown menu \&quot;personAddressTableView.contactTypes\&quot; contains the following items" time="0.001">
    <error message="no such element: Unable to locate element: {&quot;method&quot;:&quot;id&quot;,&quot;selector&quot;:&quot;personAddressTableView.contactTypes&quot;}
  (Session info: chrome=72.0.3626.81)
  (Driver info: chromedriver=2.46.628388 (4a34a70827ac54148e092aafb70504c4ea7ae926),platform=Linux 4.9.125-linuxkit x86_64) (WARNING: The server did not provide any stacktrace information)
Command duration or timeout: 1.08 seconds
For documentation on this error, please visit: http://seleniumhq.org/exceptions/no_such_element.html
Build info: version: &apos;3.0.1&apos;, revision: &apos;1969d75&apos;, time: &apos;2016-10-18 09:49:13 -0700&apos;
System info: host: &apos;DESKTOP-IN4UB21&apos;, ip: &apos;10.0.75.1&apos;, os.name: &apos;Windows 10&apos;, os.arch: &apos;amd64&apos;, os.version: &apos;10.0&apos;, java.version: &apos;1.8.0_201&apos;
Driver info: org.openqa.selenium.remote.RemoteWebDriver
Capabilities [{mobileEmulationEnabled=false, timeouts={implicit=0, pageLoad=300000, script=30000}, hasTouchScreen=false, platform=LINUX, acceptSslCerts=false, goog:chromeOptions={debuggerAddress=localhost:40079}, acceptInsecureCerts=false, webStorageEnabled=true, browserName=chrome, takesScreenshot=true, javascriptEnabled=true, setWindowRect=true, unexpectedAlertBehaviour=ignore, applicationCacheEnabled=false, rotatable=false, networkConnectionEnabled=false, chrome={chromedriverVersion=2.46.628388 (4a34a70827ac54148e092aafb70504c4ea7ae926), userDataDir=/tmp/.org.chromium.Chromium.hYGMLZ}, takesHeapSnapshot=true, pageLoadStrategy=normal, strictFileInteractability=false, databaseEnabled=false, handlesAlerts=true, version=72.0.3626.81, browserConnectionEnabled=false, proxy={}, nativeEvents=true, webdriver.remote.sessionid=1b391977c8f1e4d76de8e95dcc20c916, locationContextEnabled=true, cssSelectorsEnabled=true}]
Session ID: 1b391977c8f1e4d76de8e95dcc20c916
*** Element info: {Using=id, value=personAddressTableView.contactTypes}" type="org.openqa.selenium.NoSuchElementException">org.openqa.selenium.NoSuchElementException: no such element: Unable to locate element: {&quot;method&quot;:&quot;id&quot;,&quot;selector&quot;:&quot;personAddressTableView.contactTypes&quot;}
  (Session info: chrome=72.0.3626.81)
  (Driver info: chromedriver=2.46.628388 (4a34a70827ac54148e092aafb70504c4ea7ae926),platform=Linux 4.9.125-linuxkit x86_64) (WARNING: The server did not provide any stacktrace information)
Command duration or timeout: 1.08 seconds
For documentation on this error, please visit: http://seleniumhq.org/exceptions/no_such_element.html
Build info: version: &apos;3.0.1&apos;, revision: &apos;1969d75&apos;, time: &apos;2016-10-18 09:49:13 -0700&apos;
System info: host: &apos;DESKTOP-IN4UB21&apos;, ip: &apos;10.0.75.1&apos;, os.name: &apos;Windows 10&apos;, os.arch: &apos;amd64&apos;, os.version: &apos;10.0&apos;, java.version: &apos;1.8.0_201&apos;
Driver info: org.openqa.selenium.remote.RemoteWebDriver
Capabilities [{mobileEmulationEnabled=false, timeouts={implicit=0, pageLoad=300000, script=30000}, hasTouchScreen=false, platform=LINUX, acceptSslCerts=false, goog:chromeOptions={debuggerAddress=localhost:40079}, acceptInsecureCerts=false, webStorageEnabled=true, browserName=chrome, takesScreenshot=true, javascriptEnabled=true, setWindowRect=true, unexpectedAlertBehaviour=ignore, applicationCacheEnabled=false, rotatable=false, networkConnectionEnabled=false, chrome={chromedriverVersion=2.46.628388 (4a34a70827ac54148e092aafb70504c4ea7ae926), userDataDir=/tmp/.org.chromium.Chromium.hYGMLZ}, takesHeapSnapshot=true, pageLoadStrategy=normal, strictFileInteractability=false, databaseEnabled=false, handlesAlerts=true, version=72.0.3626.81, browserConnectionEnabled=false, proxy={}, nativeEvents=true, webdriver.remote.sessionid=1b391977c8f1e4d76de8e95dcc20c916, locationContextEnabled=true, cssSelectorsEnabled=true}]
Session ID: 1b391977c8f1e4d76de8e95dcc20c916
*** Element info: {Using=id, value=personAddressTableView.contactTypes}
	at sun.reflect.NativeConstructorAccessorImpl.newInstance0(Native Method)
	at sun.reflect.NativeConstructorAccessorImpl.newInstance(NativeConstructorAccessorImpl.java:62)
	at sun.reflect.DelegatingConstructorAccessorImpl.newInstance(DelegatingConstructorAccessorImpl.java:45)
	at java.lang.reflect.Constructor.newInstance(Constructor.java:423)
	at org.openqa.selenium.remote.ErrorHandler.createThrowable(ErrorHandler.java:216)
	at org.openqa.selenium.remote.ErrorHandler.throwIfResponseFailed(ErrorHandler.java:168)
	at org.openqa.selenium.remote.RemoteWebDriver.execute(RemoteWebDriver.java:635)
	at org.openqa.selenium.remote.RemoteWebDriver.findElement(RemoteWebDriver.java:368)
	at org.openqa.selenium.remote.RemoteWebDriver.findElementById(RemoteWebDriver.java:417)
	at org.openqa.selenium.By$ById.findElement(By.java:218)
	at org.openqa.selenium.remote.RemoteWebDriver.findElement(RemoteWebDriver.java:360)
	at de.neusta.b4u.steps.BaseSteps.the_dropdown_menu_contains_the_following_items(BaseSteps.java:72)
	at ✽.Then the dropdown menu &quot;personAddressTableView.contactTypes&quot; contains the following items(accountMenuAddressesPersonAll.feature:28)
</error>
  </testcase>
  <testcase classname="Scenario: Check dropdown entries addresses menu person all" name="Scenario: Check dropdown entries addresses menu person all" time="0.002">
    <error message="no such element: Unable to locate element: {&quot;method&quot;:&quot;id&quot;,&quot;selector&quot;:&quot;personAddressTableView.contactTypes&quot;}
  (Session info: chrome=72.0.3626.81)
  (Driver info: chromedriver=2.46.628388 (4a34a70827ac54148e092aafb70504c4ea7ae926),platform=Linux 4.9.125-linuxkit x86_64) (WARNING: The server did not provide any stacktrace information)
Command duration or timeout: 1.08 seconds
For documentation on this error, please visit: http://seleniumhq.org/exceptions/no_such_element.html
Build info: version: &apos;3.0.1&apos;, revision: &apos;1969d75&apos;, time: &apos;2016-10-18 09:49:13 -0700&apos;
System info: host: &apos;DESKTOP-IN4UB21&apos;, ip: &apos;10.0.75.1&apos;, os.name: &apos;Windows 10&apos;, os.arch: &apos;amd64&apos;, os.version: &apos;10.0&apos;, java.version: &apos;1.8.0_201&apos;
Driver info: org.openqa.selenium.remote.RemoteWebDriver
Capabilities [{mobileEmulationEnabled=false, timeouts={implicit=0, pageLoad=300000, script=30000}, hasTouchScreen=false, platform=LINUX, acceptSslCerts=false, goog:chromeOptions={debuggerAddress=localhost:40079}, acceptInsecureCerts=false, webStorageEnabled=true, browserName=chrome, takesScreenshot=true, javascriptEnabled=true, setWindowRect=true, unexpectedAlertBehaviour=ignore, applicationCacheEnabled=false, rotatable=false, networkConnectionEnabled=false, chrome={chromedriverVersion=2.46.628388 (4a34a70827ac54148e092aafb70504c4ea7ae926), userDataDir=/tmp/.org.chromium.Chromium.hYGMLZ}, takesHeapSnapshot=true, pageLoadStrategy=normal, strictFileInteractability=false, databaseEnabled=false, handlesAlerts=true, version=72.0.3626.81, browserConnectionEnabled=false, proxy={}, nativeEvents=true, webdriver.remote.sessionid=1b391977c8f1e4d76de8e95dcc20c916, locationContextEnabled=true, cssSelectorsEnabled=true}]
Session ID: 1b391977c8f1e4d76de8e95dcc20c916
*** Element info: {Using=id, value=personAddressTableView.contactTypes}" type="org.openqa.selenium.NoSuchElementException">org.openqa.selenium.NoSuchElementException: no such element: Unable to locate element: {&quot;method&quot;:&quot;id&quot;,&quot;selector&quot;:&quot;personAddressTableView.contactTypes&quot;}
  (Session info: chrome=72.0.3626.81)
  (Driver info: chromedriver=2.46.628388 (4a34a70827ac54148e092aafb70504c4ea7ae926),platform=Linux 4.9.125-linuxkit x86_64) (WARNING: The server did not provide any stacktrace information)
Command duration or timeout: 1.08 seconds
For documentation on this error, please visit: http://seleniumhq.org/exceptions/no_such_element.html
Build info: version: &apos;3.0.1&apos;, revision: &apos;1969d75&apos;, time: &apos;2016-10-18 09:49:13 -0700&apos;
System info: host: &apos;DESKTOP-IN4UB21&apos;, ip: &apos;10.0.75.1&apos;, os.name: &apos;Windows 10&apos;, os.arch: &apos;amd64&apos;, os.version: &apos;10.0&apos;, java.version: &apos;1.8.0_201&apos;
Driver info: org.openqa.selenium.remote.RemoteWebDriver
Capabilities [{mobileEmulationEnabled=false, timeouts={implicit=0, pageLoad=300000, script=30000}, hasTouchScreen=false, platform=LINUX, acceptSslCerts=false, goog:chromeOptions={debuggerAddress=localhost:40079}, acceptInsecureCerts=false, webStorageEnabled=true, browserName=chrome, takesScreenshot=true, javascriptEnabled=true, setWindowRect=true, unexpectedAlertBehaviour=ignore, applicationCacheEnabled=false, rotatable=false, networkConnectionEnabled=false, chrome={chromedriverVersion=2.46.628388 (4a34a70827ac54148e092aafb70504c4ea7ae926), userDataDir=/tmp/.org.chromium.Chromium.hYGMLZ}, takesHeapSnapshot=true, pageLoadStrategy=normal, strictFileInteractability=false, databaseEnabled=false, handlesAlerts=true, version=72.0.3626.81, browserConnectionEnabled=false, proxy={}, nativeEvents=true, webdriver.remote.sessionid=1b391977c8f1e4d76de8e95dcc20c916, locationContextEnabled=true, cssSelectorsEnabled=true}]
Session ID: 1b391977c8f1e4d76de8e95dcc20c916
*** Element info: {Using=id, value=personAddressTableView.contactTypes}
	at sun.reflect.NativeConstructorAccessorImpl.newInstance0(Native Method)
	at sun.reflect.NativeConstructorAccessorImpl.newInstance(NativeConstructorAccessorImpl.java:62)
	at sun.reflect.DelegatingConstructorAccessorImpl.newInstance(DelegatingConstructorAccessorImpl.java:45)
	at java.lang.reflect.Constructor.newInstance(Constructor.java:423)
	at org.openqa.selenium.remote.ErrorHandler.createThrowable(ErrorHandler.java:216)
	at org.openqa.selenium.remote.ErrorHandler.throwIfResponseFailed(ErrorHandler.java:168)
	at org.openqa.selenium.remote.RemoteWebDriver.execute(RemoteWebDriver.java:635)
	at org.openqa.selenium.remote.RemoteWebDriver.findElement(RemoteWebDriver.java:368)
	at org.openqa.selenium.remote.RemoteWebDriver.findElementById(RemoteWebDriver.java:417)
	at org.openqa.selenium.By$ById.findElement(By.java:218)
	at org.openqa.selenium.remote.RemoteWebDriver.findElement(RemoteWebDriver.java:360)
	at de.neusta.b4u.steps.BaseSteps.the_dropdown_menu_contains_the_following_items(BaseSteps.java:72)
	at ✽.Then the dropdown menu &quot;personAddressTableView.contactTypes&quot; contains the following items(accountMenuAddressesPersonAll.feature:28)
</error>
  </testcase>
  <testcase classname="Scenario: Check if it is possible to navigate the create person page" name="Given I have logged into my account as standard user" time="0"/>
  <testcase classname="Scenario: Check if it is possible to navigate the create person page" name="And I am on the person address list page" time="0"/>
  <testcase classname="Scenario: Check if it is possible to navigate the create person page" name="When I want to create a new person" time="0">
    <failure message="Person list page is displayed" type="java.lang.AssertionError">java.lang.AssertionError: Person list page is displayed
	at org.junit.Assert.fail(Assert.java:88)
	at org.junit.Assert.assertTrue(Assert.java:41)
	at de.neusta.b4u.steps.addresses.AddressListPersonSteps.i_want_to_create_a_new_person(AddressListPersonSteps.java:101)
	at ✽.When I want to create a new person(accountMenuAddressesPersonAll.feature:43)
</failure>
  </testcase>
  <testcase classname="Scenario: Check if it is possible to navigate the create person page" name="Scenario: Check if it is possible to navigate the create person page" time="0">
    <failure message="Person list page is displayed" type="java.lang.AssertionError">java.lang.AssertionError: Person list page is displayed
	at org.junit.Assert.fail(Assert.java:88)
	at org.junit.Assert.assertTrue(Assert.java:41)
	at de.neusta.b4u.steps.addresses.AddressListPersonSteps.i_want_to_create_a_new_person(AddressListPersonSteps.java:101)
	at ✽.When I want to create a new person(accountMenuAddressesPersonAll.feature:43)
</failure>
  </testcase>
  <testcase classname="Scenario: Check if it is possible to navigate the create person page" name="Then the create person page is being displayed" time="0">
    <skipped/>
  </testcase>
  <testcase classname="Scenario: Check if it is possible to clear the search filter" name="Given I have logged into my account as standard user" time="0"/>
  <testcase classname="Scenario: Check if it is possible to clear the search filter" name="And I am on the person address list page" time="0"/>
  <testcase classname="Scenario: Check if it is possible to clear the search filter" name="And I provide the following data to the person search filter" time="0">
    <failure message="Person list page is displayed" type="java.lang.AssertionError">java.lang.AssertionError: Person list page is displayed
	at org.junit.Assert.fail(Assert.java:88)
	at org.junit.Assert.assertTrue(Assert.java:41)
	at de.neusta.b4u.steps.addresses.AddressListPersonSteps.i_provide_the_following_data_to_the_person_search_filter(AddressListPersonSteps.java:33)
	at ✽.And I provide the following data to the person search filter(accountMenuAddressesPersonAll.feature:49)
</failure>
  </testcase>
  <testcase classname="Scenario: Check if it is possible to clear the search filter" name="Scenario: Check if it is possible to clear the search filter" time="0">
    <failure message="Person list page is displayed" type="java.lang.AssertionError">java.lang.AssertionError: Person list page is displayed
	at org.junit.Assert.fail(Assert.java:88)
	at org.junit.Assert.assertTrue(Assert.java:41)
	at de.neusta.b4u.steps.addresses.AddressListPersonSteps.i_provide_the_following_data_to_the_person_search_filter(AddressListPersonSteps.java:33)
	at ✽.And I provide the following data to the person search filter(accountMenuAddressesPersonAll.feature:49)
</failure>
  </testcase>
  <testcase classname="Scenario: Check if it is possible to clear the search filter" name="When I clear the person search filter" time="0.001">
    <skipped/>
  </testcase>
  <testcase classname="Scenario: Check if it is possible to clear the search filter" name="Then the person search filter is empty" time="0.001">
    <skipped/>
  </testcase>
  <testcase classname="Scenario: Check if the search results match the search filter criteria [Full]" name="Given I have logged into my account as standard user" time="0"/>
  <testcase classname="Scenario: Check if the search results match the search filter criteria [Full]" name="And I am on the person address list page" time="0"/>
  <testcase classname="Scenario: Check if the search results match the search filter criteria [Full]" name="And I provide the following data to the person search filter" time="0">
    <failure message="Person list page is displayed" type="java.lang.AssertionError">java.lang.AssertionError: Person list page is displayed
	at org.junit.Assert.fail(Assert.java:88)
	at org.junit.Assert.assertTrue(Assert.java:41)
	at de.neusta.b4u.steps.addresses.AddressListPersonSteps.i_provide_the_following_data_to_the_person_search_filter(AddressListPersonSteps.java:33)
	at ✽.And I provide the following data to the person search filter(accountMenuAddressesPersonAll.feature:63)
</failure>
  </testcase>
  <testcase classname="Scenario: Check if the search results match the search filter criteria [Full]" name="Scenario: Check if the search results match the search filter criteria [Full]" time="0">
    <failure message="Person list page is displayed" type="java.lang.AssertionError">java.lang.AssertionError: Person list page is displayed
	at org.junit.Assert.fail(Assert.java:88)
	at org.junit.Assert.assertTrue(Assert.java:41)
	at de.neusta.b4u.steps.addresses.AddressListPersonSteps.i_provide_the_following_data_to_the_person_search_filter(AddressListPersonSteps.java:33)
	at ✽.And I provide the following data to the person search filter(accountMenuAddressesPersonAll.feature:63)
</failure>
  </testcase>
  <testcase classname="Scenario: Check if the search results match the search filter criteria [Full]" name="When I list the person search results" time="0">
    <skipped/>
  </testcase>
  <testcase classname="Scenario: Check if the search results match the search filter criteria [Full]" name="Then the person search results should only contain" time="0.001">
    <skipped/>
  </testcase>
  <testcase classname="Scenario: Check if the search results match the search filter criteria [LastName\u002C FirstName]" name="Given I have logged into my account as standard user" time="0"/>
  <testcase classname="Scenario: Check if the search results match the search filter criteria [LastName\u002C FirstName]" name="And I am on the person address list page" time="0"/>
  <testcase classname="Scenario: Check if the search results match the search filter criteria [LastName\u002C FirstName]" name="And I provide the following data to the person search filter" time="0">
    <failure message="Person list page is displayed" type="java.lang.AssertionError">java.lang.AssertionError: Person list page is displayed
	at org.junit.Assert.fail(Assert.java:88)
	at org.junit.Assert.assertTrue(Assert.java:41)
	at de.neusta.b4u.steps.addresses.AddressListPersonSteps.i_provide_the_following_data_to_the_person_search_filter(AddressListPersonSteps.java:33)
	at ✽.And I provide the following data to the person search filter(accountMenuAddressesPersonAll.feature:78)
</failure>
  </testcase>
  <testcase classname="Scenario: Check if the search results match the search filter criteria [LastName\u002C FirstName]" name="Scenario: Check if the search results match the search filter criteria [LastName\u002C FirstName]" time="0.001">
    <failure message="Person list page is displayed" type="java.lang.AssertionError">java.lang.AssertionError: Person list page is displayed
	at org.junit.Assert.fail(Assert.java:88)
	at org.junit.Assert.assertTrue(Assert.java:41)
	at de.neusta.b4u.steps.addresses.AddressListPersonSteps.i_provide_the_following_data_to_the_person_search_filter(AddressListPersonSteps.java:33)
	at ✽.And I provide the following data to the person search filter(accountMenuAddressesPersonAll.feature:78)
</failure>
  </testcase>
  <testcase classname="Scenario: Check if the search results match the search filter criteria [LastName\u002C FirstName]" name="When I list the person search results" time="0.001">
    <skipped/>
  </testcase>
  <testcase classname="Scenario: Check if the search results match the search filter criteria [LastName\u002C FirstName]" name="Then the person search results should only contain" time="0.001">
    <skipped/>
  </testcase>
  <testcase classname="Scenario: Check if the search results match the search filter criteria [FirstName]" name="Given I have logged into my account as standard user" time="0"/>
  <testcase classname="Scenario: Check if the search results match the search filter criteria [FirstName]" name="And I have checked that the person \&quot;Banner\u002C Brucie\&quot; does not already exist" time="0">
    <failure message="Person list page is displayed" type="java.lang.AssertionError">java.lang.AssertionError: Person list page is displayed
	at org.junit.Assert.fail(Assert.java:88)
	at org.junit.Assert.assertTrue(Assert.java:41)
	at de.neusta.b4u.steps.addresses.AddressCreatePersonSteps.i_have_checked_that_the_person_does_not_already_exist(AddressCreatePersonSteps.java:43)
	at ✽.And I have checked that the person &quot;Banner, Brucie&quot; does not already exist(accountMenuAddressesPersonAll.feature:86)
</failure>
  </testcase>
  <testcase classname="Scenario: Check if the search results match the search filter criteria [FirstName]" name="Scenario: Check if the search results match the search filter criteria [FirstName]" time="0">
    <failure message="Person list page is displayed" type="java.lang.AssertionError">java.lang.AssertionError: Person list page is displayed
	at org.junit.Assert.fail(Assert.java:88)
	at org.junit.Assert.assertTrue(Assert.java:41)
	at de.neusta.b4u.steps.addresses.AddressCreatePersonSteps.i_have_checked_that_the_person_does_not_already_exist(AddressCreatePersonSteps.java:43)
	at ✽.And I have checked that the person &quot;Banner, Brucie&quot; does not already exist(accountMenuAddressesPersonAll.feature:86)
</failure>
  </testcase>
  <testcase classname="Scenario: Check if the search results match the search filter criteria [FirstName]" name="And I have checked that the person \&quot;Wayne\u002C Brucie\&quot; does not already exist" time="0.001">
    <skipped/>
  </testcase>
  <testcase classname="Scenario: Check if the search results match the search filter criteria [FirstName]" name="And I have checked that the person \&quot;Brucie\u002C Banner\&quot; does not already exist" time="0.001">
    <skipped/>
  </testcase>
  <testcase classname="Scenario: Check if the search results match the search filter criteria [FirstName]" name="And I create a new person \&quot;Brucie Banner\&quot;" time="0.001">
    <skipped/>
  </testcase>
  <testcase classname="Scenario: Check if the search results match the search filter criteria [FirstName]" name="And I create a new person \&quot;Brucie Wayne\&quot;" time="0.001">
    <skipped/>
  </testcase>
  <testcase classname="Scenario: Check if the search results match the search filter criteria [FirstName]" name="And I create a new person \&quot;Banner Brucie\&quot;" time="0.002">
    <skipped/>
  </testcase>
  <testcase classname="Scenario: Check if the search results match the search filter criteria [FirstName]" name="And I am on the person address list page" time="0.002">
    <skipped/>
  </testcase>
  <testcase classname="Scenario: Check if the search results match the search filter criteria [FirstName]" name="And I provide the following data to the person search filter" time="0.002">
    <skipped/>
  </testcase>
  <testcase classname="Scenario: Check if the search results match the search filter criteria [FirstName]" name="When I list the person search results" time="0.002">
    <skipped/>
  </testcase>
  <testcase classname="Scenario: Check if the search results match the search filter criteria [FirstName]" name="Then the person search results should only contain" time="0.002">
    <skipped/>
  </testcase>
  <testcase classname="Scenario: Check if the search results match the search filter criteria [LastName]" name="Given I have logged into my account as standard user" time="0"/>
  <testcase classname="Scenario: Check if the search results match the search filter criteria [LastName]" name="And I have checked that the person \&quot;Skywalker\u002C Luke\&quot; does not already exist" time="0">
    <failure message="Person list page is displayed" type="java.lang.AssertionError">java.lang.AssertionError: Person list page is displayed
	at org.junit.Assert.fail(Assert.java:88)
	at org.junit.Assert.assertTrue(Assert.java:41)
	at de.neusta.b4u.steps.addresses.AddressCreatePersonSteps.i_have_checked_that_the_person_does_not_already_exist(AddressCreatePersonSteps.java:43)
	at ✽.And I have checked that the person &quot;Skywalker, Luke&quot; does not already exist(accountMenuAddressesPersonAll.feature:108)
</failure>
  </testcase>
  <testcase classname="Scenario: Check if the search results match the search filter criteria [LastName]" name="Scenario: Check if the search results match the search filter criteria [LastName]" time="0">
    <failure message="Person list page is displayed" type="java.lang.AssertionError">java.lang.AssertionError: Person list page is displayed
	at org.junit.Assert.fail(Assert.java:88)
	at org.junit.Assert.assertTrue(Assert.java:41)
	at de.neusta.b4u.steps.addresses.AddressCreatePersonSteps.i_have_checked_that_the_person_does_not_already_exist(AddressCreatePersonSteps.java:43)
	at ✽.And I have checked that the person &quot;Skywalker, Luke&quot; does not already exist(accountMenuAddressesPersonAll.feature:108)
</failure>
  </testcase>
  <testcase classname="Scenario: Check if the search results match the search filter criteria [LastName]" name="And I have checked that the person \&quot;Skywalker\u002C Anakin\&quot; does not already exist" time="0.001">
    <skipped/>
  </testcase>
  <testcase classname="Scenario: Check if the search results match the search filter criteria [LastName]" name="And I have checked that the person \&quot;Luke\u002C Skywalker\&quot; does not already exist" time="0.001">
    <skipped/>
  </testcase>
  <testcase classname="Scenario: Check if the search results match the search filter criteria [LastName]" name="And I create a new person \&quot;Luke Skywalker\&quot;" time="0.001">
    <skipped/>
  </testcase>
  <testcase classname="Scenario: Check if the search results match the search filter criteria [LastName]" name="And I create a new person \&quot;Anakin Skywalker\&quot;" time="0.001">
    <skipped/>
  </testcase>
  <testcase classname="Scenario: Check if the search results match the search filter criteria [LastName]" name="And I create a new person \&quot;Skywalker Luke\&quot;" time="0.001">
    <skipped/>
  </testcase>
  <testcase classname="Scenario: Check if the search results match the search filter criteria [LastName]" name="And I am on the person address list page" time="0.002">
    <skipped/>
  </testcase>
  <testcase classname="Scenario: Check if the search results match the search filter criteria [LastName]" name="And I provide the following data to the person search filter" time="0.002">
    <skipped/>
  </testcase>
  <testcase classname="Scenario: Check if the search results match the search filter criteria [LastName]" name="When I list the person search results" time="0.002">
    <skipped/>
  </testcase>
  <testcase classname="Scenario: Check if the search results match the search filter criteria [LastName]" name="Then the person search results should only contain" time="0.003">
    <skipped/>
  </testcase>
  <testcase classname="Scenario: Check if the search results match the search filter criteria [All]" name="Given I have logged into my account as standard user" time="0"/>
  <testcase classname="Scenario: Check if the search results match the search filter criteria [All]" name="And I have checked that the person \&quot;Skywalker\u002C Luke\&quot; does not already exist" time="0">
    <failure message="Person list page is displayed" type="java.lang.AssertionError">java.lang.AssertionError: Person list page is displayed
	at org.junit.Assert.fail(Assert.java:88)
	at org.junit.Assert.assertTrue(Assert.java:41)
	at de.neusta.b4u.steps.addresses.AddressCreatePersonSteps.i_have_checked_that_the_person_does_not_already_exist(AddressCreatePersonSteps.java:43)
	at ✽.And I have checked that the person &quot;Skywalker, Luke&quot; does not already exist(accountMenuAddressesPersonAll.feature:130)
</failure>
  </testcase>
  <testcase classname="Scenario: Check if the search results match the search filter criteria [All]" name="Scenario: Check if the search results match the search filter criteria [All]" time="0">
    <failure message="Person list page is displayed" type="java.lang.AssertionError">java.lang.AssertionError: Person list page is displayed
	at org.junit.Assert.fail(Assert.java:88)
	at org.junit.Assert.assertTrue(Assert.java:41)
	at de.neusta.b4u.steps.addresses.AddressCreatePersonSteps.i_have_checked_that_the_person_does_not_already_exist(AddressCreatePersonSteps.java:43)
	at ✽.And I have checked that the person &quot;Skywalker, Luke&quot; does not already exist(accountMenuAddressesPersonAll.feature:130)
</failure>
  </testcase>
  <testcase classname="Scenario: Check if the search results match the search filter criteria [All]" name="And I have checked that the person \&quot;Lukewalker\u002C Sky\&quot; does not already exist" time="0.001">
    <skipped/>
  </testcase>
  <testcase classname="Scenario: Check if the search results match the search filter criteria [All]" name="And I have checked that the person \&quot;Luke\u002C Skywalker\&quot; does not already exist" time="0.001">
    <skipped/>
  </testcase>
  <testcase classname="Scenario: Check if the search results match the search filter criteria [All]" name="And I create a new person \&quot;Luke Skywalker\&quot;" time="0.001">
    <skipped/>
  </testcase>
  <testcase classname="Scenario: Check if the search results match the search filter criteria [All]" name="And I create a new person \&quot;Sky Lukewalker\&quot;" time="0.002">
    <skipped/>
  </testcase>
  <testcase classname="Scenario: Check if the search results match the search filter criteria [All]" name="And I am on the person address list page" time="0.002">
    <skipped/>
  </testcase>
  <testcase classname="Scenario: Check if the search results match the search filter criteria [All]" name="And I provide the following data to the person search filter" time="0.002">
    <skipped/>
  </testcase>
  <testcase classname="Scenario: Check if the search results match the search filter criteria [All]" name="When I list the person search results" time="0.002">
    <skipped/>
  </testcase>
  <testcase classname="Scenario: Check if the search results match the search filter criteria [All]" name="Then the person search results should only contain" time="0.002">
    <skipped/>
  </testcase>
  <testcase classname="Scenario: Check if the search filters are correct" name="Given I have logged into my account as standard user" time="0"/>
  <testcase classname="Scenario: Check if the search filters are correct" name="And I am on the person address list page" time="0"/>
  <testcase classname="Scenario: Check if the search filters are correct" name="And I provide the following data to the person search filter" time="0">
    <failure message="Person list page is displayed" type="java.lang.AssertionError">java.lang.AssertionError: Person list page is displayed
	at org.junit.Assert.fail(Assert.java:88)
	at org.junit.Assert.assertTrue(Assert.java:41)
	at de.neusta.b4u.steps.addresses.AddressListPersonSteps.i_provide_the_following_data_to_the_person_search_filter(AddressListPersonSteps.java:33)
	at ✽.And I provide the following data to the person search filter(accountMenuAddressesPersonAll.feature:150)
</failure>
  </testcase>
  <testcase classname="Scenario: Check if the search filters are correct" name="Scenario: Check if the search filters are correct" time="0">
    <failure message="Person list page is displayed" type="java.lang.AssertionError">java.lang.AssertionError: Person list page is displayed
	at org.junit.Assert.fail(Assert.java:88)
	at org.junit.Assert.assertTrue(Assert.java:41)
	at de.neusta.b4u.steps.addresses.AddressListPersonSteps.i_provide_the_following_data_to_the_person_search_filter(AddressListPersonSteps.java:33)
	at ✽.And I provide the following data to the person search filter(accountMenuAddressesPersonAll.feature:150)
</failure>
  </testcase>
  <testcase classname="Scenario: Check if the search filters are correct" name="When I list the person search results" time="0">
    <skipped/>
  </testcase>
  <testcase classname="Scenario: Check if the search filters are correct" name="Then the person search results are empty" time="0.001">
    <skipped/>
  </testcase>
  <testcase classname="Scenario: Check if the keyword filter is correct [Knowhow]" name="Given I have logged into my account as standard user" time="0"/>
  <testcase classname="Scenario: Check if the keyword filter is correct [Knowhow]" name="And I have checked that the person \&quot;Banner\u002C Bruce\&quot; does not already exist" time="0">
    <failure message="Person list page is displayed" type="java.lang.AssertionError">java.lang.AssertionError: Person list page is displayed
	at org.junit.Assert.fail(Assert.java:88)
	at org.junit.Assert.assertTrue(Assert.java:41)
	at de.neusta.b4u.steps.addresses.AddressCreatePersonSteps.i_have_checked_that_the_person_does_not_already_exist(AddressCreatePersonSteps.java:43)
	at ✽.And I have checked that the person &quot;Banner, Bruce&quot; does not already exist(accountMenuAddressesPersonAll.feature:157)
</failure>
  </testcase>
  <testcase classname="Scenario: Check if the keyword filter is correct [Knowhow]" name="Scenario: Check if the keyword filter is correct [Knowhow]" time="0">
    <failure message="Person list page is displayed" type="java.lang.AssertionError">java.lang.AssertionError: Person list page is displayed
	at org.junit.Assert.fail(Assert.java:88)
	at org.junit.Assert.assertTrue(Assert.java:41)
	at de.neusta.b4u.steps.addresses.AddressCreatePersonSteps.i_have_checked_that_the_person_does_not_already_exist(AddressCreatePersonSteps.java:43)
	at ✽.And I have checked that the person &quot;Banner, Bruce&quot; does not already exist(accountMenuAddressesPersonAll.feature:157)
</failure>
  </testcase>
  <testcase classname="Scenario: Check if the keyword filter is correct [Knowhow]" name="And I create a new person \&quot;Bruce Banner\&quot;" time="0.001">
    <skipped/>
  </testcase>
  <testcase classname="Scenario: Check if the keyword filter is correct [Knowhow]" name="And I add a new know how \&quot;Gamma-Strahlen\&quot;" time="0.001">
    <skipped/>
  </testcase>
  <testcase classname="Scenario: Check if the keyword filter is correct [Knowhow]" name="And I am on the person address list page" time="0.001">
    <skipped/>
  </testcase>
  <testcase classname="Scenario: Check if the keyword filter is correct [Knowhow]" name="And I provide the following data to the person search filter" time="0.001">
    <skipped/>
  </testcase>
  <testcase classname="Scenario: Check if the keyword filter is correct [Knowhow]" name="When I list the person search results" time="0.001">
    <skipped/>
  </testcase>
  <testcase classname="Scenario: Check if the keyword filter is correct [Knowhow]" name="Then the freelancer search results should only contain \&quot;Banner\u002C Bruce\&quot;" time="0.002">
    <skipped/>
  </testcase>
  <testcase classname="Scenario: Check if the keyword filter is correct [Skill]" name="Given I have logged into my account as standard user" time="0"/>
  <testcase classname="Scenario: Check if the keyword filter is correct [Skill]" name="And I have checked that the person \&quot;Banner\u002C Bruce\&quot; does not already exist" time="0">
    <failure message="Person list page is displayed" type="java.lang.AssertionError">java.lang.AssertionError: Person list page is displayed
	at org.junit.Assert.fail(Assert.java:88)
	at org.junit.Assert.assertTrue(Assert.java:41)
	at de.neusta.b4u.steps.addresses.AddressCreatePersonSteps.i_have_checked_that_the_person_does_not_already_exist(AddressCreatePersonSteps.java:43)
	at ✽.And I have checked that the person &quot;Banner, Bruce&quot; does not already exist(accountMenuAddressesPersonAll.feature:171)
</failure>
  </testcase>
  <testcase classname="Scenario: Check if the keyword filter is correct [Skill]" name="Scenario: Check if the keyword filter is correct [Skill]" time="0">
    <failure message="Person list page is displayed" type="java.lang.AssertionError">java.lang.AssertionError: Person list page is displayed
	at org.junit.Assert.fail(Assert.java:88)
	at org.junit.Assert.assertTrue(Assert.java:41)
	at de.neusta.b4u.steps.addresses.AddressCreatePersonSteps.i_have_checked_that_the_person_does_not_already_exist(AddressCreatePersonSteps.java:43)
	at ✽.And I have checked that the person &quot;Banner, Bruce&quot; does not already exist(accountMenuAddressesPersonAll.feature:171)
</failure>
  </testcase>
  <testcase classname="Scenario: Check if the keyword filter is correct [Skill]" name="And I create a new person \&quot;Bruce Banner\&quot;" time="0.001">
    <skipped/>
  </testcase>
  <testcase classname="Scenario: Check if the keyword filter is correct [Skill]" name="And I add a new skill \&quot;Wutbew\u00E4ltigung\&quot; to the person" time="0.001">
    <skipped/>
  </testcase>
  <testcase classname="Scenario: Check if the keyword filter is correct [Skill]" name="And I am on the person address list page" time="0.001">
    <skipped/>
  </testcase>
  <testcase classname="Scenario: Check if the keyword filter is correct [Skill]" name="And I provide the following data to the person search filter" time="0.002">
    <skipped/>
  </testcase>
  <testcase classname="Scenario: Check if the keyword filter is correct [Skill]" name="When I list the person search results" time="0.002">
    <skipped/>
  </testcase>
  <testcase classname="Scenario: Check if the keyword filter is correct [Skill]" name="Then the freelancer search results should only contain \&quot;Banner\u002C Bruce\&quot;" time="0.002">
    <skipped/>
  </testcase>
  <testcase classname="Scenario: Check if the keyword filter is correct [Projects]" name="Given I have logged into my account as standard user" time="0"/>
  <testcase classname="Scenario: Check if the keyword filter is correct [Projects]" name="And I have checked that the person \&quot;Banner\u002C Bruce\&quot; does not already exist" time="0">
    <failure message="Person list page is displayed" type="java.lang.AssertionError">java.lang.AssertionError: Person list page is displayed
	at org.junit.Assert.fail(Assert.java:88)
	at org.junit.Assert.assertTrue(Assert.java:41)
	at de.neusta.b4u.steps.addresses.AddressCreatePersonSteps.i_have_checked_that_the_person_does_not_already_exist(AddressCreatePersonSteps.java:43)
	at ✽.And I have checked that the person &quot;Banner, Bruce&quot; does not already exist(accountMenuAddressesPersonAll.feature:185)
</failure>
  </testcase>
  <testcase classname="Scenario: Check if the keyword filter is correct [Projects]" name="Scenario: Check if the keyword filter is correct [Projects]" time="0">
    <failure message="Person list page is displayed" type="java.lang.AssertionError">java.lang.AssertionError: Person list page is displayed
	at org.junit.Assert.fail(Assert.java:88)
	at org.junit.Assert.assertTrue(Assert.java:41)
	at de.neusta.b4u.steps.addresses.AddressCreatePersonSteps.i_have_checked_that_the_person_does_not_already_exist(AddressCreatePersonSteps.java:43)
	at ✽.And I have checked that the person &quot;Banner, Bruce&quot; does not already exist(accountMenuAddressesPersonAll.feature:185)
</failure>
  </testcase>
  <testcase classname="Scenario: Check if the keyword filter is correct [Projects]" name="And I create a new person \&quot;Bruce Banner\&quot;" time="0.001">
    <skipped/>
  </testcase>
  <testcase classname="Scenario: Check if the keyword filter is correct [Projects]" name="And I add a new project" time="0.001">
    <skipped/>
  </testcase>
  <testcase classname="Scenario: Check if the keyword filter is correct [Projects]" name="And I am on the person address list page" time="0.001">
    <skipped/>
  </testcase>
  <testcase classname="Scenario: Check if the keyword filter is correct [Projects]" name="And I provide the following data to the person search filter" time="0.012">
    <skipped/>
  </testcase>
  <testcase classname="Scenario: Check if the keyword filter is correct [Projects]" name="When I list the person search results" time="0.012">
    <skipped/>
  </testcase>
  <testcase classname="Scenario: Check if the keyword filter is correct [Projects]" name="Then the freelancer search results should only contain \&quot;Banner\u002C Bruce\&quot;" time="0.012">
    <skipped/>
  </testcase>
  <testcase classname="Scenario: Change person details [without contact types]" name="Given I have logged into my account as standard user" time="0"/>
  <testcase classname="Scenario: Change person details [without contact types]" name="And I have checked that the person \&quot;Wayne\u002C Bruce\&quot; does not already exist" time="0.001">
    <failure message="Person list page is displayed" type="java.lang.AssertionError">java.lang.AssertionError: Person list page is displayed
	at org.junit.Assert.fail(Assert.java:88)
	at org.junit.Assert.assertTrue(Assert.java:41)
	at de.neusta.b4u.steps.addresses.AddressCreatePersonSteps.i_have_checked_that_the_person_does_not_already_exist(AddressCreatePersonSteps.java:43)
	at ✽.And I have checked that the person &quot;Wayne, Bruce&quot; does not already exist(accountMenuAddressesPersonEdit.feature:7)
</failure>
  </testcase>
  <testcase classname="Scenario: Change person details [without contact types]" name="Scenario: Change person details [without contact types]" time="0.001">
    <failure message="Person list page is displayed" type="java.lang.AssertionError">java.lang.AssertionError: Person list page is displayed
	at org.junit.Assert.fail(Assert.java:88)
	at org.junit.Assert.assertTrue(Assert.java:41)
	at de.neusta.b4u.steps.addresses.AddressCreatePersonSteps.i_have_checked_that_the_person_does_not_already_exist(AddressCreatePersonSteps.java:43)
	at ✽.And I have checked that the person &quot;Wayne, Bruce&quot; does not already exist(accountMenuAddressesPersonEdit.feature:7)
</failure>
  </testcase>
  <testcase classname="Scenario: Change person details [without contact types]" name="And I have checked that the person \&quot;Kyle\u002C Selina\&quot; does not already exist" time="0.001">
    <skipped/>
  </testcase>
  <testcase classname="Scenario: Change person details [without contact types]" name="And I create a new person \&quot;Bruce Wayne\&quot;" time="0.001">
    <skipped/>
  </testcase>
  <testcase classname="Scenario: Change person details [without contact types]" name="When I am on the edit person page of \&quot;Bruce Wayne\&quot;" time="0.001">
    <skipped/>
  </testcase>
  <testcase classname="Scenario: Change person details [without contact types]" name="And I edit the person details" time="0.002">
    <skipped/>
  </testcase>
  <testcase classname="Scenario: Change person details [without contact types]" name="Then the person details are" time="0.002">
    <skipped/>
  </testcase>
  <testcase classname="Scenario: Change person address" name="Given I have logged into my account as standard user" time="0"/>
  <testcase classname="Scenario: Change person address" name="And I have checked that the person \&quot;Wayne\u002C Bruce\&quot; does not already exist" time="0">
    <failure message="Person list page is displayed" type="java.lang.AssertionError">java.lang.AssertionError: Person list page is displayed
	at org.junit.Assert.fail(Assert.java:88)
	at org.junit.Assert.assertTrue(Assert.java:41)
	at de.neusta.b4u.steps.addresses.AddressCreatePersonSteps.i_have_checked_that_the_person_does_not_already_exist(AddressCreatePersonSteps.java:43)
	at ✽.And I have checked that the person &quot;Wayne, Bruce&quot; does not already exist(accountMenuAddressesPersonEdit.feature:36)
</failure>
  </testcase>
  <testcase classname="Scenario: Change person address" name="Scenario: Change person address" time="0">
    <failure message="Person list page is displayed" type="java.lang.AssertionError">java.lang.AssertionError: Person list page is displayed
	at org.junit.Assert.fail(Assert.java:88)
	at org.junit.Assert.assertTrue(Assert.java:41)
	at de.neusta.b4u.steps.addresses.AddressCreatePersonSteps.i_have_checked_that_the_person_does_not_already_exist(AddressCreatePersonSteps.java:43)
	at ✽.And I have checked that the person &quot;Wayne, Bruce&quot; does not already exist(accountMenuAddressesPersonEdit.feature:36)
</failure>
  </testcase>
  <testcase classname="Scenario: Change person address" name="And I have checked that the person \&quot;Kyle\u002C Selina\&quot; does not already exist" time="0.001">
    <skipped/>
  </testcase>
  <testcase classname="Scenario: Change person address" name="And I create a new person \&quot;Bruce Wayne\&quot;" time="0.001">
    <skipped/>
  </testcase>
  <testcase classname="Scenario: Change person address" name="When I am on the edit person page of \&quot;Bruce Wayne\&quot;" time="0.001">
    <skipped/>
  </testcase>
  <testcase classname="Scenario: Change person address" name="And I edit the person address" time="0.001">
    <skipped/>
  </testcase>
  <testcase classname="Scenario: Change person address" name="Then the person details are" time="0.001">
    <skipped/>
  </testcase>
  <testcase classname="Scenario: Change person contact types" name="Given I have logged into my account as standard user" time="0"/>
  <testcase classname="Scenario: Change person contact types" name="And I have checked that the person \&quot;Wayne\u002C Bruce\&quot; does not already exist" time="0">
    <failure message="Person list page is displayed" type="java.lang.AssertionError">java.lang.AssertionError: Person list page is displayed
	at org.junit.Assert.fail(Assert.java:88)
	at org.junit.Assert.assertTrue(Assert.java:41)
	at de.neusta.b4u.steps.addresses.AddressCreatePersonSteps.i_have_checked_that_the_person_does_not_already_exist(AddressCreatePersonSteps.java:43)
	at ✽.And I have checked that the person &quot;Wayne, Bruce&quot; does not already exist(accountMenuAddressesPersonEdit.feature:56)
</failure>
  </testcase>
  <testcase classname="Scenario: Change person contact types" name="Scenario: Change person contact types" time="0">
    <failure message="Person list page is displayed" type="java.lang.AssertionError">java.lang.AssertionError: Person list page is displayed
	at org.junit.Assert.fail(Assert.java:88)
	at org.junit.Assert.assertTrue(Assert.java:41)
	at de.neusta.b4u.steps.addresses.AddressCreatePersonSteps.i_have_checked_that_the_person_does_not_already_exist(AddressCreatePersonSteps.java:43)
	at ✽.And I have checked that the person &quot;Wayne, Bruce&quot; does not already exist(accountMenuAddressesPersonEdit.feature:56)
</failure>
  </testcase>
  <testcase classname="Scenario: Change person contact types" name="And I have checked that the person \&quot;Kyle\u002C Selina\&quot; does not already exist" time="0">
    <skipped/>
  </testcase>
  <testcase classname="Scenario: Change person contact types" name="And I create a new person \&quot;Bruce Wayne\&quot;" time="0">
    <skipped/>
  </testcase>
  <testcase classname="Scenario: Change person contact types" name="When I am on the edit person page of \&quot;Bruce Wayne\&quot;" time="0">
    <skipped/>
  </testcase>
  <testcase classname="Scenario: Change person contact types" name="And I edit the person contact types" time="0.001">
    <skipped/>
  </testcase>
  <testcase classname="Scenario: Change person contact types" name="Then the person details are" time="0.001">
    <skipped/>
  </testcase>
  <testcase classname="Scenario: Add new contact to an existing person" name="Given I have logged into my account as standard user" time="0"/>
  <testcase classname="Scenario: Add new contact to an existing person" name="And I have checked that the person \&quot;Wayne\u002C Bruce\&quot; does not already exist" time="0">
    <failure message="Person list page is displayed" type="java.lang.AssertionError">java.lang.AssertionError: Person list page is displayed
	at org.junit.Assert.fail(Assert.java:88)
	at org.junit.Assert.assertTrue(Assert.java:41)
	at de.neusta.b4u.steps.addresses.AddressCreatePersonSteps.i_have_checked_that_the_person_does_not_already_exist(AddressCreatePersonSteps.java:43)
	at ✽.And I have checked that the person &quot;Wayne, Bruce&quot; does not already exist(accountMenuAddressesPersonEdit.feature:72)
</failure>
  </testcase>
  <testcase classname="Scenario: Add new contact to an existing person" name="Scenario: Add new contact to an existing person" time="0">
    <failure message="Person list page is displayed" type="java.lang.AssertionError">java.lang.AssertionError: Person list page is displayed
	at org.junit.Assert.fail(Assert.java:88)
	at org.junit.Assert.assertTrue(Assert.java:41)
	at de.neusta.b4u.steps.addresses.AddressCreatePersonSteps.i_have_checked_that_the_person_does_not_already_exist(AddressCreatePersonSteps.java:43)
	at ✽.And I have checked that the person &quot;Wayne, Bruce&quot; does not already exist(accountMenuAddressesPersonEdit.feature:72)
</failure>
  </testcase>
  <testcase classname="Scenario: Add new contact to an existing person" name="And I have checked that the contact \&quot;Justice League\&quot; does not already exist" time="0">
    <skipped/>
  </testcase>
  <testcase classname="Scenario: Add new contact to an existing person" name="And I create a new person \&quot;Bruce Wayne\&quot;" time="0.001">
    <skipped/>
  </testcase>
  <testcase classname="Scenario: Add new contact to an existing person" name="When I am on the edit person page of \&quot;Bruce Wayne\&quot;" time="0.001">
    <skipped/>
  </testcase>
  <testcase classname="Scenario: Add new contact to an existing person" name="And I add a new contact \&quot;Justice League\&quot; to the person" time="0.001">
    <skipped/>
  </testcase>
  <testcase classname="Scenario: Add new contact to an existing person" name="And I am on the edit person page of \&quot;Bruce Wayne\&quot;" time="0.001">
    <skipped/>
  </testcase>
  <testcase classname="Scenario: Add new contact to an existing person" name="Then the person contact list should only contain" time="0.002">
    <skipped/>
  </testcase>
  <testcase classname="Scenario: Add a know how to an existing person" name="Given I have logged into my account as standard user" time="0"/>
  <testcase classname="Scenario: Add a know how to an existing person" name="And I have checked that the person \&quot;Wayne\u002C Bruce\&quot; does not already exist" time="0">
    <failure message="Person list page is displayed" type="java.lang.AssertionError">java.lang.AssertionError: Person list page is displayed
	at org.junit.Assert.fail(Assert.java:88)
	at org.junit.Assert.assertTrue(Assert.java:41)
	at de.neusta.b4u.steps.addresses.AddressCreatePersonSteps.i_have_checked_that_the_person_does_not_already_exist(AddressCreatePersonSteps.java:43)
	at ✽.And I have checked that the person &quot;Wayne, Bruce&quot; does not already exist(accountMenuAddressesPersonEdit.feature:86)
</failure>
  </testcase>
  <testcase classname="Scenario: Add a know how to an existing person" name="Scenario: Add a know how to an existing person" time="0.001">
    <failure message="Person list page is displayed" type="java.lang.AssertionError">java.lang.AssertionError: Person list page is displayed
	at org.junit.Assert.fail(Assert.java:88)
	at org.junit.Assert.assertTrue(Assert.java:41)
	at de.neusta.b4u.steps.addresses.AddressCreatePersonSteps.i_have_checked_that_the_person_does_not_already_exist(AddressCreatePersonSteps.java:43)
	at ✽.And I have checked that the person &quot;Wayne, Bruce&quot; does not already exist(accountMenuAddressesPersonEdit.feature:86)
</failure>
  </testcase>
  <testcase classname="Scenario: Add a know how to an existing person" name="And I create a new person \&quot;Bruce Wayne\&quot;" time="0.001">
    <skipped/>
  </testcase>
  <testcase classname="Scenario: Add a know how to an existing person" name="When I am on the edit person page of \&quot;Bruce Wayne\&quot;" time="0.001">
    <skipped/>
  </testcase>
  <testcase classname="Scenario: Add a know how to an existing person" name="And I add a new know how \&quot;Ninjutsu\&quot;" time="0.002">
    <skipped/>
  </testcase>
  <testcase classname="Scenario: Add a know how to an existing person" name="Then the person has the know how \&quot;Ninjutsu\&quot; set" time="0.002">
    <skipped/>
  </testcase>
  <testcase classname="Scenario: Remove a know how from an existing person" name="Given I have logged into my account as standard user" time="0"/>
  <testcase classname="Scenario: Remove a know how from an existing person" name="And I have checked that the person \&quot;Wayne\u002C Bruce\&quot; does not already exist" time="0">
    <failure message="Person list page is displayed" type="java.lang.AssertionError">java.lang.AssertionError: Person list page is displayed
	at org.junit.Assert.fail(Assert.java:88)
	at org.junit.Assert.assertTrue(Assert.java:41)
	at de.neusta.b4u.steps.addresses.AddressCreatePersonSteps.i_have_checked_that_the_person_does_not_already_exist(AddressCreatePersonSteps.java:43)
	at ✽.And I have checked that the person &quot;Wayne, Bruce&quot; does not already exist(accountMenuAddressesPersonEdit.feature:97)
</failure>
  </testcase>
  <testcase classname="Scenario: Remove a know how from an existing person" name="Scenario: Remove a know how from an existing person" time="0">
    <failure message="Person list page is displayed" type="java.lang.AssertionError">java.lang.AssertionError: Person list page is displayed
	at org.junit.Assert.fail(Assert.java:88)
	at org.junit.Assert.assertTrue(Assert.java:41)
	at de.neusta.b4u.steps.addresses.AddressCreatePersonSteps.i_have_checked_that_the_person_does_not_already_exist(AddressCreatePersonSteps.java:43)
	at ✽.And I have checked that the person &quot;Wayne, Bruce&quot; does not already exist(accountMenuAddressesPersonEdit.feature:97)
</failure>
  </testcase>
  <testcase classname="Scenario: Remove a know how from an existing person" name="And I create a new person \&quot;Bruce Wayne\&quot;" time="0.001">
    <skipped/>
  </testcase>
  <testcase classname="Scenario: Remove a know how from an existing person" name="And I am on the edit person page of \&quot;Bruce Wayne\&quot;" time="0.001">
    <skipped/>
  </testcase>
  <testcase classname="Scenario: Remove a know how from an existing person" name="And I add a new know how \&quot;Ninjutsu\&quot;" time="0.001">
    <skipped/>
  </testcase>
  <testcase classname="Scenario: Remove a know how from an existing person" name="When I delete the know how \&quot;Ninjutsu\&quot; from the person" time="0.002">
    <skipped/>
  </testcase>
  <testcase classname="Scenario: Remove a know how from an existing person" name="Then the person has the know how \&quot;Ninjutsu\&quot; not set" time="0.002">
    <skipped/>
  </testcase>
  <testcase classname="Scenario: Add a skill to an existing person" name="Given I have logged into my account as standard user" time="0"/>
  <testcase classname="Scenario: Add a skill to an existing person" name="And I have checked that the person \&quot;Wayne\u002C Bruce\&quot; does not already exist" time="0">
    <failure message="Person list page is displayed" type="java.lang.AssertionError">java.lang.AssertionError: Person list page is displayed
	at org.junit.Assert.fail(Assert.java:88)
	at org.junit.Assert.assertTrue(Assert.java:41)
	at de.neusta.b4u.steps.addresses.AddressCreatePersonSteps.i_have_checked_that_the_person_does_not_already_exist(AddressCreatePersonSteps.java:43)
	at ✽.And I have checked that the person &quot;Wayne, Bruce&quot; does not already exist(accountMenuAddressesPersonEdit.feature:109)
</failure>
  </testcase>
  <testcase classname="Scenario: Add a skill to an existing person" name="Scenario: Add a skill to an existing person" time="0">
    <failure message="Person list page is displayed" type="java.lang.AssertionError">java.lang.AssertionError: Person list page is displayed
	at org.junit.Assert.fail(Assert.java:88)
	at org.junit.Assert.assertTrue(Assert.java:41)
	at de.neusta.b4u.steps.addresses.AddressCreatePersonSteps.i_have_checked_that_the_person_does_not_already_exist(AddressCreatePersonSteps.java:43)
	at ✽.And I have checked that the person &quot;Wayne, Bruce&quot; does not already exist(accountMenuAddressesPersonEdit.feature:109)
</failure>
  </testcase>
  <testcase classname="Scenario: Add a skill to an existing person" name="And I am on the create new person page" time="0.001">
    <skipped/>
  </testcase>
  <testcase classname="Scenario: Add a skill to an existing person" name="And I create a new person \&quot;Bruce Wayne\&quot;" time="0.001">
    <skipped/>
  </testcase>
  <testcase classname="Scenario: Add a skill to an existing person" name="When I am on the edit person page of \&quot;Bruce Wayne\&quot;" time="0.001">
    <skipped/>
  </testcase>
  <testcase classname="Scenario: Add a skill to an existing person" name="And I add a new skill \&quot;Geld\u002C Geld\u002C Geld\&quot; to the person" time="0.001">
    <skipped/>
  </testcase>
  <testcase classname="Scenario: Add a skill to an existing person" name="Then the person has the skill \&quot;Geld\u002C Geld\u002C Geld\&quot; set" time="0.002">
    <skipped/>
  </testcase>
  <testcase classname="Scenario: Remove a skill from an existing person" name="Given I have logged into my account as standard user" time="0"/>
  <testcase classname="Scenario: Remove a skill from an existing person" name="And I have checked that the person \&quot;Wayne\u002C Bruce\&quot; does not already exist" time="0">
    <failure message="Person list page is displayed" type="java.lang.AssertionError">java.lang.AssertionError: Person list page is displayed
	at org.junit.Assert.fail(Assert.java:88)
	at org.junit.Assert.assertTrue(Assert.java:41)
	at de.neusta.b4u.steps.addresses.AddressCreatePersonSteps.i_have_checked_that_the_person_does_not_already_exist(AddressCreatePersonSteps.java:43)
	at ✽.And I have checked that the person &quot;Wayne, Bruce&quot; does not already exist(accountMenuAddressesPersonEdit.feature:121)
</failure>
  </testcase>
  <testcase classname="Scenario: Remove a skill from an existing person" name="Scenario: Remove a skill from an existing person" time="0">
    <failure message="Person list page is displayed" type="java.lang.AssertionError">java.lang.AssertionError: Person list page is displayed
	at org.junit.Assert.fail(Assert.java:88)
	at org.junit.Assert.assertTrue(Assert.java:41)
	at de.neusta.b4u.steps.addresses.AddressCreatePersonSteps.i_have_checked_that_the_person_does_not_already_exist(AddressCreatePersonSteps.java:43)
	at ✽.And I have checked that the person &quot;Wayne, Bruce&quot; does not already exist(accountMenuAddressesPersonEdit.feature:121)
</failure>
  </testcase>
  <testcase classname="Scenario: Remove a skill from an existing person" name="And I am on the create new person page" time="0">
    <skipped/>
  </testcase>
  <testcase classname="Scenario: Remove a skill from an existing person" name="And I create a new person \&quot;Bruce Wayne\&quot;" time="0">
    <skipped/>
  </testcase>
  <testcase classname="Scenario: Remove a skill from an existing person" name="And I am on the edit person page of \&quot;Bruce Wayne\&quot;" time="0.001">
    <skipped/>
  </testcase>
  <testcase classname="Scenario: Remove a skill from an existing person" name="And I add a new skill \&quot;Geld\u002C Geld\u002C Geld\&quot; to the person" time="0.001">
    <skipped/>
  </testcase>
  <testcase classname="Scenario: Remove a skill from an existing person" name="When I delete the skill \&quot;Geld\u002C Geld\u002C Geld\&quot; from the person" time="0.001">
    <skipped/>
  </testcase>
  <testcase classname="Scenario: Remove a skill from an existing person" name="Then the person has the skill \&quot;Geld\u002C Geld\u002C Geld\&quot; not set" time="0.001">
    <skipped/>
  </testcase>
  <testcase classname="Scenario: Add a new project to an existing person" name="Given I have logged into my account as standard user" time="0"/>
  <testcase classname="Scenario: Add a new project to an existing person" name="And I have checked that the person \&quot;Wayne\u002C Bruce\&quot; does not already exist" time="0">
    <failure message="Person list page is displayed" type="java.lang.AssertionError">java.lang.AssertionError: Person list page is displayed
	at org.junit.Assert.fail(Assert.java:88)
	at org.junit.Assert.assertTrue(Assert.java:41)
	at de.neusta.b4u.steps.addresses.AddressCreatePersonSteps.i_have_checked_that_the_person_does_not_already_exist(AddressCreatePersonSteps.java:43)
	at ✽.And I have checked that the person &quot;Wayne, Bruce&quot; does not already exist(accountMenuAddressesPersonEdit.feature:134)
</failure>
  </testcase>
  <testcase classname="Scenario: Add a new project to an existing person" name="Scenario: Add a new project to an existing person" time="0">
    <failure message="Person list page is displayed" type="java.lang.AssertionError">java.lang.AssertionError: Person list page is displayed
	at org.junit.Assert.fail(Assert.java:88)
	at org.junit.Assert.assertTrue(Assert.java:41)
	at de.neusta.b4u.steps.addresses.AddressCreatePersonSteps.i_have_checked_that_the_person_does_not_already_exist(AddressCreatePersonSteps.java:43)
	at ✽.And I have checked that the person &quot;Wayne, Bruce&quot; does not already exist(accountMenuAddressesPersonEdit.feature:134)
</failure>
  </testcase>
  <testcase classname="Scenario: Add a new project to an existing person" name="And I create a new person \&quot;Bruce Wayne\&quot;" time="0">
    <skipped/>
  </testcase>
  <testcase classname="Scenario: Add a new project to an existing person" name="When I am on the edit person page of \&quot;Bruce Wayne\&quot;" time="0">
    <skipped/>
  </testcase>
  <testcase classname="Scenario: Add a new project to an existing person" name="And I add a new project" time="0">
    <skipped/>
  </testcase>
  <testcase classname="Scenario: Add a new project to an existing person" name="And I am on the edit person page of \&quot;Bruce Wayne\&quot;" time="0.001">
    <skipped/>
  </testcase>
  <testcase classname="Scenario: Add a new project to an existing person" name="Then the person project list should only contain" time="0.001">
    <skipped/>
  </testcase>
  <testcase classname="Scenario: Remove a project from an existing person" name="Given I have logged into my account as standard user" time="0"/>
  <testcase classname="Scenario: Remove a project from an existing person" name="And I have checked that the person \&quot;Wayne\u002C Bruce\&quot; does not already exist" time="0">
    <failure message="Person list page is displayed" type="java.lang.AssertionError">java.lang.AssertionError: Person list page is displayed
	at org.junit.Assert.fail(Assert.java:88)
	at org.junit.Assert.assertTrue(Assert.java:41)
	at de.neusta.b4u.steps.addresses.AddressCreatePersonSteps.i_have_checked_that_the_person_does_not_already_exist(AddressCreatePersonSteps.java:43)
	at ✽.And I have checked that the person &quot;Wayne, Bruce&quot; does not already exist(accountMenuAddressesPersonEdit.feature:154)
</failure>
  </testcase>
  <testcase classname="Scenario: Remove a project from an existing person" name="Scenario: Remove a project from an existing person" time="0">
    <failure message="Person list page is displayed" type="java.lang.AssertionError">java.lang.AssertionError: Person list page is displayed
	at org.junit.Assert.fail(Assert.java:88)
	at org.junit.Assert.assertTrue(Assert.java:41)
	at de.neusta.b4u.steps.addresses.AddressCreatePersonSteps.i_have_checked_that_the_person_does_not_already_exist(AddressCreatePersonSteps.java:43)
	at ✽.And I have checked that the person &quot;Wayne, Bruce&quot; does not already exist(accountMenuAddressesPersonEdit.feature:154)
</failure>
  </testcase>
  <testcase classname="Scenario: Remove a project from an existing person" name="And I create a new person \&quot;Bruce Wayne\&quot;" time="0">
    <skipped/>
  </testcase>
  <testcase classname="Scenario: Remove a project from an existing person" name="And I am on the edit person page of \&quot;Bruce Wayne\&quot;" time="0.001">
    <skipped/>
  </testcase>
  <testcase classname="Scenario: Remove a project from an existing person" name="And I add a new project" time="0.001">
    <skipped/>
  </testcase>
  <testcase classname="Scenario: Remove a project from an existing person" name="And I am on the edit person page of \&quot;Bruce Wayne\&quot;" time="0.001">
    <skipped/>
  </testcase>
  <testcase classname="Scenario: Remove a project from an existing person" name="When I delete the project \&quot;1\&quot;" time="0.001">
    <skipped/>
  </testcase>
  <testcase classname="Scenario: Remove a project from an existing person" name="Then the person project list should be empty" time="0.001">
    <skipped/>
  </testcase>
  <testcase classname="Scenario: Edit person freelancer data" name="Given I have logged into my account as standard user" time="0"/>
  <testcase classname="Scenario: Edit person freelancer data" name="And I have checked that the person \&quot;Wayne\u002C Bruce\&quot; does not already exist" time="0.001">
    <failure message="Person list page is displayed" type="java.lang.AssertionError">java.lang.AssertionError: Person list page is displayed
	at org.junit.Assert.fail(Assert.java:88)
	at org.junit.Assert.assertTrue(Assert.java:41)
	at de.neusta.b4u.steps.addresses.AddressCreatePersonSteps.i_have_checked_that_the_person_does_not_already_exist(AddressCreatePersonSteps.java:43)
	at ✽.And I have checked that the person &quot;Wayne, Bruce&quot; does not already exist(accountMenuAddressesPersonEdit.feature:174)
</failure>
  </testcase>
  <testcase classname="Scenario: Edit person freelancer data" name="Scenario: Edit person freelancer data" time="0.001">
    <failure message="Person list page is displayed" type="java.lang.AssertionError">java.lang.AssertionError: Person list page is displayed
	at org.junit.Assert.fail(Assert.java:88)
	at org.junit.Assert.assertTrue(Assert.java:41)
	at de.neusta.b4u.steps.addresses.AddressCreatePersonSteps.i_have_checked_that_the_person_does_not_already_exist(AddressCreatePersonSteps.java:43)
	at ✽.And I have checked that the person &quot;Wayne, Bruce&quot; does not already exist(accountMenuAddressesPersonEdit.feature:174)
</failure>
  </testcase>
  <testcase classname="Scenario: Edit person freelancer data" name="And I create a new person \&quot;Bruce Wayne\&quot;" time="0.001">
    <skipped/>
  </testcase>
  <testcase classname="Scenario: Edit person freelancer data" name="When I am on the edit person page of \&quot;Bruce Wayne\&quot;" time="0.001">
    <skipped/>
  </testcase>
  <testcase classname="Scenario: Edit person freelancer data" name="And I edit the person freelancer details" time="0.001">
    <skipped/>
  </testcase>
  <testcase classname="Scenario: Edit person freelancer data" name="Then the person freelancer details are" time="0.002">
    <skipped/>
  </testcase>
  <testcase classname="Scenario: Check elements addresses menu person new" name="Given I have logged into my account as standard user" time="0"/>
  <testcase classname="Scenario: Check elements addresses menu person new" name="When I am on the create new person page" time="0"/>
  <testcase classname="Scenario: Check elements addresses menu person new" name="Then all the elements looked for are being displayed" time="0">
    <failure message="personDetailsFormView.firstName is displayed" type="java.lang.AssertionError">java.lang.AssertionError: personDetailsFormView.firstName is displayed
	at org.junit.Assert.fail(Assert.java:88)
	at org.junit.Assert.assertTrue(Assert.java:41)
	at de.neusta.b4u.steps.BaseSteps.all_the_elements_looked_for_are_being_displayed(BaseSteps.java:66)
	at ✽.Then all the elements looked for are being displayed(accountMenuAddressesPersonNew.feature:11)
</failure>
  </testcase>
  <testcase classname="Scenario: Check elements addresses menu person new" name="Scenario: Check elements addresses menu person new" time="0">
    <failure message="personDetailsFormView.firstName is displayed" type="java.lang.AssertionError">java.lang.AssertionError: personDetailsFormView.firstName is displayed
	at org.junit.Assert.fail(Assert.java:88)
	at org.junit.Assert.assertTrue(Assert.java:41)
	at de.neusta.b4u.steps.BaseSteps.all_the_elements_looked_for_are_being_displayed(BaseSteps.java:66)
	at ✽.Then all the elements looked for are being displayed(accountMenuAddressesPersonNew.feature:11)
</failure>
  </testcase>
  <testcase classname="Scenario: Person new create success" name="Given I have logged into my account as standard user" time="0"/>
  <testcase classname="Scenario: Person new create success" name="And I have checked that the person \&quot;Wayne\u002C Bruce\&quot; does not already exist" time="0">
    <failure message="Person list page is displayed" type="java.lang.AssertionError">java.lang.AssertionError: Person list page is displayed
	at org.junit.Assert.fail(Assert.java:88)
	at org.junit.Assert.assertTrue(Assert.java:41)
	at de.neusta.b4u.steps.addresses.AddressCreatePersonSteps.i_have_checked_that_the_person_does_not_already_exist(AddressCreatePersonSteps.java:43)
	at ✽.And I have checked that the person &quot;Wayne, Bruce&quot; does not already exist(accountMenuAddressesPersonNew.feature:44)
</failure>
  </testcase>
  <testcase classname="Scenario: Person new create success" name="Scenario: Person new create success" time="0">
    <failure message="Person list page is displayed" type="java.lang.AssertionError">java.lang.AssertionError: Person list page is displayed
	at org.junit.Assert.fail(Assert.java:88)
	at org.junit.Assert.assertTrue(Assert.java:41)
	at de.neusta.b4u.steps.addresses.AddressCreatePersonSteps.i_have_checked_that_the_person_does_not_already_exist(AddressCreatePersonSteps.java:43)
	at ✽.And I have checked that the person &quot;Wayne, Bruce&quot; does not already exist(accountMenuAddressesPersonNew.feature:44)
</failure>
  </testcase>
  <testcase classname="Scenario: Person new create success" name="When I create a new person \&quot;Bruce Wayne\&quot;" time="0">
    <skipped/>
  </testcase>
  <testcase classname="Scenario: Person new create success" name="Then the person \&quot;Bruce Wayne\&quot; is created" time="0.001">
    <skipped/>
  </testcase>
  <testcase classname="Scenario: Person new create success" name="And I am on the edit person page of \&quot;Bruce Wayne\&quot;" time="0.001">
    <skipped/>
  </testcase>
  <testcase classname="Scenario: Person new create success" name="And the person details are" time="0.001">
    <skipped/>
  </testcase>
  <testcase classname="Scenario: Person new create success [minimal requirements]" name="Given I have logged into my account as standard user" time="0"/>
  <testcase classname="Scenario: Person new create success [minimal requirements]" name="And I have checked that the person \&quot;Wayne\u002C Bruce\&quot; does not already exist" time="0">
    <failure message="Person list page is displayed" type="java.lang.AssertionError">java.lang.AssertionError: Person list page is displayed
	at org.junit.Assert.fail(Assert.java:88)
	at org.junit.Assert.assertTrue(Assert.java:41)
	at de.neusta.b4u.steps.addresses.AddressCreatePersonSteps.i_have_checked_that_the_person_does_not_already_exist(AddressCreatePersonSteps.java:43)
	at ✽.And I have checked that the person &quot;Wayne, Bruce&quot; does not already exist(accountMenuAddressesPersonNew.feature:73)
</failure>
  </testcase>
  <testcase classname="Scenario: Person new create success [minimal requirements]" name="Scenario: Person new create success [minimal requirements]" time="0">
    <failure message="Person list page is displayed" type="java.lang.AssertionError">java.lang.AssertionError: Person list page is displayed
	at org.junit.Assert.fail(Assert.java:88)
	at org.junit.Assert.assertTrue(Assert.java:41)
	at de.neusta.b4u.steps.addresses.AddressCreatePersonSteps.i_have_checked_that_the_person_does_not_already_exist(AddressCreatePersonSteps.java:43)
	at ✽.And I have checked that the person &quot;Wayne, Bruce&quot; does not already exist(accountMenuAddressesPersonNew.feature:73)
</failure>
  </testcase>
  <testcase classname="Scenario: Person new create success [minimal requirements]" name="When I create a new person \&quot;Bruce Wayne\&quot;" time="0">
    <skipped/>
  </testcase>
  <testcase classname="Scenario: Person new create success [minimal requirements]" name="Then the person \&quot;Bruce Wayne\&quot; is created" time="0.001">
    <skipped/>
  </testcase>
  <testcase classname="Scenario: Person new create success [minimal requirements]" name="And I am on the edit person page of \&quot;Bruce Wayne\&quot;" time="0.001">
    <skipped/>
  </testcase>
  <testcase classname="Scenario: Person new create success [minimal requirements]" name="And the person details are" time="0.001">
    <skipped/>
  </testcase>
  <testcase classname="Scenario: Person new create error [missing contact type]" name="Given I have logged into my account as standard user" time="0"/>
  <testcase classname="Scenario: Person new create error [missing contact type]" name="And I have checked that the person \&quot;Wayne\u002C Bruce\&quot; does not already exist" time="0.001">
    <failure message="Person list page is displayed" type="java.lang.AssertionError">java.lang.AssertionError: Person list page is displayed
	at org.junit.Assert.fail(Assert.java:88)
	at org.junit.Assert.assertTrue(Assert.java:41)
	at de.neusta.b4u.steps.addresses.AddressCreatePersonSteps.i_have_checked_that_the_person_does_not_already_exist(AddressCreatePersonSteps.java:43)
	at ✽.And I have checked that the person &quot;Wayne, Bruce&quot; does not already exist(accountMenuAddressesPersonNew.feature:85)
</failure>
  </testcase>
  <testcase classname="Scenario: Person new create error [missing contact type]" name="Scenario: Person new create error [missing contact type]" time="0.001">
    <failure message="Person list page is displayed" type="java.lang.AssertionError">java.lang.AssertionError: Person list page is displayed
	at org.junit.Assert.fail(Assert.java:88)
	at org.junit.Assert.assertTrue(Assert.java:41)
	at de.neusta.b4u.steps.addresses.AddressCreatePersonSteps.i_have_checked_that_the_person_does_not_already_exist(AddressCreatePersonSteps.java:43)
	at ✽.And I have checked that the person &quot;Wayne, Bruce&quot; does not already exist(accountMenuAddressesPersonNew.feature:85)
</failure>
  </testcase>
  <testcase classname="Scenario: Person new create error [missing contact type]" name="When I create a new person \&quot;Bruce Wayne\&quot;" time="0.001">
    <skipped/>
  </testcase>
  <testcase classname="Scenario: Person new create error [missing contact type]" name="Then an error message is being displayed \&quot;required\&quot;" time="0.001">
    <skipped/>
  </testcase>
  <testcase classname="Scenario: Person new create success" name="Given I have logged into my account as standard test12" time="4.411">
    <skipped/>
  </testcase>
  <testcase classname="Scenario: Person new create success" name="Scenario: Person new create success" time="4.504">
    <skipped/>
  </testcase>
  <testcase classname="Scenario: Person new create success" name="Scenario: Person new create success" time="4.504"/>
  <testcase classname="Scenario: Check menu entries administration" name="Given I have logged into my account as admin user" time="0"/>
  <testcase classname="Scenario: Check menu entries administration" name="When I look at the menu entry \&quot;navigationView.Administration\&quot;" time="0"/>
  <testcase classname="Scenario: Check menu entries administration" name="Then all the onmouse over entries looked for are being displayed" time="0"/>
  <testcase classname="Scenario: Check menu entries administration" name="Scenario: Check menu entries administration" time="0.139"/>
  <testcase classname="| Know-How | navigationView.Administration.Know-How | \/knowhow\/administration |" name="Given I have logged into my account as admin user" time="0"/>
  <testcase classname="| Know-How | navigationView.Administration.Know-How | \/knowhow\/administration |" name="When I look at the menu entry \&quot;navigationView.Administration\&quot;" time="0"/>
  <testcase classname="| Know-How | navigationView.Administration.Know-How | \/knowhow\/administration |" name="And I click on the menu entry \&quot;navigationView.Administration.Know-How\&quot;" time="0"/>
  <testcase classname="| Know-How | navigationView.Administration.Know-How | \/knowhow\/administration |" name="Then the target page is being displayed \&quot;\/knowhow\/administration\&quot;" time="0"/>
  <testcase classname="| Know-How | navigationView.Administration.Know-How | \/knowhow\/administration |" name="| Know-How | navigationView.Administration.Know-How | \/knowhow\/administration |" time="0.111"/>
  <testcase classname="| Aufgabentyp | navigationView.Administration.Aufgabentypen | \/taskType\/list |" name="Given I have logged into my account as admin user" time="0"/>
  <testcase classname="| Aufgabentyp | navigationView.Administration.Aufgabentypen | \/taskType\/list |" name="When I look at the menu entry \&quot;navigationView.Administration\&quot;" time="0"/>
  <testcase classname="| Aufgabentyp | navigationView.Administration.Aufgabentypen | \/taskType\/list |" name="And I click on the menu entry \&quot;navigationView.Administration.Aufgabentypen\&quot;" time="0"/>
  <testcase classname="| Aufgabentyp | navigationView.Administration.Aufgabentypen | \/taskType\/list |" name="Then the target page is being displayed \&quot;\/taskType\/list\&quot;" time="0"/>
  <testcase classname="| Aufgabentyp | navigationView.Administration.Aufgabentypen | \/taskType\/list |" name="| Aufgabentyp | navigationView.Administration.Aufgabentypen | \/taskType\/list |" time="0.08"/>
  <testcase classname="| Konfiguration | navigationView.Administration.Konfiguration | \/configuration\/list |" name="Given I have logged into my account as admin user" time="0"/>
  <testcase classname="| Konfiguration | navigationView.Administration.Konfiguration | \/configuration\/list |" name="When I look at the menu entry \&quot;navigationView.Administration\&quot;" time="0"/>
  <testcase classname="| Konfiguration | navigationView.Administration.Konfiguration | \/configuration\/list |" name="And I click on the menu entry \&quot;navigationView.Administration.Konfiguration\&quot;" time="0"/>
  <testcase classname="| Konfiguration | navigationView.Administration.Konfiguration | \/configuration\/list |" name="Then the target page is being displayed \&quot;\/configuration\/list\&quot;" time="0"/>
  <testcase classname="| Konfiguration | navigationView.Administration.Konfiguration | \/configuration\/list |" name="| Konfiguration | navigationView.Administration.Konfiguration | \/configuration\/list |" time="0.086"/>
  <testcase classname="Scenario: Check menu entries candidacies" name="Given I have logged into my account as standard user" time="0"/>
  <testcase classname="Scenario: Check menu entries candidacies" name="When I look at the menu entry \&quot;navigationView.Bewerbungen\&quot;" time="0"/>
  <testcase classname="Scenario: Check menu entries candidacies" name="Then all the onmouse over entries looked for are being displayed" time="0"/>
  <testcase classname="Scenario: Check menu entries candidacies" name="Scenario: Check menu entries candidacies" time="0.114"/>
  <testcase classname="| Alle | navigationView.Bewerbungen.Alle | \/jobAccount |" name="Given I have logged into my account as standard user" time="0"/>
  <testcase classname="| Alle | navigationView.Bewerbungen.Alle | \/jobAccount |" name="When I look at the menu entry \&quot;navigationView.Bewerbungen\&quot;" time="0"/>
  <testcase classname="| Alle | navigationView.Bewerbungen.Alle | \/jobAccount |" name="And I click on the menu entry \&quot;navigationView.Bewerbungen.Alle\&quot;" time="0"/>
  <testcase classname="| Alle | navigationView.Bewerbungen.Alle | \/jobAccount |" name="Then the target page is being displayed \&quot;\/jobAccount\&quot;" time="0"/>
  <testcase classname="| Alle | navigationView.Bewerbungen.Alle | \/jobAccount |" name="| Alle | navigationView.Bewerbungen.Alle | \/jobAccount |" time="0.142"/>
  <testcase classname="Scenario: Check menu entries contact" name="Given I have logged into my account as standard user" time="0"/>
  <testcase classname="Scenario: Check menu entries contact" name="When I look at the menu entry \&quot;navigationView.Kontakte\&quot;" time="0"/>
  <testcase classname="Scenario: Check menu entries contact" name="Then all the onmouse over entries looked for are being displayed" time="0"/>
  <testcase classname="Scenario: Check menu entries contact" name="Scenario: Check menu entries contact" time="0.112"/>
  <testcase classname="| Alle | navigationView.Kontakte.Alle | \/contact\/list |" name="Given I have logged into my account as standard user" time="0"/>
  <testcase classname="| Alle | navigationView.Kontakte.Alle | \/contact\/list |" name="When I look at the menu entry \&quot;navigationView.Kontakte\&quot;" time="0"/>
  <testcase classname="| Alle | navigationView.Kontakte.Alle | \/contact\/list |" name="And I click on the menu entry \&quot;navigationView.Kontakte.Alle\&quot;" time="0"/>
  <testcase classname="| Alle | navigationView.Kontakte.Alle | \/contact\/list |" name="Then the target page is being displayed \&quot;\/contact\/list\&quot;" time="0"/>
  <testcase classname="| Alle | navigationView.Kontakte.Alle | \/contact\/list |" name="| Alle | navigationView.Kontakte.Alle | \/contact\/list |" time="0.065"/>
  <testcase classname="| Neu | navigationView.Kontakte.Neu | \/contact\/create |" name="Given I have logged into my account as standard user" time="0"/>
  <testcase classname="| Neu | navigationView.Kontakte.Neu | \/contact\/create |" name="When I look at the menu entry \&quot;navigationView.Kontakte\&quot;" time="0"/>
  <testcase classname="| Neu | navigationView.Kontakte.Neu | \/contact\/create |" name="And I click on the menu entry \&quot;navigationView.Kontakte.Neu\&quot;" time="0"/>
  <testcase classname="| Neu | navigationView.Kontakte.Neu | \/contact\/create |" name="Then the target page is being displayed \&quot;\/contact\/create\&quot;" time="0"/>
  <testcase classname="| Neu | navigationView.Kontakte.Neu | \/contact\/create |" name="| Neu | navigationView.Kontakte.Neu | \/contact\/create |" time="0.169"/>
  <testcase classname="Scenario: Check elements contact menu all" name="Given I have logged into my account as standard user" time="0"/>
  <testcase classname="Scenario: Check elements contact menu all" name="When I am on the contact list page" time="0"/>
  <testcase classname="Scenario: Check elements contact menu all" name="Then all the elements looked for are being displayed" time="0">
    <failure message="contactTableView.selectedForPerson.select is displayed" type="java.lang.AssertionError">java.lang.AssertionError: contactTableView.selectedForPerson.select is displayed
	at org.junit.Assert.fail(Assert.java:88)
	at org.junit.Assert.assertTrue(Assert.java:41)
	at de.neusta.b4u.steps.BaseSteps.all_the_elements_looked_for_are_being_displayed(BaseSteps.java:66)
	at ✽.Then all the elements looked for are being displayed(accountMenuContactAll.feature:12)
</failure>
  </testcase>
  <testcase classname="Scenario: Check elements contact menu all" name="Scenario: Check elements contact menu all" time="0">
    <failure message="contactTableView.selectedForPerson.select is displayed" type="java.lang.AssertionError">java.lang.AssertionError: contactTableView.selectedForPerson.select is displayed
	at org.junit.Assert.fail(Assert.java:88)
	at org.junit.Assert.assertTrue(Assert.java:41)
	at de.neusta.b4u.steps.BaseSteps.all_the_elements_looked_for_are_being_displayed(BaseSteps.java:66)
	at ✽.Then all the elements looked for are being displayed(accountMenuContactAll.feature:12)
</failure>
  </testcase>
  <testcase classname="Scenario: Check if it is possible to navigate the create contact page" name="Given I have logged into my account as standard user" time="0"/>
  <testcase classname="Scenario: Check if it is possible to navigate the create contact page" name="And I am on the contact list page" time="0"/>
  <testcase classname="Scenario: Check if it is possible to navigate the create contact page" name="When I want to create a new contact" time="0">
    <failure message="Contact list page is displayed" type="java.lang.AssertionError">java.lang.AssertionError: Contact list page is displayed
	at org.junit.Assert.fail(Assert.java:88)
	at org.junit.Assert.assertTrue(Assert.java:41)
	at de.neusta.b4u.steps.contact.ContactListSteps.i_want_to_create_a_new_contact(ContactListSteps.java:81)
	at ✽.When I want to create a new contact(accountMenuContactAll.feature:26)
</failure>
  </testcase>
  <testcase classname="Scenario: Check if it is possible to navigate the create contact page" name="Scenario: Check if it is possible to navigate the create contact page" time="0">
    <failure message="Contact list page is displayed" type="java.lang.AssertionError">java.lang.AssertionError: Contact list page is displayed
	at org.junit.Assert.fail(Assert.java:88)
	at org.junit.Assert.assertTrue(Assert.java:41)
	at de.neusta.b4u.steps.contact.ContactListSteps.i_want_to_create_a_new_contact(ContactListSteps.java:81)
	at ✽.When I want to create a new contact(accountMenuContactAll.feature:26)
</failure>
  </testcase>
  <testcase classname="Scenario: Check if it is possible to navigate the create contact page" name="Then the create contact page is being displayed" time="0">
    <skipped/>
  </testcase>
  <testcase classname="Scenario: Check if it is possible to clear the search filter" name="Given I have logged into my account as standard user" time="0"/>
  <testcase classname="Scenario: Check if it is possible to clear the search filter" name="And I am on the contact list page" time="0"/>
  <testcase classname="Scenario: Check if it is possible to clear the search filter" name="And I provide the following data to the contact search filter" time="0">
    <failure message="Contact list page is displayed" type="java.lang.AssertionError">java.lang.AssertionError: Contact list page is displayed
	at org.junit.Assert.fail(Assert.java:88)
	at org.junit.Assert.assertTrue(Assert.java:41)
	at de.neusta.b4u.steps.contact.ContactListSteps.i_provide_the_following_data_to_the_contact_search_filter(ContactListSteps.java:30)
	at ✽.And I provide the following data to the contact search filter(accountMenuContactAll.feature:32)
</failure>
  </testcase>
  <testcase classname="Scenario: Check if it is possible to clear the search filter" name="Scenario: Check if it is possible to clear the search filter" time="0">
    <failure message="Contact list page is displayed" type="java.lang.AssertionError">java.lang.AssertionError: Contact list page is displayed
	at org.junit.Assert.fail(Assert.java:88)
	at org.junit.Assert.assertTrue(Assert.java:41)
	at de.neusta.b4u.steps.contact.ContactListSteps.i_provide_the_following_data_to_the_contact_search_filter(ContactListSteps.java:30)
	at ✽.And I provide the following data to the contact search filter(accountMenuContactAll.feature:32)
</failure>
  </testcase>
  <testcase classname="Scenario: Check if it is possible to clear the search filter" name="When I clear the contact search filter" time="0.001">
    <skipped/>
  </testcase>
  <testcase classname="Scenario: Check if it is possible to clear the search filter" name="Then the contact search filter is empty" time="0.001">
    <skipped/>
  </testcase>
  <testcase classname="Scenario: Check if the search results match the search filter criteria" name="Given I have logged into my account as standard user" time="0"/>
  <testcase classname="Scenario: Check if the search results match the search filter criteria" name="And I am on the contact list page" time="0"/>
  <testcase classname="Scenario: Check if the search results match the search filter criteria" name="And I provide the following data to the contact search filter" time="0">
    <failure message="Contact list page is displayed" type="java.lang.AssertionError">java.lang.AssertionError: Contact list page is displayed
	at org.junit.Assert.fail(Assert.java:88)
	at org.junit.Assert.assertTrue(Assert.java:41)
	at de.neusta.b4u.steps.contact.ContactListSteps.i_provide_the_following_data_to_the_contact_search_filter(ContactListSteps.java:30)
	at ✽.And I provide the following data to the contact search filter(accountMenuContactAll.feature:44)
</failure>
  </testcase>
  <testcase classname="Scenario: Check if the search results match the search filter criteria" name="Scenario: Check if the search results match the search filter criteria" time="0">
    <failure message="Contact list page is displayed" type="java.lang.AssertionError">java.lang.AssertionError: Contact list page is displayed
	at org.junit.Assert.fail(Assert.java:88)
	at org.junit.Assert.assertTrue(Assert.java:41)
	at de.neusta.b4u.steps.contact.ContactListSteps.i_provide_the_following_data_to_the_contact_search_filter(ContactListSteps.java:30)
	at ✽.And I provide the following data to the contact search filter(accountMenuContactAll.feature:44)
</failure>
  </testcase>
  <testcase classname="Scenario: Check if the search results match the search filter criteria" name="When I list the contact search results" time="0">
    <skipped/>
  </testcase>
  <testcase classname="Scenario: Check if the search results match the search filter criteria" name="Then the contact search results should only contain" time="0">
    <skipped/>
  </testcase>
  <testcase classname="Scenario: Check if the search filters are correct" name="Given I have logged into my account as standard user" time="0"/>
  <testcase classname="Scenario: Check if the search filters are correct" name="And I am on the contact list page" time="0"/>
  <testcase classname="Scenario: Check if the search filters are correct" name="And I provide the following data to the contact search filter" time="0">
    <failure message="Contact list page is displayed" type="java.lang.AssertionError">java.lang.AssertionError: Contact list page is displayed
	at org.junit.Assert.fail(Assert.java:88)
	at org.junit.Assert.assertTrue(Assert.java:41)
	at de.neusta.b4u.steps.contact.ContactListSteps.i_provide_the_following_data_to_the_contact_search_filter(ContactListSteps.java:30)
	at ✽.And I provide the following data to the contact search filter(accountMenuContactAll.feature:57)
</failure>
  </testcase>
  <testcase classname="Scenario: Check if the search filters are correct" name="Scenario: Check if the search filters are correct" time="0">
    <failure message="Contact list page is displayed" type="java.lang.AssertionError">java.lang.AssertionError: Contact list page is displayed
	at org.junit.Assert.fail(Assert.java:88)
	at org.junit.Assert.assertTrue(Assert.java:41)
	at de.neusta.b4u.steps.contact.ContactListSteps.i_provide_the_following_data_to_the_contact_search_filter(ContactListSteps.java:30)
	at ✽.And I provide the following data to the contact search filter(accountMenuContactAll.feature:57)
</failure>
  </testcase>
  <testcase classname="Scenario: Check if the search filters are correct" name="When I list the contact search results" time="0">
    <skipped/>
  </testcase>
  <testcase classname="Scenario: Check if the search filters are correct" name="Then the contact search results are empty" time="0.001">
    <skipped/>
  </testcase>
  <testcase classname="Scenario: Change the details of an existing contact" name="Given I have logged into my account as standard user" time="0"/>
  <testcase classname="Scenario: Change the details of an existing contact" name="And I have checked that the contact \&quot;Justice League\&quot; does not already exist" time="0">
    <failure message="Contact list page is displayed" type="java.lang.AssertionError">java.lang.AssertionError: Contact list page is displayed
	at org.junit.Assert.fail(Assert.java:88)
	at org.junit.Assert.assertTrue(Assert.java:41)
	at de.neusta.b4u.steps.contact.ContactCreateSteps.i_have_checked_that_the_contact_does_not_already_exist(ContactCreateSteps.java:49)
	at ✽.And I have checked that the contact &quot;Justice League&quot; does not already exist(accountMenuContactEdit.feature:7)
</failure>
  </testcase>
  <testcase classname="Scenario: Change the details of an existing contact" name="Scenario: Change the details of an existing contact" time="0">
    <failure message="Contact list page is displayed" type="java.lang.AssertionError">java.lang.AssertionError: Contact list page is displayed
	at org.junit.Assert.fail(Assert.java:88)
	at org.junit.Assert.assertTrue(Assert.java:41)
	at de.neusta.b4u.steps.contact.ContactCreateSteps.i_have_checked_that_the_contact_does_not_already_exist(ContactCreateSteps.java:49)
	at ✽.And I have checked that the contact &quot;Justice League&quot; does not already exist(accountMenuContactEdit.feature:7)
</failure>
  </testcase>
  <testcase classname="Scenario: Change the details of an existing contact" name="And I have checked that the contact \&quot;The Avengers\&quot; does not already exist" time="0">
    <skipped/>
  </testcase>
  <testcase classname="Scenario: Change the details of an existing contact" name="And I create a new simple contact \&quot;Justice League\&quot;" time="0.001">
    <skipped/>
  </testcase>
  <testcase classname="Scenario: Change the details of an existing contact" name="When I am on the contact edit page of \&quot;Justice League\&quot;" time="0.001">
    <skipped/>
  </testcase>
  <testcase classname="Scenario: Change the details of an existing contact" name="And I edit the contact details" time="0.001">
    <skipped/>
  </testcase>
  <testcase classname="Scenario: Change the details of an existing contact" name="Then the contact details are" time="0.001">
    <skipped/>
  </testcase>
  <testcase classname="Scenario: Add a new note to an existing contact" name="Given I have logged into my account as standard user" time="0"/>
  <testcase classname="Scenario: Add a new note to an existing contact" name="And I have ensured that the contact \&quot;Justice League\&quot; already exist" time="0">
    <failure message="Contact list page is displayed" type="java.lang.AssertionError">java.lang.AssertionError: Contact list page is displayed
	at org.junit.Assert.fail(Assert.java:88)
	at org.junit.Assert.assertTrue(Assert.java:41)
	at de.neusta.b4u.steps.contact.ContactCreateSteps.i_have_ensured_that_the_contact_i_want_to_edit_already_exist(ContactCreateSteps.java:140)
	at ✽.And I have ensured that the contact &quot;Justice League&quot; already exist(accountMenuContactEdit.feature:22)
</failure>
  </testcase>
  <testcase classname="Scenario: Add a new note to an existing contact" name="Scenario: Add a new note to an existing contact" time="0.001">
    <failure message="Contact list page is displayed" type="java.lang.AssertionError">java.lang.AssertionError: Contact list page is displayed
	at org.junit.Assert.fail(Assert.java:88)
	at org.junit.Assert.assertTrue(Assert.java:41)
	at de.neusta.b4u.steps.contact.ContactCreateSteps.i_have_ensured_that_the_contact_i_want_to_edit_already_exist(ContactCreateSteps.java:140)
	at ✽.And I have ensured that the contact &quot;Justice League&quot; already exist(accountMenuContactEdit.feature:22)
</failure>
  </testcase>
  <testcase classname="Scenario: Add a new note to an existing contact" name="When I am on the contact edit page of \&quot;Justice League\&quot;" time="0.001">
    <skipped/>
  </testcase>
  <testcase classname="Scenario: Add a new note to an existing contact" name="And I add a new note to the contact \&quot;I am Batman!!!\&quot;" time="0.002">
    <skipped/>
  </testcase>
  <testcase classname="Scenario: Add a new note to an existing contact" name="And I add a new note to the contact \&quot;I am Groot!!!\&quot;" time="0.002">
    <skipped/>
  </testcase>
  <testcase classname="Scenario: Add a new note to an existing contact" name="Then the contact history should only contain" time="0.002">
    <skipped/>
  </testcase>
  <testcase classname="Scenario: Check elements addresses menu person new" name="Given I have logged into my account as standard user" time="0"/>
  <testcase classname="Scenario: Check elements addresses menu person new" name="When I am on the create new contact page" time="0"/>
  <testcase classname="Scenario: Check elements addresses menu person new" name="Then all the elements looked for are being displayed" time="0">
    <failure message="contactView.name is displayed" type="java.lang.AssertionError">java.lang.AssertionError: contactView.name is displayed
	at org.junit.Assert.fail(Assert.java:88)
	at org.junit.Assert.assertTrue(Assert.java:41)
	at de.neusta.b4u.steps.BaseSteps.all_the_elements_looked_for_are_being_displayed(BaseSteps.java:66)
	at ✽.Then all the elements looked for are being displayed(accountMenuContactNew.feature:12)
</failure>
  </testcase>
  <testcase classname="Scenario: Check elements addresses menu person new" name="Scenario: Check elements addresses menu person new" time="0">
    <failure message="contactView.name is displayed" type="java.lang.AssertionError">java.lang.AssertionError: contactView.name is displayed
	at org.junit.Assert.fail(Assert.java:88)
	at org.junit.Assert.assertTrue(Assert.java:41)
	at de.neusta.b4u.steps.BaseSteps.all_the_elements_looked_for_are_being_displayed(BaseSteps.java:66)
	at ✽.Then all the elements looked for are being displayed(accountMenuContactNew.feature:12)
</failure>
  </testcase>
  <testcase classname="Scenario: Contact new create success" name="Given I have logged into my account as standard user" time="0"/>
  <testcase classname="Scenario: Contact new create success" name="And I have checked that the contact \&quot;Justice League\&quot; does not already exist" time="0">
    <failure message="Contact list page is displayed" type="java.lang.AssertionError">java.lang.AssertionError: Contact list page is displayed
	at org.junit.Assert.fail(Assert.java:88)
	at org.junit.Assert.assertTrue(Assert.java:41)
	at de.neusta.b4u.steps.contact.ContactCreateSteps.i_have_checked_that_the_contact_does_not_already_exist(ContactCreateSteps.java:49)
	at ✽.And I have checked that the contact &quot;Justice League&quot; does not already exist(accountMenuContactNew.feature:22)
</failure>
  </testcase>
  <testcase classname="Scenario: Contact new create success" name="Scenario: Contact new create success" time="0">
    <failure message="Contact list page is displayed" type="java.lang.AssertionError">java.lang.AssertionError: Contact list page is displayed
	at org.junit.Assert.fail(Assert.java:88)
	at org.junit.Assert.assertTrue(Assert.java:41)
	at de.neusta.b4u.steps.contact.ContactCreateSteps.i_have_checked_that_the_contact_does_not_already_exist(ContactCreateSteps.java:49)
	at ✽.And I have checked that the contact &quot;Justice League&quot; does not already exist(accountMenuContactNew.feature:22)
</failure>
  </testcase>
  <testcase classname="Scenario: Contact new create success" name="When I create a new contact \&quot;Justice League\&quot;" time="0.001">
    <skipped/>
  </testcase>
  <testcase classname="Scenario: Contact new create success" name="Then the contact \&quot;Justice League\&quot; is created" time="0.001">
    <skipped/>
  </testcase>
  <testcase classname="Scenario: Contact new create success" name="And I am on the contact edit page of \&quot;Justice League\&quot;" time="0.001">
    <skipped/>
  </testcase>
  <testcase classname="Scenario: Contact new create success" name="And the contact details are" time="0.001">
    <skipped/>
  </testcase>
  <testcase classname="Scenario: Contact new create success [minimal requirements]" name="Given I have logged into my account as standard user" time="0"/>
  <testcase classname="Scenario: Contact new create success [minimal requirements]" name="And I have checked that the contact \&quot;Justice League\&quot; does not already exist" time="0">
    <failure message="Contact list page is displayed" type="java.lang.AssertionError">java.lang.AssertionError: Contact list page is displayed
	at org.junit.Assert.fail(Assert.java:88)
	at org.junit.Assert.assertTrue(Assert.java:41)
	at de.neusta.b4u.steps.contact.ContactCreateSteps.i_have_checked_that_the_contact_does_not_already_exist(ContactCreateSteps.java:49)
	at ✽.And I have checked that the contact &quot;Justice League&quot; does not already exist(accountMenuContactNew.feature:36)
</failure>
  </testcase>
  <testcase classname="Scenario: Contact new create success [minimal requirements]" name="Scenario: Contact new create success [minimal requirements]" time="0.001">
    <failure message="Contact list page is displayed" type="java.lang.AssertionError">java.lang.AssertionError: Contact list page is displayed
	at org.junit.Assert.fail(Assert.java:88)
	at org.junit.Assert.assertTrue(Assert.java:41)
	at de.neusta.b4u.steps.contact.ContactCreateSteps.i_have_checked_that_the_contact_does_not_already_exist(ContactCreateSteps.java:49)
	at ✽.And I have checked that the contact &quot;Justice League&quot; does not already exist(accountMenuContactNew.feature:36)
</failure>
  </testcase>
  <testcase classname="Scenario: Contact new create success [minimal requirements]" name="When I create a new simple contact \&quot;Justice League\&quot;" time="0.001">
    <skipped/>
  </testcase>
  <testcase classname="Scenario: Contact new create success [minimal requirements]" name="Then the contact \&quot;Justice League\&quot; is created" time="0.001">
    <skipped/>
  </testcase>
  <testcase classname="Scenario: Contact new create success [minimal requirements]" name="And I am on the contact edit page of \&quot;Justice League\&quot;" time="0.001">
    <skipped/>
  </testcase>
  <testcase classname="Scenario: Contact new create success [minimal requirements]" name="And the contact details are" time="0.001">
    <skipped/>
  </testcase>
  <testcase classname="Scenario: Contact new create failure" name="Given I have logged into my account as standard user" time="0"/>
  <testcase classname="Scenario: Contact new create failure" name="And I have checked that the contact \&quot;Justice League\&quot; does not already exist" time="0">
    <failure message="Contact list page is displayed" type="java.lang.AssertionError">java.lang.AssertionError: Contact list page is displayed
	at org.junit.Assert.fail(Assert.java:88)
	at org.junit.Assert.assertTrue(Assert.java:41)
	at de.neusta.b4u.steps.contact.ContactCreateSteps.i_have_checked_that_the_contact_does_not_already_exist(ContactCreateSteps.java:49)
	at ✽.And I have checked that the contact &quot;Justice League&quot; does not already exist(accountMenuContactNew.feature:48)
</failure>
  </testcase>
  <testcase classname="Scenario: Contact new create failure" name="Scenario: Contact new create failure" time="0">
    <failure message="Contact list page is displayed" type="java.lang.AssertionError">java.lang.AssertionError: Contact list page is displayed
	at org.junit.Assert.fail(Assert.java:88)
	at org.junit.Assert.assertTrue(Assert.java:41)
	at de.neusta.b4u.steps.contact.ContactCreateSteps.i_have_checked_that_the_contact_does_not_already_exist(ContactCreateSteps.java:49)
	at ✽.And I have checked that the contact &quot;Justice League&quot; does not already exist(accountMenuContactNew.feature:48)
</failure>
  </testcase>
  <testcase classname="Scenario: Contact new create failure" name="When I create a new contact \&quot;\&quot;" time="0">
    <skipped/>
  </testcase>
  <testcase classname="Scenario: Contact new create failure" name="Then an error message is being displayed \&quot;required\&quot;" time="0">
    <skipped/>
  </testcase>
  <testcase classname="Scenario: Check menu entries email" name="Given I have logged into my account as standard user" time="0"/>
  <testcase classname="Scenario: Check menu entries email" name="When I look at the menu entry \&quot;navigationView.E-Mail\&quot;" time="0"/>
  <testcase classname="Scenario: Check menu entries email" name="Then all the onmouse over entries looked for are being displayed" time="0"/>
  <testcase classname="Scenario: Check menu entries email" name="Scenario: Check menu entries email" time="0.159"/>
  <testcase classname="| Alle | navigationView.E-Mail.Alle | \/email |" name="Given I have logged into my account as standard user" time="0"/>
  <testcase classname="| Alle | navigationView.E-Mail.Alle | \/email |" name="When I look at the menu entry \&quot;navigationView.E-Mail\&quot;" time="0"/>
  <testcase classname="| Alle | navigationView.E-Mail.Alle | \/email |" name="And I click on the menu entry \&quot;navigationView.E-Mail.Alle\&quot;" time="0"/>
  <testcase classname="| Alle | navigationView.E-Mail.Alle | \/email |" name="Then the target page is being displayed \&quot;\/email\&quot;" time="0"/>
  <testcase classname="| Alle | navigationView.E-Mail.Alle | \/email |" name="| Alle | navigationView.E-Mail.Alle | \/email |" time="0.062"/>
  <testcase classname="| Neu | navigationView.E-Mail.Neu | \/email\/create |" name="Given I have logged into my account as standard user" time="0"/>
  <testcase classname="| Neu | navigationView.E-Mail.Neu | \/email\/create |" name="When I look at the menu entry \&quot;navigationView.E-Mail\&quot;" time="0"/>
  <testcase classname="| Neu | navigationView.E-Mail.Neu | \/email\/create |" name="And I click on the menu entry \&quot;navigationView.E-Mail.Neu\&quot;" time="0"/>
  <testcase classname="| Neu | navigationView.E-Mail.Neu | \/email\/create |" name="Then the target page is being displayed \&quot;\/email\/create\&quot;" time="0"/>
  <testcase classname="| Neu | navigationView.E-Mail.Neu | \/email\/create |" name="| Neu | navigationView.E-Mail.Neu | \/email\/create |" time="0.125"/>
  <testcase classname="|  | navigationView.Ausschreibungen | \/job\/list |" name="Given I have logged into my account as standard user" time="0"/>
  <testcase classname="|  | navigationView.Ausschreibungen | \/job\/list |" name="When I look at the menu entry \&quot;navigationView.Ausschreibungen\&quot;" time="0"/>
  <testcase classname="|  | navigationView.Ausschreibungen | \/job\/list |" name="And I click on the menu entry \&quot;navigationView.Ausschreibungen\&quot;" time="0"/>
  <testcase classname="|  | navigationView.Ausschreibungen | \/job\/list |" name="Then the target page is being displayed \&quot;\/job\/list\&quot;" time="0"/>
  <testcase classname="|  | navigationView.Ausschreibungen | \/job\/list |" name="|  | navigationView.Ausschreibungen | \/job\/list |" time="0.118"/>
  <testcase classname="Scenario: Check elements job advertisement" name="Given I have logged into my account as standard user" time="0"/>
  <testcase classname="Scenario: Check elements job advertisement" name="When I am on the job advertisement list page" time="0"/>
  <testcase classname="Scenario: Check elements job advertisement" name="Then all the elements looked for are being displayed" time="0">
    <failure message="jobAdvertisementListView.id is displayed" type="java.lang.AssertionError">java.lang.AssertionError: jobAdvertisementListView.id is displayed
	at org.junit.Assert.fail(Assert.java:88)
	at org.junit.Assert.assertTrue(Assert.java:41)
	at de.neusta.b4u.steps.BaseSteps.all_the_elements_looked_for_are_being_displayed(BaseSteps.java:66)
	at ✽.Then all the elements looked for are being displayed(accountMenuJobAdvertisement.feature:21)
</failure>
  </testcase>
  <testcase classname="Scenario: Check elements job advertisement" name="Scenario: Check elements job advertisement" time="0">
    <failure message="jobAdvertisementListView.id is displayed" type="java.lang.AssertionError">java.lang.AssertionError: jobAdvertisementListView.id is displayed
	at org.junit.Assert.fail(Assert.java:88)
	at org.junit.Assert.assertTrue(Assert.java:41)
	at de.neusta.b4u.steps.BaseSteps.all_the_elements_looked_for_are_being_displayed(BaseSteps.java:66)
	at ✽.Then all the elements looked for are being displayed(accountMenuJobAdvertisement.feature:21)
</failure>
  </testcase>
  <testcase classname="Scenario: Check dropdown entries job advertisement" name="Given I have logged into my account as standard user" time="0"/>
  <testcase classname="Scenario: Check dropdown entries job advertisement" name="When I am on the job advertisement list page" time="0"/>
  <testcase classname="Scenario: Check dropdown entries job advertisement" name="Then the dropdown menu \&quot;jobAdvertisement.stateTypes\&quot; contains the following items" time="0.001">
    <error message="no such element: Unable to locate element: {&quot;method&quot;:&quot;id&quot;,&quot;selector&quot;:&quot;jobAdvertisement.stateTypes&quot;}
  (Session info: chrome=72.0.3626.81)
  (Driver info: chromedriver=2.46.628388 (4a34a70827ac54148e092aafb70504c4ea7ae926),platform=Linux 4.9.125-linuxkit x86_64) (WARNING: The server did not provide any stacktrace information)
Command duration or timeout: 1.15 seconds
For documentation on this error, please visit: http://seleniumhq.org/exceptions/no_such_element.html
Build info: version: &apos;3.0.1&apos;, revision: &apos;1969d75&apos;, time: &apos;2016-10-18 09:49:13 -0700&apos;
System info: host: &apos;DESKTOP-IN4UB21&apos;, ip: &apos;10.0.75.1&apos;, os.name: &apos;Windows 10&apos;, os.arch: &apos;amd64&apos;, os.version: &apos;10.0&apos;, java.version: &apos;1.8.0_201&apos;
Driver info: org.openqa.selenium.remote.RemoteWebDriver
Capabilities [{mobileEmulationEnabled=false, timeouts={implicit=0, pageLoad=300000, script=30000}, hasTouchScreen=false, platform=LINUX, acceptSslCerts=false, goog:chromeOptions={debuggerAddress=localhost:41215}, acceptInsecureCerts=false, webStorageEnabled=true, browserName=chrome, takesScreenshot=true, javascriptEnabled=true, setWindowRect=true, unexpectedAlertBehaviour=ignore, applicationCacheEnabled=false, rotatable=false, networkConnectionEnabled=false, chrome={chromedriverVersion=2.46.628388 (4a34a70827ac54148e092aafb70504c4ea7ae926), userDataDir=/tmp/.org.chromium.Chromium.dmirPx}, takesHeapSnapshot=true, pageLoadStrategy=normal, strictFileInteractability=false, databaseEnabled=false, handlesAlerts=true, version=72.0.3626.81, browserConnectionEnabled=false, proxy={}, nativeEvents=true, webdriver.remote.sessionid=aa8521fab7e167859bdc0587a5008ef3, locationContextEnabled=true, cssSelectorsEnabled=true}]
Session ID: aa8521fab7e167859bdc0587a5008ef3
*** Element info: {Using=id, value=jobAdvertisement.stateTypes}" type="org.openqa.selenium.NoSuchElementException">org.openqa.selenium.NoSuchElementException: no such element: Unable to locate element: {&quot;method&quot;:&quot;id&quot;,&quot;selector&quot;:&quot;jobAdvertisement.stateTypes&quot;}
  (Session info: chrome=72.0.3626.81)
  (Driver info: chromedriver=2.46.628388 (4a34a70827ac54148e092aafb70504c4ea7ae926),platform=Linux 4.9.125-linuxkit x86_64) (WARNING: The server did not provide any stacktrace information)
Command duration or timeout: 1.15 seconds
For documentation on this error, please visit: http://seleniumhq.org/exceptions/no_such_element.html
Build info: version: &apos;3.0.1&apos;, revision: &apos;1969d75&apos;, time: &apos;2016-10-18 09:49:13 -0700&apos;
System info: host: &apos;DESKTOP-IN4UB21&apos;, ip: &apos;10.0.75.1&apos;, os.name: &apos;Windows 10&apos;, os.arch: &apos;amd64&apos;, os.version: &apos;10.0&apos;, java.version: &apos;1.8.0_201&apos;
Driver info: org.openqa.selenium.remote.RemoteWebDriver
Capabilities [{mobileEmulationEnabled=false, timeouts={implicit=0, pageLoad=300000, script=30000}, hasTouchScreen=false, platform=LINUX, acceptSslCerts=false, goog:chromeOptions={debuggerAddress=localhost:41215}, acceptInsecureCerts=false, webStorageEnabled=true, browserName=chrome, takesScreenshot=true, javascriptEnabled=true, setWindowRect=true, unexpectedAlertBehaviour=ignore, applicationCacheEnabled=false, rotatable=false, networkConnectionEnabled=false, chrome={chromedriverVersion=2.46.628388 (4a34a70827ac54148e092aafb70504c4ea7ae926), userDataDir=/tmp/.org.chromium.Chromium.dmirPx}, takesHeapSnapshot=true, pageLoadStrategy=normal, strictFileInteractability=false, databaseEnabled=false, handlesAlerts=true, version=72.0.3626.81, browserConnectionEnabled=false, proxy={}, nativeEvents=true, webdriver.remote.sessionid=aa8521fab7e167859bdc0587a5008ef3, locationContextEnabled=true, cssSelectorsEnabled=true}]
Session ID: aa8521fab7e167859bdc0587a5008ef3
*** Element info: {Using=id, value=jobAdvertisement.stateTypes}
	at sun.reflect.NativeConstructorAccessorImpl.newInstance0(Native Method)
	at sun.reflect.NativeConstructorAccessorImpl.newInstance(NativeConstructorAccessorImpl.java:62)
	at sun.reflect.DelegatingConstructorAccessorImpl.newInstance(DelegatingConstructorAccessorImpl.java:45)
	at java.lang.reflect.Constructor.newInstance(Constructor.java:423)
	at org.openqa.selenium.remote.ErrorHandler.createThrowable(ErrorHandler.java:216)
	at org.openqa.selenium.remote.ErrorHandler.throwIfResponseFailed(ErrorHandler.java:168)
	at org.openqa.selenium.remote.RemoteWebDriver.execute(RemoteWebDriver.java:635)
	at org.openqa.selenium.remote.RemoteWebDriver.findElement(RemoteWebDriver.java:368)
	at org.openqa.selenium.remote.RemoteWebDriver.findElementById(RemoteWebDriver.java:417)
	at org.openqa.selenium.By$ById.findElement(By.java:218)
	at org.openqa.selenium.remote.RemoteWebDriver.findElement(RemoteWebDriver.java:360)
	at de.neusta.b4u.steps.BaseSteps.the_dropdown_menu_contains_the_following_items(BaseSteps.java:72)
	at ✽.Then the dropdown menu &quot;jobAdvertisement.stateTypes&quot; contains the following items(accountMenuJobAdvertisement.feature:37)
</error>
  </testcase>
  <testcase classname="Scenario: Check dropdown entries job advertisement" name="Scenario: Check dropdown entries job advertisement" time="0.003">
    <error message="no such element: Unable to locate element: {&quot;method&quot;:&quot;id&quot;,&quot;selector&quot;:&quot;jobAdvertisement.stateTypes&quot;}
  (Session info: chrome=72.0.3626.81)
  (Driver info: chromedriver=2.46.628388 (4a34a70827ac54148e092aafb70504c4ea7ae926),platform=Linux 4.9.125-linuxkit x86_64) (WARNING: The server did not provide any stacktrace information)
Command duration or timeout: 1.15 seconds
For documentation on this error, please visit: http://seleniumhq.org/exceptions/no_such_element.html
Build info: version: &apos;3.0.1&apos;, revision: &apos;1969d75&apos;, time: &apos;2016-10-18 09:49:13 -0700&apos;
System info: host: &apos;DESKTOP-IN4UB21&apos;, ip: &apos;10.0.75.1&apos;, os.name: &apos;Windows 10&apos;, os.arch: &apos;amd64&apos;, os.version: &apos;10.0&apos;, java.version: &apos;1.8.0_201&apos;
Driver info: org.openqa.selenium.remote.RemoteWebDriver
Capabilities [{mobileEmulationEnabled=false, timeouts={implicit=0, pageLoad=300000, script=30000}, hasTouchScreen=false, platform=LINUX, acceptSslCerts=false, goog:chromeOptions={debuggerAddress=localhost:41215}, acceptInsecureCerts=false, webStorageEnabled=true, browserName=chrome, takesScreenshot=true, javascriptEnabled=true, setWindowRect=true, unexpectedAlertBehaviour=ignore, applicationCacheEnabled=false, rotatable=false, networkConnectionEnabled=false, chrome={chromedriverVersion=2.46.628388 (4a34a70827ac54148e092aafb70504c4ea7ae926), userDataDir=/tmp/.org.chromium.Chromium.dmirPx}, takesHeapSnapshot=true, pageLoadStrategy=normal, strictFileInteractability=false, databaseEnabled=false, handlesAlerts=true, version=72.0.3626.81, browserConnectionEnabled=false, proxy={}, nativeEvents=true, webdriver.remote.sessionid=aa8521fab7e167859bdc0587a5008ef3, locationContextEnabled=true, cssSelectorsEnabled=true}]
Session ID: aa8521fab7e167859bdc0587a5008ef3
*** Element info: {Using=id, value=jobAdvertisement.stateTypes}" type="org.openqa.selenium.NoSuchElementException">org.openqa.selenium.NoSuchElementException: no such element: Unable to locate element: {&quot;method&quot;:&quot;id&quot;,&quot;selector&quot;:&quot;jobAdvertisement.stateTypes&quot;}
  (Session info: chrome=72.0.3626.81)
  (Driver info: chromedriver=2.46.628388 (4a34a70827ac54148e092aafb70504c4ea7ae926),platform=Linux 4.9.125-linuxkit x86_64) (WARNING: The server did not provide any stacktrace information)
Command duration or timeout: 1.15 seconds
For documentation on this error, please visit: http://seleniumhq.org/exceptions/no_such_element.html
Build info: version: &apos;3.0.1&apos;, revision: &apos;1969d75&apos;, time: &apos;2016-10-18 09:49:13 -0700&apos;
System info: host: &apos;DESKTOP-IN4UB21&apos;, ip: &apos;10.0.75.1&apos;, os.name: &apos;Windows 10&apos;, os.arch: &apos;amd64&apos;, os.version: &apos;10.0&apos;, java.version: &apos;1.8.0_201&apos;
Driver info: org.openqa.selenium.remote.RemoteWebDriver
Capabilities [{mobileEmulationEnabled=false, timeouts={implicit=0, pageLoad=300000, script=30000}, hasTouchScreen=false, platform=LINUX, acceptSslCerts=false, goog:chromeOptions={debuggerAddress=localhost:41215}, acceptInsecureCerts=false, webStorageEnabled=true, browserName=chrome, takesScreenshot=true, javascriptEnabled=true, setWindowRect=true, unexpectedAlertBehaviour=ignore, applicationCacheEnabled=false, rotatable=false, networkConnectionEnabled=false, chrome={chromedriverVersion=2.46.628388 (4a34a70827ac54148e092aafb70504c4ea7ae926), userDataDir=/tmp/.org.chromium.Chromium.dmirPx}, takesHeapSnapshot=true, pageLoadStrategy=normal, strictFileInteractability=false, databaseEnabled=false, handlesAlerts=true, version=72.0.3626.81, browserConnectionEnabled=false, proxy={}, nativeEvents=true, webdriver.remote.sessionid=aa8521fab7e167859bdc0587a5008ef3, locationContextEnabled=true, cssSelectorsEnabled=true}]
Session ID: aa8521fab7e167859bdc0587a5008ef3
*** Element info: {Using=id, value=jobAdvertisement.stateTypes}
	at sun.reflect.NativeConstructorAccessorImpl.newInstance0(Native Method)
	at sun.reflect.NativeConstructorAccessorImpl.newInstance(NativeConstructorAccessorImpl.java:62)
	at sun.reflect.DelegatingConstructorAccessorImpl.newInstance(DelegatingConstructorAccessorImpl.java:45)
	at java.lang.reflect.Constructor.newInstance(Constructor.java:423)
	at org.openqa.selenium.remote.ErrorHandler.createThrowable(ErrorHandler.java:216)
	at org.openqa.selenium.remote.ErrorHandler.throwIfResponseFailed(ErrorHandler.java:168)
	at org.openqa.selenium.remote.RemoteWebDriver.execute(RemoteWebDriver.java:635)
	at org.openqa.selenium.remote.RemoteWebDriver.findElement(RemoteWebDriver.java:368)
	at org.openqa.selenium.remote.RemoteWebDriver.findElementById(RemoteWebDriver.java:417)
	at org.openqa.selenium.By$ById.findElement(By.java:218)
	at org.openqa.selenium.remote.RemoteWebDriver.findElement(RemoteWebDriver.java:360)
	at de.neusta.b4u.steps.BaseSteps.the_dropdown_menu_contains_the_following_items(BaseSteps.java:72)
	at ✽.Then the dropdown menu &quot;jobAdvertisement.stateTypes&quot; contains the following items(accountMenuJobAdvertisement.feature:37)
</error>
  </testcase>
  <testcase classname="Scenario: Check if it is possible to clear the search filter" name="Given I have logged into my account as standard user" time="0"/>
  <testcase classname="Scenario: Check if it is possible to clear the search filter" name="And I am on the job advertisement list page" time="0"/>
  <testcase classname="Scenario: Check if it is possible to clear the search filter" name="And I provide the following data to the job advertisement search filter" time="0">
    <failure message="Job advertisement list page is displayed" type="java.lang.AssertionError">java.lang.AssertionError: Job advertisement list page is displayed
	at org.junit.Assert.fail(Assert.java:88)
	at org.junit.Assert.assertTrue(Assert.java:41)
	at de.neusta.b4u.steps.jobadvertisement.JobAdvertisementListSteps.i_provide_the_following_data_to_the_job_advertisement_search_filter(JobAdvertisementListSteps.java:29)
	at ✽.And I provide the following data to the job advertisement search filter(accountMenuJobAdvertisement.feature:46)
</failure>
  </testcase>
  <testcase classname="Scenario: Check if it is possible to clear the search filter" name="Scenario: Check if it is possible to clear the search filter" time="0">
    <failure message="Job advertisement list page is displayed" type="java.lang.AssertionError">java.lang.AssertionError: Job advertisement list page is displayed
	at org.junit.Assert.fail(Assert.java:88)
	at org.junit.Assert.assertTrue(Assert.java:41)
	at de.neusta.b4u.steps.jobadvertisement.JobAdvertisementListSteps.i_provide_the_following_data_to_the_job_advertisement_search_filter(JobAdvertisementListSteps.java:29)
	at ✽.And I provide the following data to the job advertisement search filter(accountMenuJobAdvertisement.feature:46)
</failure>
  </testcase>
  <testcase classname="Scenario: Check if it is possible to clear the search filter" name="When I clear the job advertisement search filter" time="0">
    <skipped/>
  </testcase>
  <testcase classname="Scenario: Check if it is possible to clear the search filter" name="Then the job advertisement filter is empty" time="0.001">
    <skipped/>
  </testcase>
  <testcase classname="Scenario: Check if the search results match the search filter criteria" name="Given I have logged into my account as standard user" time="0"/>
  <testcase classname="Scenario: Check if the search results match the search filter criteria" name="And I am on the job advertisement list page" time="0"/>
  <testcase classname="Scenario: Check if the search results match the search filter criteria" name="And I provide the following data to the job advertisement search filter" time="0">
    <failure message="Job advertisement list page is displayed" type="java.lang.AssertionError">java.lang.AssertionError: Job advertisement list page is displayed
	at org.junit.Assert.fail(Assert.java:88)
	at org.junit.Assert.assertTrue(Assert.java:41)
	at de.neusta.b4u.steps.jobadvertisement.JobAdvertisementListSteps.i_provide_the_following_data_to_the_job_advertisement_search_filter(JobAdvertisementListSteps.java:29)
	at ✽.And I provide the following data to the job advertisement search filter(accountMenuJobAdvertisement.feature:59)
</failure>
  </testcase>
  <testcase classname="Scenario: Check if the search results match the search filter criteria" name="Scenario: Check if the search results match the search filter criteria" time="0">
    <failure message="Job advertisement list page is displayed" type="java.lang.AssertionError">java.lang.AssertionError: Job advertisement list page is displayed
	at org.junit.Assert.fail(Assert.java:88)
	at org.junit.Assert.assertTrue(Assert.java:41)
	at de.neusta.b4u.steps.jobadvertisement.JobAdvertisementListSteps.i_provide_the_following_data_to_the_job_advertisement_search_filter(JobAdvertisementListSteps.java:29)
	at ✽.And I provide the following data to the job advertisement search filter(accountMenuJobAdvertisement.feature:59)
</failure>
  </testcase>
  <testcase classname="Scenario: Check if the search results match the search filter criteria" name="When I list the job advertisement search results" time="0">
    <skipped/>
  </testcase>
  <testcase classname="Scenario: Check if the search results match the search filter criteria" name="Then the job advertisement search results should only contain" time="0">
    <skipped/>
  </testcase>
  <testcase classname="Scenario: Check if the search filters are correct" name="Given I have logged into my account as standard user" time="0"/>
  <testcase classname="Scenario: Check if the search filters are correct" name="And I am on the job advertisement list page" time="0"/>
  <testcase classname="Scenario: Check if the search filters are correct" name="And I provide the following data to the job advertisement search filter" time="0">
    <failure message="Job advertisement list page is displayed" type="java.lang.AssertionError">java.lang.AssertionError: Job advertisement list page is displayed
	at org.junit.Assert.fail(Assert.java:88)
	at org.junit.Assert.assertTrue(Assert.java:41)
	at de.neusta.b4u.steps.jobadvertisement.JobAdvertisementListSteps.i_provide_the_following_data_to_the_job_advertisement_search_filter(JobAdvertisementListSteps.java:29)
	at ✽.And I provide the following data to the job advertisement search filter(accountMenuJobAdvertisement.feature:73)
</failure>
  </testcase>
  <testcase classname="Scenario: Check if the search filters are correct" name="Scenario: Check if the search filters are correct" time="0">
    <failure message="Job advertisement list page is displayed" type="java.lang.AssertionError">java.lang.AssertionError: Job advertisement list page is displayed
	at org.junit.Assert.fail(Assert.java:88)
	at org.junit.Assert.assertTrue(Assert.java:41)
	at de.neusta.b4u.steps.jobadvertisement.JobAdvertisementListSteps.i_provide_the_following_data_to_the_job_advertisement_search_filter(JobAdvertisementListSteps.java:29)
	at ✽.And I provide the following data to the job advertisement search filter(accountMenuJobAdvertisement.feature:73)
</failure>
  </testcase>
  <testcase classname="Scenario: Check if the search filters are correct" name="When I list the job advertisement search results" time="0">
    <skipped/>
  </testcase>
  <testcase classname="Scenario: Check if the search filters are correct" name="Then the job advertisement search results are empty" time="0">
    <skipped/>
  </testcase>
  <testcase classname="Scenario: Create a new job advertisement" name="Given I have logged into my account as standard user" time="0"/>
  <testcase classname="Scenario: Create a new job advertisement" name="And I have ensured that the contact \&quot;Justice League\&quot; already exist" time="0">
    <failure message="Contact list page is displayed" type="java.lang.AssertionError">java.lang.AssertionError: Contact list page is displayed
	at org.junit.Assert.fail(Assert.java:88)
	at org.junit.Assert.assertTrue(Assert.java:41)
	at de.neusta.b4u.steps.contact.ContactCreateSteps.i_have_ensured_that_the_contact_i_want_to_edit_already_exist(ContactCreateSteps.java:140)
	at ✽.And I have ensured that the contact &quot;Justice League&quot; already exist(accountMenuJobAdvertisement.feature:81)
</failure>
  </testcase>
  <testcase classname="Scenario: Create a new job advertisement" name="Scenario: Create a new job advertisement" time="0">
    <failure message="Contact list page is displayed" type="java.lang.AssertionError">java.lang.AssertionError: Contact list page is displayed
	at org.junit.Assert.fail(Assert.java:88)
	at org.junit.Assert.assertTrue(Assert.java:41)
	at de.neusta.b4u.steps.contact.ContactCreateSteps.i_have_ensured_that_the_contact_i_want_to_edit_already_exist(ContactCreateSteps.java:140)
	at ✽.And I have ensured that the contact &quot;Justice League&quot; already exist(accountMenuJobAdvertisement.feature:81)
</failure>
  </testcase>
  <testcase classname="Scenario: Create a new job advertisement" name="And I have checked that the job advertisement \&quot;Superheld mit besonderen F\u00E4higkeiten (m\/w)\&quot; does not already exist" time="0">
    <skipped/>
  </testcase>
  <testcase classname="Scenario: Create a new job advertisement" name="And I am on the contact edit page of \&quot;Justice League\&quot;" time="0">
    <skipped/>
  </testcase>
  <testcase classname="Scenario: Create a new job advertisement" name="When I create a new job advertisement \&quot;Superheld mit besonderen F\u00E4higkeiten\&quot;" time="0">
    <skipped/>
  </testcase>
  <testcase classname="Scenario: Create a new job advertisement" name="Then the job advertisement \&quot;Superheld mit besonderen F\u00E4higkeiten\&quot; is created" time="0.001">
    <skipped/>
  </testcase>
  <testcase classname="Scenario: Create a new job advertisement" name="And I am on the job advertisement edit page of \&quot;Superheld mit besonderen F\u00E4higkeiten (m\/w)\&quot;" time="0.001">
    <skipped/>
  </testcase>
  <testcase classname="Scenario: Create a new job advertisement" name="And the job advertisement details are" time="0.001">
    <skipped/>
  </testcase>
  <testcase classname="Scenario: Check if the selected note is shown when creating a new job advertisement" name="Given I have logged into my account as standard user" time="0"/>
  <testcase classname="Scenario: Check if the selected note is shown when creating a new job advertisement" name="And I have ensured that the contact \&quot;Justice League\&quot; already exist" time="0.001">
    <failure message="Contact list page is displayed" type="java.lang.AssertionError">java.lang.AssertionError: Contact list page is displayed
	at org.junit.Assert.fail(Assert.java:88)
	at org.junit.Assert.assertTrue(Assert.java:41)
	at de.neusta.b4u.steps.contact.ContactCreateSteps.i_have_ensured_that_the_contact_i_want_to_edit_already_exist(ContactCreateSteps.java:140)
	at ✽.And I have ensured that the contact &quot;Justice League&quot; already exist(accountMenuJobAdvertisement.feature:122)
</failure>
  </testcase>
  <testcase classname="Scenario: Check if the selected note is shown when creating a new job advertisement" name="Scenario: Check if the selected note is shown when creating a new job advertisement" time="0.001">
    <failure message="Contact list page is displayed" type="java.lang.AssertionError">java.lang.AssertionError: Contact list page is displayed
	at org.junit.Assert.fail(Assert.java:88)
	at org.junit.Assert.assertTrue(Assert.java:41)
	at de.neusta.b4u.steps.contact.ContactCreateSteps.i_have_ensured_that_the_contact_i_want_to_edit_already_exist(ContactCreateSteps.java:140)
	at ✽.And I have ensured that the contact &quot;Justice League&quot; already exist(accountMenuJobAdvertisement.feature:122)
</failure>
  </testcase>
  <testcase classname="Scenario: Check if the selected note is shown when creating a new job advertisement" name="And I am on the contact edit page of \&quot;Justice League\&quot;" time="0.001">
    <skipped/>
  </testcase>
  <testcase classname="Scenario: Check if the selected note is shown when creating a new job advertisement" name="And I add a new note to the contact \&quot;I am Batman!!!\&quot;" time="0.001">
    <skipped/>
  </testcase>
  <testcase classname="Scenario: Check if the selected note is shown when creating a new job advertisement" name="And I select the contact note \&quot;I am Batman!!!\&quot;" time="0.001">
    <skipped/>
  </testcase>
  <testcase classname="Scenario: Check if the selected note is shown when creating a new job advertisement" name="When I try to create a new job advertisement" time="0.001">
    <skipped/>
  </testcase>
  <testcase classname="Scenario: Check if the selected note is shown when creating a new job advertisement" name="Then the job advertisement popup displays the note \&quot;I am Batman!!!\&quot;" time="0.002">
    <skipped/>
  </testcase>
  <testcase classname="Scenario: Edit an existing job advertisement" name="Given I have logged into my account as standard user" time="0"/>
  <testcase classname="Scenario: Edit an existing job advertisement" name="And I am on the job advertisement edit page of \&quot;Superheld mit besonderen F\u00E4higkeiten (m\/w)\&quot;" time="0">
    <failure message="Job advertisement list page is displayed" type="java.lang.AssertionError">java.lang.AssertionError: Job advertisement list page is displayed
	at org.junit.Assert.fail(Assert.java:88)
	at org.junit.Assert.assertTrue(Assert.java:41)
	at de.neusta.b4u.steps.jobadvertisement.JobAdvertisementEditSteps.i_am_on_the_job_advertisement_edit_page_of(JobAdvertisementEditSteps.java:117)
	at ✽.And I am on the job advertisement edit page of &quot;Superheld mit besonderen Fähigkeiten (m/w)&quot;(accountMenuJobAdvertisement.feature:131)
</failure>
  </testcase>
  <testcase classname="Scenario: Edit an existing job advertisement" name="Scenario: Edit an existing job advertisement" time="0">
    <failure message="Job advertisement list page is displayed" type="java.lang.AssertionError">java.lang.AssertionError: Job advertisement list page is displayed
	at org.junit.Assert.fail(Assert.java:88)
	at org.junit.Assert.assertTrue(Assert.java:41)
	at de.neusta.b4u.steps.jobadvertisement.JobAdvertisementEditSteps.i_am_on_the_job_advertisement_edit_page_of(JobAdvertisementEditSteps.java:117)
	at ✽.And I am on the job advertisement edit page of &quot;Superheld mit besonderen Fähigkeiten (m/w)&quot;(accountMenuJobAdvertisement.feature:131)
</failure>
  </testcase>
  <testcase classname="Scenario: Edit an existing job advertisement" name="When I edit the job advertisement details" time="0">
    <skipped/>
  </testcase>
  <testcase classname="Scenario: Edit an existing job advertisement" name="Then the job advertisement details are" time="0">
    <skipped/>
  </testcase>
  <testcase classname="Scenario: Delete job advertisement" name="Given I have logged into my account as standard user" time="0"/>
  <testcase classname="Scenario: Delete job advertisement" name="And I am on the job advertisement list page" time="0"/>
  <testcase classname="Scenario: Delete job advertisement" name="When I delete the job advertisement \&quot;Superheld mit besonderen F\u00E4higkeiten (m\/w)\&quot;" time="0">
    <failure message="Job advertisement list page is displayed" type="java.lang.AssertionError">java.lang.AssertionError: Job advertisement list page is displayed
	at org.junit.Assert.fail(Assert.java:88)
	at org.junit.Assert.assertTrue(Assert.java:41)
	at de.neusta.b4u.steps.jobadvertisement.JobAdvertisementCreateSteps.i_delete_the_job_advertisement(JobAdvertisementCreateSteps.java:150)
	at ✽.When I delete the job advertisement &quot;Superheld mit besonderen Fähigkeiten (m/w)&quot;(accountMenuJobAdvertisement.feature:170)
</failure>
  </testcase>
  <testcase classname="Scenario: Delete job advertisement" name="Scenario: Delete job advertisement" time="0">
    <failure message="Job advertisement list page is displayed" type="java.lang.AssertionError">java.lang.AssertionError: Job advertisement list page is displayed
	at org.junit.Assert.fail(Assert.java:88)
	at org.junit.Assert.assertTrue(Assert.java:41)
	at de.neusta.b4u.steps.jobadvertisement.JobAdvertisementCreateSteps.i_delete_the_job_advertisement(JobAdvertisementCreateSteps.java:150)
	at ✽.When I delete the job advertisement &quot;Superheld mit besonderen Fähigkeiten (m/w)&quot;(accountMenuJobAdvertisement.feature:170)
</failure>
  </testcase>
  <testcase classname="Scenario: Delete job advertisement" name="Then the job advertisement \&quot;Superheld mit besonderen F\u00E4higkeiten (m\/w)\&quot; is deleted" time="0">
    <skipped/>
  </testcase>
  <testcase classname="Scenario: Add an applicant to an existing job advertisement" name="Given I have logged into my account as standard user" time="0"/>
  <testcase classname="Scenario: Add an applicant to an existing job advertisement" name="And I have checked that the job advertisement \&quot;Superheld mit besonderen F\u00E4higkeiten (m\/w)\&quot; does not already exist" time="0">
    <failure message="Job advertisement list page is displayed" type="java.lang.AssertionError">java.lang.AssertionError: Job advertisement list page is displayed
	at org.junit.Assert.fail(Assert.java:88)
	at org.junit.Assert.assertTrue(Assert.java:41)
	at de.neusta.b4u.steps.jobadvertisement.JobAdvertisementCreateSteps.i_have_checked_that_the_job_advertisement_does_not_already_exist(JobAdvertisementCreateSteps.java:88)
	at ✽.And I have checked that the job advertisement &quot;Superheld mit besonderen Fähigkeiten (m/w)&quot; does not already exist(accountMenuJobAdvertisement.feature:175)
</failure>
  </testcase>
  <testcase classname="Scenario: Add an applicant to an existing job advertisement" name="Scenario: Add an applicant to an existing job advertisement" time="0">
    <failure message="Job advertisement list page is displayed" type="java.lang.AssertionError">java.lang.AssertionError: Job advertisement list page is displayed
	at org.junit.Assert.fail(Assert.java:88)
	at org.junit.Assert.assertTrue(Assert.java:41)
	at de.neusta.b4u.steps.jobadvertisement.JobAdvertisementCreateSteps.i_have_checked_that_the_job_advertisement_does_not_already_exist(JobAdvertisementCreateSteps.java:88)
	at ✽.And I have checked that the job advertisement &quot;Superheld mit besonderen Fähigkeiten (m/w)&quot; does not already exist(accountMenuJobAdvertisement.feature:175)
</failure>
  </testcase>
  <testcase classname="Scenario: Add an applicant to an existing job advertisement" name="And I have ensured that the contact \&quot;Justice League\&quot; already exist" time="0.001">
    <skipped/>
  </testcase>
  <testcase classname="Scenario: Add an applicant to an existing job advertisement" name="And I am on the contact edit page of \&quot;Justice League\&quot;" time="0.001">
    <skipped/>
  </testcase>
  <testcase classname="Scenario: Add an applicant to an existing job advertisement" name="And I create a new job advertisement \&quot;Superheld mit besonderen F\u00E4higkeiten\&quot;" time="0.001">
    <skipped/>
  </testcase>
  <testcase classname="Scenario: Add an applicant to an existing job advertisement" name="And I have checked that the person \&quot;Wayne\u002C Bruce\&quot; does not already exist" time="0.001">
    <skipped/>
  </testcase>
  <testcase classname="Scenario: Add an applicant to an existing job advertisement" name="And I create a new person \&quot;Bruce Wayne\&quot;" time="0.001">
    <skipped/>
  </testcase>
  <testcase classname="Scenario: Add an applicant to an existing job advertisement" name="When I am on the job advertisement edit page of \&quot;Superheld mit besonderen F\u00E4higkeiten (m\/w)\&quot;" time="0.001">
    <skipped/>
  </testcase>
  <testcase classname="Scenario: Add an applicant to an existing job advertisement" name="And I add the applicant \&quot;Bruce Wayne\&quot; to the job advertisement" time="0.001">
    <skipped/>
  </testcase>
  <testcase classname="Scenario: Add an applicant to an existing job advertisement" name="Then the job advertisement applicant list contains" time="0.002">
    <skipped/>
  </testcase>
  <testcase classname="Scenario: Check elements tasks" name="Given I have logged into my account as standard user" time="0"/>
  <testcase classname="Scenario: Check elements tasks" name="When I am on the task list page" time="0"/>
  <testcase classname="Scenario: Check elements tasks" name="Then all the elements looked for are being displayed" time="0">
    <failure message="taskTableView.taskPersonList is displayed" type="java.lang.AssertionError">java.lang.AssertionError: taskTableView.taskPersonList is displayed
	at org.junit.Assert.fail(Assert.java:88)
	at org.junit.Assert.assertTrue(Assert.java:41)
	at de.neusta.b4u.steps.BaseSteps.all_the_elements_looked_for_are_being_displayed(BaseSteps.java:66)
	at ✽.Then all the elements looked for are being displayed(accountMenuTasks.feature:11)
</failure>
  </testcase>
  <testcase classname="Scenario: Check elements tasks" name="Scenario: Check elements tasks" time="0">
    <failure message="taskTableView.taskPersonList is displayed" type="java.lang.AssertionError">java.lang.AssertionError: taskTableView.taskPersonList is displayed
	at org.junit.Assert.fail(Assert.java:88)
	at org.junit.Assert.assertTrue(Assert.java:41)
	at de.neusta.b4u.steps.BaseSteps.all_the_elements_looked_for_are_being_displayed(BaseSteps.java:66)
	at ✽.Then all the elements looked for are being displayed(accountMenuTasks.feature:11)
</failure>
  </testcase>
  <testcase classname="Scenario: Check dropdown entries task type" name="Given I have logged into my account as standard user" time="0"/>
  <testcase classname="Scenario: Check dropdown entries task type" name="When I am on the task list page" time="0"/>
  <testcase classname="Scenario: Check dropdown entries task type" name="And the dropdown menu \&quot;taskTableView.taskTypeList\&quot; contains the following items" time="0.001">
    <error message="no such element: Unable to locate element: {&quot;method&quot;:&quot;id&quot;,&quot;selector&quot;:&quot;taskTableView.taskTypeList&quot;}
  (Session info: chrome=72.0.3626.81)
  (Driver info: chromedriver=2.46.628388 (4a34a70827ac54148e092aafb70504c4ea7ae926),platform=Linux 4.9.125-linuxkit x86_64) (WARNING: The server did not provide any stacktrace information)
Command duration or timeout: 1.07 seconds
For documentation on this error, please visit: http://seleniumhq.org/exceptions/no_such_element.html
Build info: version: &apos;3.0.1&apos;, revision: &apos;1969d75&apos;, time: &apos;2016-10-18 09:49:13 -0700&apos;
System info: host: &apos;DESKTOP-IN4UB21&apos;, ip: &apos;10.0.75.1&apos;, os.name: &apos;Windows 10&apos;, os.arch: &apos;amd64&apos;, os.version: &apos;10.0&apos;, java.version: &apos;1.8.0_201&apos;
Driver info: org.openqa.selenium.remote.RemoteWebDriver
Capabilities [{mobileEmulationEnabled=false, timeouts={implicit=0, pageLoad=300000, script=30000}, hasTouchScreen=false, platform=LINUX, acceptSslCerts=false, goog:chromeOptions={debuggerAddress=localhost:34851}, acceptInsecureCerts=false, webStorageEnabled=true, browserName=chrome, takesScreenshot=true, javascriptEnabled=true, setWindowRect=true, unexpectedAlertBehaviour=ignore, applicationCacheEnabled=false, rotatable=false, networkConnectionEnabled=false, chrome={chromedriverVersion=2.46.628388 (4a34a70827ac54148e092aafb70504c4ea7ae926), userDataDir=/tmp/.org.chromium.Chromium.PoXp3V}, takesHeapSnapshot=true, pageLoadStrategy=normal, strictFileInteractability=false, databaseEnabled=false, handlesAlerts=true, version=72.0.3626.81, browserConnectionEnabled=false, proxy={}, nativeEvents=true, webdriver.remote.sessionid=29d34c1a75cd8bd009ce7e89dd273abc, locationContextEnabled=true, cssSelectorsEnabled=true}]
Session ID: 29d34c1a75cd8bd009ce7e89dd273abc
*** Element info: {Using=id, value=taskTableView.taskTypeList}" type="org.openqa.selenium.NoSuchElementException">org.openqa.selenium.NoSuchElementException: no such element: Unable to locate element: {&quot;method&quot;:&quot;id&quot;,&quot;selector&quot;:&quot;taskTableView.taskTypeList&quot;}
  (Session info: chrome=72.0.3626.81)
  (Driver info: chromedriver=2.46.628388 (4a34a70827ac54148e092aafb70504c4ea7ae926),platform=Linux 4.9.125-linuxkit x86_64) (WARNING: The server did not provide any stacktrace information)
Command duration or timeout: 1.07 seconds
For documentation on this error, please visit: http://seleniumhq.org/exceptions/no_such_element.html
Build info: version: &apos;3.0.1&apos;, revision: &apos;1969d75&apos;, time: &apos;2016-10-18 09:49:13 -0700&apos;
System info: host: &apos;DESKTOP-IN4UB21&apos;, ip: &apos;10.0.75.1&apos;, os.name: &apos;Windows 10&apos;, os.arch: &apos;amd64&apos;, os.version: &apos;10.0&apos;, java.version: &apos;1.8.0_201&apos;
Driver info: org.openqa.selenium.remote.RemoteWebDriver
Capabilities [{mobileEmulationEnabled=false, timeouts={implicit=0, pageLoad=300000, script=30000}, hasTouchScreen=false, platform=LINUX, acceptSslCerts=false, goog:chromeOptions={debuggerAddress=localhost:34851}, acceptInsecureCerts=false, webStorageEnabled=true, browserName=chrome, takesScreenshot=true, javascriptEnabled=true, setWindowRect=true, unexpectedAlertBehaviour=ignore, applicationCacheEnabled=false, rotatable=false, networkConnectionEnabled=false, chrome={chromedriverVersion=2.46.628388 (4a34a70827ac54148e092aafb70504c4ea7ae926), userDataDir=/tmp/.org.chromium.Chromium.PoXp3V}, takesHeapSnapshot=true, pageLoadStrategy=normal, strictFileInteractability=false, databaseEnabled=false, handlesAlerts=true, version=72.0.3626.81, browserConnectionEnabled=false, proxy={}, nativeEvents=true, webdriver.remote.sessionid=29d34c1a75cd8bd009ce7e89dd273abc, locationContextEnabled=true, cssSelectorsEnabled=true}]
Session ID: 29d34c1a75cd8bd009ce7e89dd273abc
*** Element info: {Using=id, value=taskTableView.taskTypeList}
	at sun.reflect.NativeConstructorAccessorImpl.newInstance0(Native Method)
	at sun.reflect.NativeConstructorAccessorImpl.newInstance(NativeConstructorAccessorImpl.java:62)
	at sun.reflect.DelegatingConstructorAccessorImpl.newInstance(DelegatingConstructorAccessorImpl.java:45)
	at java.lang.reflect.Constructor.newInstance(Constructor.java:423)
	at org.openqa.selenium.remote.ErrorHandler.createThrowable(ErrorHandler.java:216)
	at org.openqa.selenium.remote.ErrorHandler.throwIfResponseFailed(ErrorHandler.java:168)
	at org.openqa.selenium.remote.RemoteWebDriver.execute(RemoteWebDriver.java:635)
	at org.openqa.selenium.remote.RemoteWebDriver.findElement(RemoteWebDriver.java:368)
	at org.openqa.selenium.remote.RemoteWebDriver.findElementById(RemoteWebDriver.java:417)
	at org.openqa.selenium.By$ById.findElement(By.java:218)
	at org.openqa.selenium.remote.RemoteWebDriver.findElement(RemoteWebDriver.java:360)
	at de.neusta.b4u.steps.BaseSteps.the_dropdown_menu_contains_the_following_items(BaseSteps.java:72)
	at ✽.And the dropdown menu &quot;taskTableView.taskTypeList&quot; contains the following items(accountMenuTasks.feature:26)
</error>
  </testcase>
  <testcase classname="Scenario: Check dropdown entries task type" name="Scenario: Check dropdown entries task type" time="0.002">
    <error message="no such element: Unable to locate element: {&quot;method&quot;:&quot;id&quot;,&quot;selector&quot;:&quot;taskTableView.taskTypeList&quot;}
  (Session info: chrome=72.0.3626.81)
  (Driver info: chromedriver=2.46.628388 (4a34a70827ac54148e092aafb70504c4ea7ae926),platform=Linux 4.9.125-linuxkit x86_64) (WARNING: The server did not provide any stacktrace information)
Command duration or timeout: 1.07 seconds
For documentation on this error, please visit: http://seleniumhq.org/exceptions/no_such_element.html
Build info: version: &apos;3.0.1&apos;, revision: &apos;1969d75&apos;, time: &apos;2016-10-18 09:49:13 -0700&apos;
System info: host: &apos;DESKTOP-IN4UB21&apos;, ip: &apos;10.0.75.1&apos;, os.name: &apos;Windows 10&apos;, os.arch: &apos;amd64&apos;, os.version: &apos;10.0&apos;, java.version: &apos;1.8.0_201&apos;
Driver info: org.openqa.selenium.remote.RemoteWebDriver
Capabilities [{mobileEmulationEnabled=false, timeouts={implicit=0, pageLoad=300000, script=30000}, hasTouchScreen=false, platform=LINUX, acceptSslCerts=false, goog:chromeOptions={debuggerAddress=localhost:34851}, acceptInsecureCerts=false, webStorageEnabled=true, browserName=chrome, takesScreenshot=true, javascriptEnabled=true, setWindowRect=true, unexpectedAlertBehaviour=ignore, applicationCacheEnabled=false, rotatable=false, networkConnectionEnabled=false, chrome={chromedriverVersion=2.46.628388 (4a34a70827ac54148e092aafb70504c4ea7ae926), userDataDir=/tmp/.org.chromium.Chromium.PoXp3V}, takesHeapSnapshot=true, pageLoadStrategy=normal, strictFileInteractability=false, databaseEnabled=false, handlesAlerts=true, version=72.0.3626.81, browserConnectionEnabled=false, proxy={}, nativeEvents=true, webdriver.remote.sessionid=29d34c1a75cd8bd009ce7e89dd273abc, locationContextEnabled=true, cssSelectorsEnabled=true}]
Session ID: 29d34c1a75cd8bd009ce7e89dd273abc
*** Element info: {Using=id, value=taskTableView.taskTypeList}" type="org.openqa.selenium.NoSuchElementException">org.openqa.selenium.NoSuchElementException: no such element: Unable to locate element: {&quot;method&quot;:&quot;id&quot;,&quot;selector&quot;:&quot;taskTableView.taskTypeList&quot;}
  (Session info: chrome=72.0.3626.81)
  (Driver info: chromedriver=2.46.628388 (4a34a70827ac54148e092aafb70504c4ea7ae926),platform=Linux 4.9.125-linuxkit x86_64) (WARNING: The server did not provide any stacktrace information)
Command duration or timeout: 1.07 seconds
For documentation on this error, please visit: http://seleniumhq.org/exceptions/no_such_element.html
Build info: version: &apos;3.0.1&apos;, revision: &apos;1969d75&apos;, time: &apos;2016-10-18 09:49:13 -0700&apos;
System info: host: &apos;DESKTOP-IN4UB21&apos;, ip: &apos;10.0.75.1&apos;, os.name: &apos;Windows 10&apos;, os.arch: &apos;amd64&apos;, os.version: &apos;10.0&apos;, java.version: &apos;1.8.0_201&apos;
Driver info: org.openqa.selenium.remote.RemoteWebDriver
Capabilities [{mobileEmulationEnabled=false, timeouts={implicit=0, pageLoad=300000, script=30000}, hasTouchScreen=false, platform=LINUX, acceptSslCerts=false, goog:chromeOptions={debuggerAddress=localhost:34851}, acceptInsecureCerts=false, webStorageEnabled=true, browserName=chrome, takesScreenshot=true, javascriptEnabled=true, setWindowRect=true, unexpectedAlertBehaviour=ignore, applicationCacheEnabled=false, rotatable=false, networkConnectionEnabled=false, chrome={chromedriverVersion=2.46.628388 (4a34a70827ac54148e092aafb70504c4ea7ae926), userDataDir=/tmp/.org.chromium.Chromium.PoXp3V}, takesHeapSnapshot=true, pageLoadStrategy=normal, strictFileInteractability=false, databaseEnabled=false, handlesAlerts=true, version=72.0.3626.81, browserConnectionEnabled=false, proxy={}, nativeEvents=true, webdriver.remote.sessionid=29d34c1a75cd8bd009ce7e89dd273abc, locationContextEnabled=true, cssSelectorsEnabled=true}]
Session ID: 29d34c1a75cd8bd009ce7e89dd273abc
*** Element info: {Using=id, value=taskTableView.taskTypeList}
	at sun.reflect.NativeConstructorAccessorImpl.newInstance0(Native Method)
	at sun.reflect.NativeConstructorAccessorImpl.newInstance(NativeConstructorAccessorImpl.java:62)
	at sun.reflect.DelegatingConstructorAccessorImpl.newInstance(DelegatingConstructorAccessorImpl.java:45)
	at java.lang.reflect.Constructor.newInstance(Constructor.java:423)
	at org.openqa.selenium.remote.ErrorHandler.createThrowable(ErrorHandler.java:216)
	at org.openqa.selenium.remote.ErrorHandler.throwIfResponseFailed(ErrorHandler.java:168)
	at org.openqa.selenium.remote.RemoteWebDriver.execute(RemoteWebDriver.java:635)
	at org.openqa.selenium.remote.RemoteWebDriver.findElement(RemoteWebDriver.java:368)
	at org.openqa.selenium.remote.RemoteWebDriver.findElementById(RemoteWebDriver.java:417)
	at org.openqa.selenium.By$ById.findElement(By.java:218)
	at org.openqa.selenium.remote.RemoteWebDriver.findElement(RemoteWebDriver.java:360)
	at de.neusta.b4u.steps.BaseSteps.the_dropdown_menu_contains_the_following_items(BaseSteps.java:72)
	at ✽.And the dropdown menu &quot;taskTableView.taskTypeList&quot; contains the following items(accountMenuTasks.feature:26)
</error>
  </testcase>
  <testcase classname="Scenario: Check dropdown entries task status" name="Given I have logged into my account as standard user" time="0"/>
  <testcase classname="Scenario: Check dropdown entries task status" name="When I am on the task list page" time="0"/>
  <testcase classname="Scenario: Check dropdown entries task status" name="And the dropdown menu \&quot;taskTableView.taskStatusList\&quot; contains the following items" time="0.001">
    <error message="no such element: Unable to locate element: {&quot;method&quot;:&quot;id&quot;,&quot;selector&quot;:&quot;taskTableView.taskStatusList&quot;}
  (Session info: chrome=72.0.3626.81)
  (Driver info: chromedriver=2.46.628388 (4a34a70827ac54148e092aafb70504c4ea7ae926),platform=Linux 4.9.125-linuxkit x86_64) (WARNING: The server did not provide any stacktrace information)
Command duration or timeout: 1.06 seconds
For documentation on this error, please visit: http://seleniumhq.org/exceptions/no_such_element.html
Build info: version: &apos;3.0.1&apos;, revision: &apos;1969d75&apos;, time: &apos;2016-10-18 09:49:13 -0700&apos;
System info: host: &apos;DESKTOP-IN4UB21&apos;, ip: &apos;10.0.75.1&apos;, os.name: &apos;Windows 10&apos;, os.arch: &apos;amd64&apos;, os.version: &apos;10.0&apos;, java.version: &apos;1.8.0_201&apos;
Driver info: org.openqa.selenium.remote.RemoteWebDriver
Capabilities [{mobileEmulationEnabled=false, timeouts={implicit=0, pageLoad=300000, script=30000}, hasTouchScreen=false, platform=LINUX, acceptSslCerts=false, goog:chromeOptions={debuggerAddress=localhost:46507}, acceptInsecureCerts=false, webStorageEnabled=true, browserName=chrome, takesScreenshot=true, javascriptEnabled=true, setWindowRect=true, unexpectedAlertBehaviour=ignore, applicationCacheEnabled=false, rotatable=false, networkConnectionEnabled=false, chrome={chromedriverVersion=2.46.628388 (4a34a70827ac54148e092aafb70504c4ea7ae926), userDataDir=/tmp/.org.chromium.Chromium.eP6hKS}, takesHeapSnapshot=true, pageLoadStrategy=normal, strictFileInteractability=false, databaseEnabled=false, handlesAlerts=true, version=72.0.3626.81, browserConnectionEnabled=false, proxy={}, nativeEvents=true, webdriver.remote.sessionid=71fc5cd1f07b41fba5d15a632ff4804f, locationContextEnabled=true, cssSelectorsEnabled=true}]
Session ID: 71fc5cd1f07b41fba5d15a632ff4804f
*** Element info: {Using=id, value=taskTableView.taskStatusList}" type="org.openqa.selenium.NoSuchElementException">org.openqa.selenium.NoSuchElementException: no such element: Unable to locate element: {&quot;method&quot;:&quot;id&quot;,&quot;selector&quot;:&quot;taskTableView.taskStatusList&quot;}
  (Session info: chrome=72.0.3626.81)
  (Driver info: chromedriver=2.46.628388 (4a34a70827ac54148e092aafb70504c4ea7ae926),platform=Linux 4.9.125-linuxkit x86_64) (WARNING: The server did not provide any stacktrace information)
Command duration or timeout: 1.06 seconds
For documentation on this error, please visit: http://seleniumhq.org/exceptions/no_such_element.html
Build info: version: &apos;3.0.1&apos;, revision: &apos;1969d75&apos;, time: &apos;2016-10-18 09:49:13 -0700&apos;
System info: host: &apos;DESKTOP-IN4UB21&apos;, ip: &apos;10.0.75.1&apos;, os.name: &apos;Windows 10&apos;, os.arch: &apos;amd64&apos;, os.version: &apos;10.0&apos;, java.version: &apos;1.8.0_201&apos;
Driver info: org.openqa.selenium.remote.RemoteWebDriver
Capabilities [{mobileEmulationEnabled=false, timeouts={implicit=0, pageLoad=300000, script=30000}, hasTouchScreen=false, platform=LINUX, acceptSslCerts=false, goog:chromeOptions={debuggerAddress=localhost:46507}, acceptInsecureCerts=false, webStorageEnabled=true, browserName=chrome, takesScreenshot=true, javascriptEnabled=true, setWindowRect=true, unexpectedAlertBehaviour=ignore, applicationCacheEnabled=false, rotatable=false, networkConnectionEnabled=false, chrome={chromedriverVersion=2.46.628388 (4a34a70827ac54148e092aafb70504c4ea7ae926), userDataDir=/tmp/.org.chromium.Chromium.eP6hKS}, takesHeapSnapshot=true, pageLoadStrategy=normal, strictFileInteractability=false, databaseEnabled=false, handlesAlerts=true, version=72.0.3626.81, browserConnectionEnabled=false, proxy={}, nativeEvents=true, webdriver.remote.sessionid=71fc5cd1f07b41fba5d15a632ff4804f, locationContextEnabled=true, cssSelectorsEnabled=true}]
Session ID: 71fc5cd1f07b41fba5d15a632ff4804f
*** Element info: {Using=id, value=taskTableView.taskStatusList}
	at sun.reflect.NativeConstructorAccessorImpl.newInstance0(Native Method)
	at sun.reflect.NativeConstructorAccessorImpl.newInstance(NativeConstructorAccessorImpl.java:62)
	at sun.reflect.DelegatingConstructorAccessorImpl.newInstance(DelegatingConstructorAccessorImpl.java:45)
	at java.lang.reflect.Constructor.newInstance(Constructor.java:423)
	at org.openqa.selenium.remote.ErrorHandler.createThrowable(ErrorHandler.java:216)
	at org.openqa.selenium.remote.ErrorHandler.throwIfResponseFailed(ErrorHandler.java:168)
	at org.openqa.selenium.remote.RemoteWebDriver.execute(RemoteWebDriver.java:635)
	at org.openqa.selenium.remote.RemoteWebDriver.findElement(RemoteWebDriver.java:368)
	at org.openqa.selenium.remote.RemoteWebDriver.findElementById(RemoteWebDriver.java:417)
	at org.openqa.selenium.By$ById.findElement(By.java:218)
	at org.openqa.selenium.remote.RemoteWebDriver.findElement(RemoteWebDriver.java:360)
	at de.neusta.b4u.steps.BaseSteps.the_dropdown_menu_contains_the_following_items(BaseSteps.java:72)
	at ✽.And the dropdown menu &quot;taskTableView.taskStatusList&quot; contains the following items(accountMenuTasks.feature:39)
</error>
  </testcase>
  <testcase classname="Scenario: Check dropdown entries task status" name="Scenario: Check dropdown entries task status" time="0.002">
    <error message="no such element: Unable to locate element: {&quot;method&quot;:&quot;id&quot;,&quot;selector&quot;:&quot;taskTableView.taskStatusList&quot;}
  (Session info: chrome=72.0.3626.81)
  (Driver info: chromedriver=2.46.628388 (4a34a70827ac54148e092aafb70504c4ea7ae926),platform=Linux 4.9.125-linuxkit x86_64) (WARNING: The server did not provide any stacktrace information)
Command duration or timeout: 1.06 seconds
For documentation on this error, please visit: http://seleniumhq.org/exceptions/no_such_element.html
Build info: version: &apos;3.0.1&apos;, revision: &apos;1969d75&apos;, time: &apos;2016-10-18 09:49:13 -0700&apos;
System info: host: &apos;DESKTOP-IN4UB21&apos;, ip: &apos;10.0.75.1&apos;, os.name: &apos;Windows 10&apos;, os.arch: &apos;amd64&apos;, os.version: &apos;10.0&apos;, java.version: &apos;1.8.0_201&apos;
Driver info: org.openqa.selenium.remote.RemoteWebDriver
Capabilities [{mobileEmulationEnabled=false, timeouts={implicit=0, pageLoad=300000, script=30000}, hasTouchScreen=false, platform=LINUX, acceptSslCerts=false, goog:chromeOptions={debuggerAddress=localhost:46507}, acceptInsecureCerts=false, webStorageEnabled=true, browserName=chrome, takesScreenshot=true, javascriptEnabled=true, setWindowRect=true, unexpectedAlertBehaviour=ignore, applicationCacheEnabled=false, rotatable=false, networkConnectionEnabled=false, chrome={chromedriverVersion=2.46.628388 (4a34a70827ac54148e092aafb70504c4ea7ae926), userDataDir=/tmp/.org.chromium.Chromium.eP6hKS}, takesHeapSnapshot=true, pageLoadStrategy=normal, strictFileInteractability=false, databaseEnabled=false, handlesAlerts=true, version=72.0.3626.81, browserConnectionEnabled=false, proxy={}, nativeEvents=true, webdriver.remote.sessionid=71fc5cd1f07b41fba5d15a632ff4804f, locationContextEnabled=true, cssSelectorsEnabled=true}]
Session ID: 71fc5cd1f07b41fba5d15a632ff4804f
*** Element info: {Using=id, value=taskTableView.taskStatusList}" type="org.openqa.selenium.NoSuchElementException">org.openqa.selenium.NoSuchElementException: no such element: Unable to locate element: {&quot;method&quot;:&quot;id&quot;,&quot;selector&quot;:&quot;taskTableView.taskStatusList&quot;}
  (Session info: chrome=72.0.3626.81)
  (Driver info: chromedriver=2.46.628388 (4a34a70827ac54148e092aafb70504c4ea7ae926),platform=Linux 4.9.125-linuxkit x86_64) (WARNING: The server did not provide any stacktrace information)
Command duration or timeout: 1.06 seconds
For documentation on this error, please visit: http://seleniumhq.org/exceptions/no_such_element.html
Build info: version: &apos;3.0.1&apos;, revision: &apos;1969d75&apos;, time: &apos;2016-10-18 09:49:13 -0700&apos;
System info: host: &apos;DESKTOP-IN4UB21&apos;, ip: &apos;10.0.75.1&apos;, os.name: &apos;Windows 10&apos;, os.arch: &apos;amd64&apos;, os.version: &apos;10.0&apos;, java.version: &apos;1.8.0_201&apos;
Driver info: org.openqa.selenium.remote.RemoteWebDriver
Capabilities [{mobileEmulationEnabled=false, timeouts={implicit=0, pageLoad=300000, script=30000}, hasTouchScreen=false, platform=LINUX, acceptSslCerts=false, goog:chromeOptions={debuggerAddress=localhost:46507}, acceptInsecureCerts=false, webStorageEnabled=true, browserName=chrome, takesScreenshot=true, javascriptEnabled=true, setWindowRect=true, unexpectedAlertBehaviour=ignore, applicationCacheEnabled=false, rotatable=false, networkConnectionEnabled=false, chrome={chromedriverVersion=2.46.628388 (4a34a70827ac54148e092aafb70504c4ea7ae926), userDataDir=/tmp/.org.chromium.Chromium.eP6hKS}, takesHeapSnapshot=true, pageLoadStrategy=normal, strictFileInteractability=false, databaseEnabled=false, handlesAlerts=true, version=72.0.3626.81, browserConnectionEnabled=false, proxy={}, nativeEvents=true, webdriver.remote.sessionid=71fc5cd1f07b41fba5d15a632ff4804f, locationContextEnabled=true, cssSelectorsEnabled=true}]
Session ID: 71fc5cd1f07b41fba5d15a632ff4804f
*** Element info: {Using=id, value=taskTableView.taskStatusList}
	at sun.reflect.NativeConstructorAccessorImpl.newInstance0(Native Method)
	at sun.reflect.NativeConstructorAccessorImpl.newInstance(NativeConstructorAccessorImpl.java:62)
	at sun.reflect.DelegatingConstructorAccessorImpl.newInstance(DelegatingConstructorAccessorImpl.java:45)
	at java.lang.reflect.Constructor.newInstance(Constructor.java:423)
	at org.openqa.selenium.remote.ErrorHandler.createThrowable(ErrorHandler.java:216)
	at org.openqa.selenium.remote.ErrorHandler.throwIfResponseFailed(ErrorHandler.java:168)
	at org.openqa.selenium.remote.RemoteWebDriver.execute(RemoteWebDriver.java:635)
	at org.openqa.selenium.remote.RemoteWebDriver.findElement(RemoteWebDriver.java:368)
	at org.openqa.selenium.remote.RemoteWebDriver.findElementById(RemoteWebDriver.java:417)
	at org.openqa.selenium.By$ById.findElement(By.java:218)
	at org.openqa.selenium.remote.RemoteWebDriver.findElement(RemoteWebDriver.java:360)
	at de.neusta.b4u.steps.BaseSteps.the_dropdown_menu_contains_the_following_items(BaseSteps.java:72)
	at ✽.And the dropdown menu &quot;taskTableView.taskStatusList&quot; contains the following items(accountMenuTasks.feature:39)
</error>
  </testcase>
  <testcase classname="|  | navigationView.Aufgaben | \/task\/list |" name="Given I have logged into my account as standard user" time="0"/>
  <testcase classname="|  | navigationView.Aufgaben | \/task\/list |" name="When I am on the task list page" time="0"/>
  <testcase classname="|  | navigationView.Aufgaben | \/task\/list |" name="And I click on the menu entry \&quot;navigationView.Aufgaben\&quot;" time="0.002">
    <error message="element not interactable
  (Session info: chrome=72.0.3626.81)
  (Driver info: chromedriver=2.46.628388 (4a34a70827ac54148e092aafb70504c4ea7ae926),platform=Linux 4.9.125-linuxkit x86_64) (WARNING: The server did not provide any stacktrace information)
Command duration or timeout: 1.04 seconds
Build info: version: &apos;3.0.1&apos;, revision: &apos;1969d75&apos;, time: &apos;2016-10-18 09:49:13 -0700&apos;
System info: host: &apos;DESKTOP-IN4UB21&apos;, ip: &apos;10.0.75.1&apos;, os.name: &apos;Windows 10&apos;, os.arch: &apos;amd64&apos;, os.version: &apos;10.0&apos;, java.version: &apos;1.8.0_201&apos;
Driver info: org.openqa.selenium.remote.RemoteWebDriver
Capabilities [{mobileEmulationEnabled=false, timeouts={implicit=0, pageLoad=300000, script=30000}, hasTouchScreen=false, platform=LINUX, acceptSslCerts=false, goog:chromeOptions={debuggerAddress=localhost:36355}, acceptInsecureCerts=false, webStorageEnabled=true, browserName=chrome, takesScreenshot=true, javascriptEnabled=true, setWindowRect=true, unexpectedAlertBehaviour=ignore, applicationCacheEnabled=false, rotatable=false, networkConnectionEnabled=false, chrome={chromedriverVersion=2.46.628388 (4a34a70827ac54148e092aafb70504c4ea7ae926), userDataDir=/tmp/.org.chromium.Chromium.mikkq1}, takesHeapSnapshot=true, pageLoadStrategy=normal, strictFileInteractability=false, databaseEnabled=false, handlesAlerts=true, version=72.0.3626.81, browserConnectionEnabled=false, proxy={}, nativeEvents=true, webdriver.remote.sessionid=a94683680034c650b8f89d735b6ed112, locationContextEnabled=true, cssSelectorsEnabled=true}]
Session ID: a94683680034c650b8f89d735b6ed112" type="org.openqa.selenium.ElementNotVisibleException">org.openqa.selenium.ElementNotVisibleException: element not interactable
  (Session info: chrome=72.0.3626.81)
  (Driver info: chromedriver=2.46.628388 (4a34a70827ac54148e092aafb70504c4ea7ae926),platform=Linux 4.9.125-linuxkit x86_64) (WARNING: The server did not provide any stacktrace information)
Command duration or timeout: 1.04 seconds
Build info: version: &apos;3.0.1&apos;, revision: &apos;1969d75&apos;, time: &apos;2016-10-18 09:49:13 -0700&apos;
System info: host: &apos;DESKTOP-IN4UB21&apos;, ip: &apos;10.0.75.1&apos;, os.name: &apos;Windows 10&apos;, os.arch: &apos;amd64&apos;, os.version: &apos;10.0&apos;, java.version: &apos;1.8.0_201&apos;
Driver info: org.openqa.selenium.remote.RemoteWebDriver
Capabilities [{mobileEmulationEnabled=false, timeouts={implicit=0, pageLoad=300000, script=30000}, hasTouchScreen=false, platform=LINUX, acceptSslCerts=false, goog:chromeOptions={debuggerAddress=localhost:36355}, acceptInsecureCerts=false, webStorageEnabled=true, browserName=chrome, takesScreenshot=true, javascriptEnabled=true, setWindowRect=true, unexpectedAlertBehaviour=ignore, applicationCacheEnabled=false, rotatable=false, networkConnectionEnabled=false, chrome={chromedriverVersion=2.46.628388 (4a34a70827ac54148e092aafb70504c4ea7ae926), userDataDir=/tmp/.org.chromium.Chromium.mikkq1}, takesHeapSnapshot=true, pageLoadStrategy=normal, strictFileInteractability=false, databaseEnabled=false, handlesAlerts=true, version=72.0.3626.81, browserConnectionEnabled=false, proxy={}, nativeEvents=true, webdriver.remote.sessionid=a94683680034c650b8f89d735b6ed112, locationContextEnabled=true, cssSelectorsEnabled=true}]
Session ID: a94683680034c650b8f89d735b6ed112
	at sun.reflect.NativeConstructorAccessorImpl.newInstance0(Native Method)
	at sun.reflect.NativeConstructorAccessorImpl.newInstance(NativeConstructorAccessorImpl.java:62)
	at sun.reflect.DelegatingConstructorAccessorImpl.newInstance(DelegatingConstructorAccessorImpl.java:45)
	at java.lang.reflect.Constructor.newInstance(Constructor.java:423)
	at org.openqa.selenium.remote.ErrorHandler.createThrowable(ErrorHandler.java:216)
	at org.openqa.selenium.remote.ErrorHandler.throwIfResponseFailed(ErrorHandler.java:168)
	at org.openqa.selenium.remote.RemoteWebDriver.execute(RemoteWebDriver.java:635)
	at org.openqa.selenium.remote.RemoteWebElement.execute(RemoteWebElement.java:274)
	at org.openqa.selenium.remote.RemoteWebElement.click(RemoteWebElement.java:84)
	at de.neusta.b4u.steps.menu.MenuSteps.i_click_on_the_menu_entry(MenuSteps.java:52)
	at ✽.And I click on the menu entry &quot;navigationView.Aufgaben&quot;(accountMenuTasks.feature:48)
</error>
  </testcase>
  <testcase classname="|  | navigationView.Aufgaben | \/task\/list |" name="|  | navigationView.Aufgaben | \/task\/list |" time="0.003">
    <error message="element not interactable
  (Session info: chrome=72.0.3626.81)
  (Driver info: chromedriver=2.46.628388 (4a34a70827ac54148e092aafb70504c4ea7ae926),platform=Linux 4.9.125-linuxkit x86_64) (WARNING: The server did not provide any stacktrace information)
Command duration or timeout: 1.04 seconds
Build info: version: &apos;3.0.1&apos;, revision: &apos;1969d75&apos;, time: &apos;2016-10-18 09:49:13 -0700&apos;
System info: host: &apos;DESKTOP-IN4UB21&apos;, ip: &apos;10.0.75.1&apos;, os.name: &apos;Windows 10&apos;, os.arch: &apos;amd64&apos;, os.version: &apos;10.0&apos;, java.version: &apos;1.8.0_201&apos;
Driver info: org.openqa.selenium.remote.RemoteWebDriver
Capabilities [{mobileEmulationEnabled=false, timeouts={implicit=0, pageLoad=300000, script=30000}, hasTouchScreen=false, platform=LINUX, acceptSslCerts=false, goog:chromeOptions={debuggerAddress=localhost:36355}, acceptInsecureCerts=false, webStorageEnabled=true, browserName=chrome, takesScreenshot=true, javascriptEnabled=true, setWindowRect=true, unexpectedAlertBehaviour=ignore, applicationCacheEnabled=false, rotatable=false, networkConnectionEnabled=false, chrome={chromedriverVersion=2.46.628388 (4a34a70827ac54148e092aafb70504c4ea7ae926), userDataDir=/tmp/.org.chromium.Chromium.mikkq1}, takesHeapSnapshot=true, pageLoadStrategy=normal, strictFileInteractability=false, databaseEnabled=false, handlesAlerts=true, version=72.0.3626.81, browserConnectionEnabled=false, proxy={}, nativeEvents=true, webdriver.remote.sessionid=a94683680034c650b8f89d735b6ed112, locationContextEnabled=true, cssSelectorsEnabled=true}]
Session ID: a94683680034c650b8f89d735b6ed112" type="org.openqa.selenium.ElementNotVisibleException">org.openqa.selenium.ElementNotVisibleException: element not interactable
  (Session info: chrome=72.0.3626.81)
  (Driver info: chromedriver=2.46.628388 (4a34a70827ac54148e092aafb70504c4ea7ae926),platform=Linux 4.9.125-linuxkit x86_64) (WARNING: The server did not provide any stacktrace information)
Command duration or timeout: 1.04 seconds
Build info: version: &apos;3.0.1&apos;, revision: &apos;1969d75&apos;, time: &apos;2016-10-18 09:49:13 -0700&apos;
System info: host: &apos;DESKTOP-IN4UB21&apos;, ip: &apos;10.0.75.1&apos;, os.name: &apos;Windows 10&apos;, os.arch: &apos;amd64&apos;, os.version: &apos;10.0&apos;, java.version: &apos;1.8.0_201&apos;
Driver info: org.openqa.selenium.remote.RemoteWebDriver
Capabilities [{mobileEmulationEnabled=false, timeouts={implicit=0, pageLoad=300000, script=30000}, hasTouchScreen=false, platform=LINUX, acceptSslCerts=false, goog:chromeOptions={debuggerAddress=localhost:36355}, acceptInsecureCerts=false, webStorageEnabled=true, browserName=chrome, takesScreenshot=true, javascriptEnabled=true, setWindowRect=true, unexpectedAlertBehaviour=ignore, applicationCacheEnabled=false, rotatable=false, networkConnectionEnabled=false, chrome={chromedriverVersion=2.46.628388 (4a34a70827ac54148e092aafb70504c4ea7ae926), userDataDir=/tmp/.org.chromium.Chromium.mikkq1}, takesHeapSnapshot=true, pageLoadStrategy=normal, strictFileInteractability=false, databaseEnabled=false, handlesAlerts=true, version=72.0.3626.81, browserConnectionEnabled=false, proxy={}, nativeEvents=true, webdriver.remote.sessionid=a94683680034c650b8f89d735b6ed112, locationContextEnabled=true, cssSelectorsEnabled=true}]
Session ID: a94683680034c650b8f89d735b6ed112
	at sun.reflect.NativeConstructorAccessorImpl.newInstance0(Native Method)
	at sun.reflect.NativeConstructorAccessorImpl.newInstance(NativeConstructorAccessorImpl.java:62)
	at sun.reflect.DelegatingConstructorAccessorImpl.newInstance(DelegatingConstructorAccessorImpl.java:45)
	at java.lang.reflect.Constructor.newInstance(Constructor.java:423)
	at org.openqa.selenium.remote.ErrorHandler.createThrowable(ErrorHandler.java:216)
	at org.openqa.selenium.remote.ErrorHandler.throwIfResponseFailed(ErrorHandler.java:168)
	at org.openqa.selenium.remote.RemoteWebDriver.execute(RemoteWebDriver.java:635)
	at org.openqa.selenium.remote.RemoteWebElement.execute(RemoteWebElement.java:274)
	at org.openqa.selenium.remote.RemoteWebElement.click(RemoteWebElement.java:84)
	at de.neusta.b4u.steps.menu.MenuSteps.i_click_on_the_menu_entry(MenuSteps.java:52)
	at ✽.And I click on the menu entry &quot;navigationView.Aufgaben&quot;(accountMenuTasks.feature:48)
</error>
  </testcase>
  <testcase classname="|  | navigationView.Aufgaben | \/task\/list |" name="Then the target page is being displayed \&quot;\/task\/list\&quot;" time="0.003">
    <skipped/>
  </testcase>
  <testcase classname="Scenario: Check if it is possible to clear the search filter" name="Given I have logged into my account as standard user" time="0"/>
  <testcase classname="Scenario: Check if it is possible to clear the search filter" name="And I am on the task list page" time="0"/>
  <testcase classname="Scenario: Check if it is possible to clear the search filter" name="And I provide the following data to the task search filter" time="0">
    <failure message="Task list page is displayed" type="java.lang.AssertionError">java.lang.AssertionError: Task list page is displayed
	at org.junit.Assert.fail(Assert.java:88)
	at org.junit.Assert.assertTrue(Assert.java:41)
	at de.neusta.b4u.steps.tasks.TaskListSteps.i_provide_the_following_data_to_the_task_search_filter(TaskListSteps.java:30)
	at ✽.And I provide the following data to the task search filter(accountMenuTasks.feature:57)
</failure>
  </testcase>
  <testcase classname="Scenario: Check if it is possible to clear the search filter" name="Scenario: Check if it is possible to clear the search filter" time="0">
    <failure message="Task list page is displayed" type="java.lang.AssertionError">java.lang.AssertionError: Task list page is displayed
	at org.junit.Assert.fail(Assert.java:88)
	at org.junit.Assert.assertTrue(Assert.java:41)
	at de.neusta.b4u.steps.tasks.TaskListSteps.i_provide_the_following_data_to_the_task_search_filter(TaskListSteps.java:30)
	at ✽.And I provide the following data to the task search filter(accountMenuTasks.feature:57)
</failure>
  </testcase>
  <testcase classname="Scenario: Check if it is possible to clear the search filter" name="When I clear the task search filter" time="0">
    <skipped/>
  </testcase>
  <testcase classname="Scenario: Check if it is possible to clear the search filter" name="Then the task search filter is empty" time="0">
    <skipped/>
  </testcase>
  <testcase classname="Scenario: Create a new task" name="Given I have logged into my account as standard user" time="0"/>
  <testcase classname="Scenario: Create a new task" name="And I have ensured that the contact \&quot;Justice League\&quot; already exist" time="0">
    <failure message="Contact list page is displayed" type="java.lang.AssertionError">java.lang.AssertionError: Contact list page is displayed
	at org.junit.Assert.fail(Assert.java:88)
	at org.junit.Assert.assertTrue(Assert.java:41)
	at de.neusta.b4u.steps.contact.ContactCreateSteps.i_have_ensured_that_the_contact_i_want_to_edit_already_exist(ContactCreateSteps.java:140)
	at ✽.And I have ensured that the contact &quot;Justice League&quot; already exist(accountMenuTasks.feature:69)
</failure>
  </testcase>
  <testcase classname="Scenario: Create a new task" name="Scenario: Create a new task" time="0">
    <failure message="Contact list page is displayed" type="java.lang.AssertionError">java.lang.AssertionError: Contact list page is displayed
	at org.junit.Assert.fail(Assert.java:88)
	at org.junit.Assert.assertTrue(Assert.java:41)
	at de.neusta.b4u.steps.contact.ContactCreateSteps.i_have_ensured_that_the_contact_i_want_to_edit_already_exist(ContactCreateSteps.java:140)
	at ✽.And I have ensured that the contact &quot;Justice League&quot; already exist(accountMenuTasks.feature:69)
</failure>
  </testcase>
  <testcase classname="Scenario: Create a new task" name="And I am on the contact edit page of \&quot;Justice League\&quot;" time="0">
    <skipped/>
  </testcase>
  <testcase classname="Scenario: Create a new task" name="When I create a new task \&quot;Flash anwerben\&quot;" time="0">
    <skipped/>
  </testcase>
  <testcase classname="Scenario: Create a new task" name="Then the task \&quot;Flash anwerben\&quot; is created" time="0">
    <skipped/>
  </testcase>
  <testcase classname="Scenario: Create a new task" name="And I am on the contact edit page of \&quot;Justice League\&quot;" time="0.001">
    <skipped/>
  </testcase>
  <testcase classname="Scenario: Create a new task" name="And the task details of \&quot;Flash anwerben\&quot; are" time="0.001">
    <skipped/>
  </testcase>
  <testcase classname="Scenario: Check if the search results match the search filter criteria" name="Given I have logged into my account as standard user" time="0"/>
  <testcase classname="Scenario: Check if the search results match the search filter criteria" name="And I am on the task list page" time="0"/>
  <testcase classname="Scenario: Check if the search results match the search filter criteria" name="And I provide the following data to the task search filter" time="0">
    <failure message="Task list page is displayed" type="java.lang.AssertionError">java.lang.AssertionError: Task list page is displayed
	at org.junit.Assert.fail(Assert.java:88)
	at org.junit.Assert.assertTrue(Assert.java:41)
	at de.neusta.b4u.steps.tasks.TaskListSteps.i_provide_the_following_data_to_the_task_search_filter(TaskListSteps.java:30)
	at ✽.And I provide the following data to the task search filter(accountMenuTasks.feature:90)
</failure>
  </testcase>
  <testcase classname="Scenario: Check if the search results match the search filter criteria" name="Scenario: Check if the search results match the search filter criteria" time="0">
    <failure message="Task list page is displayed" type="java.lang.AssertionError">java.lang.AssertionError: Task list page is displayed
	at org.junit.Assert.fail(Assert.java:88)
	at org.junit.Assert.assertTrue(Assert.java:41)
	at de.neusta.b4u.steps.tasks.TaskListSteps.i_provide_the_following_data_to_the_task_search_filter(TaskListSteps.java:30)
	at ✽.And I provide the following data to the task search filter(accountMenuTasks.feature:90)
</failure>
  </testcase>
  <testcase classname="Scenario: Check if the search results match the search filter criteria" name="When I list the task search results" time="0.001">
    <skipped/>
  </testcase>
  <testcase classname="Scenario: Check if the search results match the search filter criteria" name="Then the task search results should only contain" time="0.001">
    <skipped/>
  </testcase>
  <testcase classname="Scenario: Check if the search filters are correct" name="Given I have logged into my account as standard user" time="0"/>
  <testcase classname="Scenario: Check if the search filters are correct" name="And I am on the task list page" time="0"/>
  <testcase classname="Scenario: Check if the search filters are correct" name="And I provide the following data to the task search filter" time="0">
    <failure message="Task list page is displayed" type="java.lang.AssertionError">java.lang.AssertionError: Task list page is displayed
	at org.junit.Assert.fail(Assert.java:88)
	at org.junit.Assert.assertTrue(Assert.java:41)
	at de.neusta.b4u.steps.tasks.TaskListSteps.i_provide_the_following_data_to_the_task_search_filter(TaskListSteps.java:30)
	at ✽.And I provide the following data to the task search filter(accountMenuTasks.feature:104)
</failure>
  </testcase>
  <testcase classname="Scenario: Check if the search filters are correct" name="Scenario: Check if the search filters are correct" time="0">
    <failure message="Task list page is displayed" type="java.lang.AssertionError">java.lang.AssertionError: Task list page is displayed
	at org.junit.Assert.fail(Assert.java:88)
	at org.junit.Assert.assertTrue(Assert.java:41)
	at de.neusta.b4u.steps.tasks.TaskListSteps.i_provide_the_following_data_to_the_task_search_filter(TaskListSteps.java:30)
	at ✽.And I provide the following data to the task search filter(accountMenuTasks.feature:104)
</failure>
  </testcase>
  <testcase classname="Scenario: Check if the search filters are correct" name="When I list the task search results" time="0">
    <skipped/>
  </testcase>
  <testcase classname="Scenario: Check if the search filters are correct" name="Then the task search results are empty" time="0">
    <skipped/>
  </testcase>
  <testcase classname="Scenario: Edit an existing task" name="Given I have logged into my account as standard user" time="0"/>
  <testcase classname="Scenario: Edit an existing task" name="And I have ensured that the contact \&quot;Justice League\&quot; already exist" time="0">
    <failure message="Contact list page is displayed" type="java.lang.AssertionError">java.lang.AssertionError: Contact list page is displayed
	at org.junit.Assert.fail(Assert.java:88)
	at org.junit.Assert.assertTrue(Assert.java:41)
	at de.neusta.b4u.steps.contact.ContactCreateSteps.i_have_ensured_that_the_contact_i_want_to_edit_already_exist(ContactCreateSteps.java:140)
	at ✽.And I have ensured that the contact &quot;Justice League&quot; already exist(accountMenuTasks.feature:113)
</failure>
  </testcase>
  <testcase classname="Scenario: Edit an existing task" name="Scenario: Edit an existing task" time="0">
    <failure message="Contact list page is displayed" type="java.lang.AssertionError">java.lang.AssertionError: Contact list page is displayed
	at org.junit.Assert.fail(Assert.java:88)
	at org.junit.Assert.assertTrue(Assert.java:41)
	at de.neusta.b4u.steps.contact.ContactCreateSteps.i_have_ensured_that_the_contact_i_want_to_edit_already_exist(ContactCreateSteps.java:140)
	at ✽.And I have ensured that the contact &quot;Justice League&quot; already exist(accountMenuTasks.feature:113)
</failure>
  </testcase>
  <testcase classname="Scenario: Edit an existing task" name="And I am on the contact edit page of \&quot;Justice League\&quot;" time="0">
    <skipped/>
  </testcase>
  <testcase classname="Scenario: Edit an existing task" name="When I edit the task \&quot;Flash anwerben\&quot;" time="0">
    <skipped/>
  </testcase>
  <testcase classname="Scenario: Edit an existing task" name="Then the task details of \&quot;Flash anwerben\&quot; are" time="0.001">
    <skipped/>
  </testcase>
  <testcase classname="Scenario: Delete Task" name="Given I have logged into my account as standard user" time="0"/>
  <testcase classname="Scenario: Delete Task" name="And I have ensured that the contact \&quot;Justice League\&quot; already exist" time="0">
    <failure message="Contact list page is displayed" type="java.lang.AssertionError">java.lang.AssertionError: Contact list page is displayed
	at org.junit.Assert.fail(Assert.java:88)
	at org.junit.Assert.assertTrue(Assert.java:41)
	at de.neusta.b4u.steps.contact.ContactCreateSteps.i_have_ensured_that_the_contact_i_want_to_edit_already_exist(ContactCreateSteps.java:140)
	at ✽.And I have ensured that the contact &quot;Justice League&quot; already exist(accountMenuTasks.feature:130)
</failure>
  </testcase>
  <testcase classname="Scenario: Delete Task" name="Scenario: Delete Task" time="0">
    <failure message="Contact list page is displayed" type="java.lang.AssertionError">java.lang.AssertionError: Contact list page is displayed
	at org.junit.Assert.fail(Assert.java:88)
	at org.junit.Assert.assertTrue(Assert.java:41)
	at de.neusta.b4u.steps.contact.ContactCreateSteps.i_have_ensured_that_the_contact_i_want_to_edit_already_exist(ContactCreateSteps.java:140)
	at ✽.And I have ensured that the contact &quot;Justice League&quot; already exist(accountMenuTasks.feature:130)
</failure>
  </testcase>
  <testcase classname="Scenario: Delete Task" name="And I am on the contact edit page of \&quot;Justice League\&quot;" time="0">
    <skipped/>
  </testcase>
  <testcase classname="Scenario: Delete Task" name="When I delete the task \&quot;Flash anwerben\&quot;" time="0.001">
    <skipped/>
  </testcase>
  <testcase classname="Scenario: Delete Task" name="Then the task \&quot;Flash anwerben\&quot; is deleted" time="0.001">
    <skipped/>
  </testcase>
  <testcase classname="Scenario: Check elements profile personal data" name="Given I have logged into my account as standard user" time="0"/>
  <testcase classname="Scenario: Check elements profile personal data" name="When I select the menu entry \&quot;topBannerView.loggedInPerson\&quot;" time="0"/>
  <testcase classname="Scenario: Check elements profile personal data" name="And I click on the button \&quot;personDetailsFormView.edit\&quot;" time="0"/>
  <testcase classname="Scenario: Check elements profile personal data" name="Then all the elements looked for are being displayed" time="0">
    <failure message="personDetailsFormView.url is displayed" type="java.lang.AssertionError">java.lang.AssertionError: personDetailsFormView.url is displayed
	at org.junit.Assert.fail(Assert.java:88)
	at org.junit.Assert.assertTrue(Assert.java:41)
	at de.neusta.b4u.steps.BaseSteps.all_the_elements_looked_for_are_being_displayed(BaseSteps.java:66)
	at ✽.Then all the elements looked for are being displayed(accountProfilePersonalData.feature:12)
</failure>
  </testcase>
  <testcase classname="Scenario: Check elements profile personal data" name="Scenario: Check elements profile personal data" time="0">
    <failure message="personDetailsFormView.url is displayed" type="java.lang.AssertionError">java.lang.AssertionError: personDetailsFormView.url is displayed
	at org.junit.Assert.fail(Assert.java:88)
	at org.junit.Assert.assertTrue(Assert.java:41)
	at de.neusta.b4u.steps.BaseSteps.all_the_elements_looked_for_are_being_displayed(BaseSteps.java:66)
	at ✽.Then all the elements looked for are being displayed(accountProfilePersonalData.feature:12)
</failure>
  </testcase>
  <testcase classname="Scenario: Check dropdown salutation types" name="Given I have logged into my account as standard user" time="0"/>
  <testcase classname="Scenario: Check dropdown salutation types" name="When I select the menu entry \&quot;topBannerView.loggedInPerson\&quot;" time="0"/>
  <testcase classname="Scenario: Check dropdown salutation types" name="And I click on the button \&quot;personDetailsFormView.edit\&quot;" time="0"/>
  <testcase classname="Scenario: Check dropdown salutation types" name="Then the dropdown menu \&quot;personDetailsFormView.salutationTypes\&quot; contains the following items" time="0"/>
  <testcase classname="Scenario: Check dropdown salutation types" name="Scenario: Check dropdown salutation types" time="0.165"/>
  <testcase classname="Scenario: Check dropdown titles" name="Given I have logged into my account as standard user" time="0"/>
  <testcase classname="Scenario: Check dropdown titles" name="When I select the menu entry \&quot;topBannerView.loggedInPerson\&quot;" time="0"/>
  <testcase classname="Scenario: Check dropdown titles" name="And I click on the button \&quot;personDetailsFormView.edit\&quot;" time="0"/>
  <testcase classname="Scenario: Check dropdown titles" name="Then the dropdown menu \&quot;personDetailsFormView.titles\&quot; contains the following items" time="0"/>
  <testcase classname="Scenario: Check dropdown titles" name="Scenario: Check dropdown titles" time="0.114"/>
  <testcase classname="Scenario: Check dropdown email address types" name="Given I have logged into my account as standard user" time="0"/>
  <testcase classname="Scenario: Check dropdown email address types" name="When I select the menu entry \&quot;topBannerView.loggedInPerson\&quot;" time="0"/>
  <testcase classname="Scenario: Check dropdown email address types" name="And I click on the button \&quot;personDetailsFormView.edit\&quot;" time="0"/>
  <testcase classname="Scenario: Check dropdown email address types" name="Then the dropdown menu \&quot;emailAdressFormView.emailAddress[0].emailAddressTypes\&quot; contains the following items" time="0"/>
  <testcase classname="Scenario: Check dropdown email address types" name="Scenario: Check dropdown email address types" time="0.114"/>
  <testcase classname="Scenario: Check dropdown phone types" name="Given I have logged into my account as standard user" time="0"/>
  <testcase classname="Scenario: Check dropdown phone types" name="When I select the menu entry \&quot;topBannerView.loggedInPerson\&quot;" time="0"/>
  <testcase classname="Scenario: Check dropdown phone types" name="And I click on the button \&quot;personDetailsFormView.edit\&quot;" time="0"/>
  <testcase classname="Scenario: Check dropdown phone types" name="Then the dropdown menu \&quot;phoneFormView.phone[0].phoneTypes\&quot; contains the following items" time="0.001">
    <error message="no such element: Unable to locate element: {&quot;method&quot;:&quot;id&quot;,&quot;selector&quot;:&quot;phoneFormView.phone[0].phoneTypes&quot;}
  (Session info: chrome=72.0.3626.81)
  (Driver info: chromedriver=2.46.628388 (4a34a70827ac54148e092aafb70504c4ea7ae926),platform=Linux 4.9.125-linuxkit x86_64) (WARNING: The server did not provide any stacktrace information)
Command duration or timeout: 1.04 seconds
For documentation on this error, please visit: http://seleniumhq.org/exceptions/no_such_element.html
Build info: version: &apos;3.0.1&apos;, revision: &apos;1969d75&apos;, time: &apos;2016-10-18 09:49:13 -0700&apos;
System info: host: &apos;DESKTOP-IN4UB21&apos;, ip: &apos;10.0.75.1&apos;, os.name: &apos;Windows 10&apos;, os.arch: &apos;amd64&apos;, os.version: &apos;10.0&apos;, java.version: &apos;1.8.0_201&apos;
Driver info: org.openqa.selenium.remote.RemoteWebDriver
Capabilities [{mobileEmulationEnabled=false, timeouts={implicit=0, pageLoad=300000, script=30000}, hasTouchScreen=false, platform=LINUX, acceptSslCerts=false, goog:chromeOptions={debuggerAddress=localhost:38971}, acceptInsecureCerts=false, webStorageEnabled=true, browserName=chrome, takesScreenshot=true, javascriptEnabled=true, setWindowRect=true, unexpectedAlertBehaviour=ignore, applicationCacheEnabled=false, rotatable=false, networkConnectionEnabled=false, chrome={chromedriverVersion=2.46.628388 (4a34a70827ac54148e092aafb70504c4ea7ae926), userDataDir=/tmp/.org.chromium.Chromium.SEFVtd}, takesHeapSnapshot=true, pageLoadStrategy=normal, strictFileInteractability=false, databaseEnabled=false, handlesAlerts=true, version=72.0.3626.81, browserConnectionEnabled=false, proxy={}, nativeEvents=true, webdriver.remote.sessionid=e6488b2e95470f5394c1f9df22bccd0e, locationContextEnabled=true, cssSelectorsEnabled=true}]
Session ID: e6488b2e95470f5394c1f9df22bccd0e
*** Element info: {Using=id, value=phoneFormView.phone[0].phoneTypes}" type="org.openqa.selenium.NoSuchElementException">org.openqa.selenium.NoSuchElementException: no such element: Unable to locate element: {&quot;method&quot;:&quot;id&quot;,&quot;selector&quot;:&quot;phoneFormView.phone[0].phoneTypes&quot;}
  (Session info: chrome=72.0.3626.81)
  (Driver info: chromedriver=2.46.628388 (4a34a70827ac54148e092aafb70504c4ea7ae926),platform=Linux 4.9.125-linuxkit x86_64) (WARNING: The server did not provide any stacktrace information)
Command duration or timeout: 1.04 seconds
For documentation on this error, please visit: http://seleniumhq.org/exceptions/no_such_element.html
Build info: version: &apos;3.0.1&apos;, revision: &apos;1969d75&apos;, time: &apos;2016-10-18 09:49:13 -0700&apos;
System info: host: &apos;DESKTOP-IN4UB21&apos;, ip: &apos;10.0.75.1&apos;, os.name: &apos;Windows 10&apos;, os.arch: &apos;amd64&apos;, os.version: &apos;10.0&apos;, java.version: &apos;1.8.0_201&apos;
Driver info: org.openqa.selenium.remote.RemoteWebDriver
Capabilities [{mobileEmulationEnabled=false, timeouts={implicit=0, pageLoad=300000, script=30000}, hasTouchScreen=false, platform=LINUX, acceptSslCerts=false, goog:chromeOptions={debuggerAddress=localhost:38971}, acceptInsecureCerts=false, webStorageEnabled=true, browserName=chrome, takesScreenshot=true, javascriptEnabled=true, setWindowRect=true, unexpectedAlertBehaviour=ignore, applicationCacheEnabled=false, rotatable=false, networkConnectionEnabled=false, chrome={chromedriverVersion=2.46.628388 (4a34a70827ac54148e092aafb70504c4ea7ae926), userDataDir=/tmp/.org.chromium.Chromium.SEFVtd}, takesHeapSnapshot=true, pageLoadStrategy=normal, strictFileInteractability=false, databaseEnabled=false, handlesAlerts=true, version=72.0.3626.81, browserConnectionEnabled=false, proxy={}, nativeEvents=true, webdriver.remote.sessionid=e6488b2e95470f5394c1f9df22bccd0e, locationContextEnabled=true, cssSelectorsEnabled=true}]
Session ID: e6488b2e95470f5394c1f9df22bccd0e
*** Element info: {Using=id, value=phoneFormView.phone[0].phoneTypes}
	at sun.reflect.NativeConstructorAccessorImpl.newInstance0(Native Method)
	at sun.reflect.NativeConstructorAccessorImpl.newInstance(NativeConstructorAccessorImpl.java:62)
	at sun.reflect.DelegatingConstructorAccessorImpl.newInstance(DelegatingConstructorAccessorImpl.java:45)
	at java.lang.reflect.Constructor.newInstance(Constructor.java:423)
	at org.openqa.selenium.remote.ErrorHandler.createThrowable(ErrorHandler.java:216)
	at org.openqa.selenium.remote.ErrorHandler.throwIfResponseFailed(ErrorHandler.java:168)
	at org.openqa.selenium.remote.RemoteWebDriver.execute(RemoteWebDriver.java:635)
	at org.openqa.selenium.remote.RemoteWebDriver.findElement(RemoteWebDriver.java:368)
	at org.openqa.selenium.remote.RemoteWebDriver.findElementById(RemoteWebDriver.java:417)
	at org.openqa.selenium.By$ById.findElement(By.java:218)
	at org.openqa.selenium.remote.RemoteWebDriver.findElement(RemoteWebDriver.java:360)
	at de.neusta.b4u.steps.BaseSteps.the_dropdown_menu_contains_the_following_items(BaseSteps.java:72)
	at ✽.Then the dropdown menu &quot;phoneFormView.phone[0].phoneTypes&quot; contains the following items(accountProfilePersonalData.feature:66)
</error>
  </testcase>
  <testcase classname="Scenario: Check dropdown phone types" name="Scenario: Check dropdown phone types" time="0.002">
    <error message="no such element: Unable to locate element: {&quot;method&quot;:&quot;id&quot;,&quot;selector&quot;:&quot;phoneFormView.phone[0].phoneTypes&quot;}
  (Session info: chrome=72.0.3626.81)
  (Driver info: chromedriver=2.46.628388 (4a34a70827ac54148e092aafb70504c4ea7ae926),platform=Linux 4.9.125-linuxkit x86_64) (WARNING: The server did not provide any stacktrace information)
Command duration or timeout: 1.04 seconds
For documentation on this error, please visit: http://seleniumhq.org/exceptions/no_such_element.html
Build info: version: &apos;3.0.1&apos;, revision: &apos;1969d75&apos;, time: &apos;2016-10-18 09:49:13 -0700&apos;
System info: host: &apos;DESKTOP-IN4UB21&apos;, ip: &apos;10.0.75.1&apos;, os.name: &apos;Windows 10&apos;, os.arch: &apos;amd64&apos;, os.version: &apos;10.0&apos;, java.version: &apos;1.8.0_201&apos;
Driver info: org.openqa.selenium.remote.RemoteWebDriver
Capabilities [{mobileEmulationEnabled=false, timeouts={implicit=0, pageLoad=300000, script=30000}, hasTouchScreen=false, platform=LINUX, acceptSslCerts=false, goog:chromeOptions={debuggerAddress=localhost:38971}, acceptInsecureCerts=false, webStorageEnabled=true, browserName=chrome, takesScreenshot=true, javascriptEnabled=true, setWindowRect=true, unexpectedAlertBehaviour=ignore, applicationCacheEnabled=false, rotatable=false, networkConnectionEnabled=false, chrome={chromedriverVersion=2.46.628388 (4a34a70827ac54148e092aafb70504c4ea7ae926), userDataDir=/tmp/.org.chromium.Chromium.SEFVtd}, takesHeapSnapshot=true, pageLoadStrategy=normal, strictFileInteractability=false, databaseEnabled=false, handlesAlerts=true, version=72.0.3626.81, browserConnectionEnabled=false, proxy={}, nativeEvents=true, webdriver.remote.sessionid=e6488b2e95470f5394c1f9df22bccd0e, locationContextEnabled=true, cssSelectorsEnabled=true}]
Session ID: e6488b2e95470f5394c1f9df22bccd0e
*** Element info: {Using=id, value=phoneFormView.phone[0].phoneTypes}" type="org.openqa.selenium.NoSuchElementException">org.openqa.selenium.NoSuchElementException: no such element: Unable to locate element: {&quot;method&quot;:&quot;id&quot;,&quot;selector&quot;:&quot;phoneFormView.phone[0].phoneTypes&quot;}
  (Session info: chrome=72.0.3626.81)
  (Driver info: chromedriver=2.46.628388 (4a34a70827ac54148e092aafb70504c4ea7ae926),platform=Linux 4.9.125-linuxkit x86_64) (WARNING: The server did not provide any stacktrace information)
Command duration or timeout: 1.04 seconds
For documentation on this error, please visit: http://seleniumhq.org/exceptions/no_such_element.html
Build info: version: &apos;3.0.1&apos;, revision: &apos;1969d75&apos;, time: &apos;2016-10-18 09:49:13 -0700&apos;
System info: host: &apos;DESKTOP-IN4UB21&apos;, ip: &apos;10.0.75.1&apos;, os.name: &apos;Windows 10&apos;, os.arch: &apos;amd64&apos;, os.version: &apos;10.0&apos;, java.version: &apos;1.8.0_201&apos;
Driver info: org.openqa.selenium.remote.RemoteWebDriver
Capabilities [{mobileEmulationEnabled=false, timeouts={implicit=0, pageLoad=300000, script=30000}, hasTouchScreen=false, platform=LINUX, acceptSslCerts=false, goog:chromeOptions={debuggerAddress=localhost:38971}, acceptInsecureCerts=false, webStorageEnabled=true, browserName=chrome, takesScreenshot=true, javascriptEnabled=true, setWindowRect=true, unexpectedAlertBehaviour=ignore, applicationCacheEnabled=false, rotatable=false, networkConnectionEnabled=false, chrome={chromedriverVersion=2.46.628388 (4a34a70827ac54148e092aafb70504c4ea7ae926), userDataDir=/tmp/.org.chromium.Chromium.SEFVtd}, takesHeapSnapshot=true, pageLoadStrategy=normal, strictFileInteractability=false, databaseEnabled=false, handlesAlerts=true, version=72.0.3626.81, browserConnectionEnabled=false, proxy={}, nativeEvents=true, webdriver.remote.sessionid=e6488b2e95470f5394c1f9df22bccd0e, locationContextEnabled=true, cssSelectorsEnabled=true}]
Session ID: e6488b2e95470f5394c1f9df22bccd0e
*** Element info: {Using=id, value=phoneFormView.phone[0].phoneTypes}
	at sun.reflect.NativeConstructorAccessorImpl.newInstance0(Native Method)
	at sun.reflect.NativeConstructorAccessorImpl.newInstance(NativeConstructorAccessorImpl.java:62)
	at sun.reflect.DelegatingConstructorAccessorImpl.newInstance(DelegatingConstructorAccessorImpl.java:45)
	at java.lang.reflect.Constructor.newInstance(Constructor.java:423)
	at org.openqa.selenium.remote.ErrorHandler.createThrowable(ErrorHandler.java:216)
	at org.openqa.selenium.remote.ErrorHandler.throwIfResponseFailed(ErrorHandler.java:168)
	at org.openqa.selenium.remote.RemoteWebDriver.execute(RemoteWebDriver.java:635)
	at org.openqa.selenium.remote.RemoteWebDriver.findElement(RemoteWebDriver.java:368)
	at org.openqa.selenium.remote.RemoteWebDriver.findElementById(RemoteWebDriver.java:417)
	at org.openqa.selenium.By$ById.findElement(By.java:218)
	at org.openqa.selenium.remote.RemoteWebDriver.findElement(RemoteWebDriver.java:360)
	at de.neusta.b4u.steps.BaseSteps.the_dropdown_menu_contains_the_following_items(BaseSteps.java:72)
	at ✽.Then the dropdown menu &quot;phoneFormView.phone[0].phoneTypes&quot; contains the following items(accountProfilePersonalData.feature:66)
</error>
  </testcase>
  <testcase classname="| Username | loginView.userName |" name="Given I am on the login page" time="0"/>
  <testcase classname="| Username | loginView.userName |" name="When I look for the element \&quot;loginView.userName\&quot;" time="0"/>
  <testcase classname="| Username | loginView.userName |" name="Then the element looked for is being displayed" time="0"/>
  <testcase classname="| Username | loginView.userName |" name="| Username | loginView.userName |" time="0.114"/>
  <testcase classname="| Password | loginView.password |" name="Given I am on the login page" time="0"/>
  <testcase classname="| Password | loginView.password |" name="When I look for the element \&quot;loginView.password\&quot;" time="0"/>
  <testcase classname="| Password | loginView.password |" name="Then the element looked for is being displayed" time="0"/>
  <testcase classname="| Password | loginView.password |" name="| Password | loginView.password |" time="0.119"/>
  <testcase classname="| Anmelden | loginView.login |" name="Given I am on the login page" time="0"/>
  <testcase classname="| Anmelden | loginView.login |" name="When I look for the element \&quot;loginView.login\&quot;" time="0"/>
  <testcase classname="| Anmelden | loginView.login |" name="Then the element looked for is being displayed" time="0"/>
  <testcase classname="| Anmelden | loginView.login |" name="| Anmelden | loginView.login |" time="0.113"/>
  <testcase classname="Scenario: Login success [standard user]" name="Given I am on the login page" time="0"/>
  <testcase classname="Scenario: Login success [standard user]" name="And I provide the standard user credentials" time="0"/>
  <testcase classname="Scenario: Login success [standard user]" name="When I login" time="0"/>
  <testcase classname="Scenario: Login success [standard user]" name="Then the account page is being displayed" time="0"/>
  <testcase classname="Scenario: Login success [standard user]" name="Scenario: Login success [standard user]" time="0.131"/>
  <testcase classname="Scenario: Login success [admin user]" name="Given I am on the login page" time="0"/>
  <testcase classname="Scenario: Login success [admin user]" name="And I provide the admin user credentials" time="0"/>
  <testcase classname="Scenario: Login success [admin user]" name="When I login" time="0"/>
  <testcase classname="Scenario: Login success [admin user]" name="Then the account page is being displayed" time="0"/>
  <testcase classname="Scenario: Login success [admin user]" name="Scenario: Login success [admin user]" time="0.07"/>
  <testcase classname="Scenario: Login failure wrong username [standard user]" name="Given I am on the login page" time="0"/>
  <testcase classname="Scenario: Login failure wrong username [standard user]" name="And I provide the standard user credentials" time="0"/>
  <testcase classname="Scenario: Login failure wrong username [standard user]" name="And I provide an invalid username" time="0"/>
  <testcase classname="Scenario: Login failure wrong username [standard user]" name="When I login" time="0"/>
  <testcase classname="Scenario: Login failure wrong username [standard user]" name="Then an error message is being displayed \&quot;is-error\&quot;" time="0"/>
  <testcase classname="Scenario: Login failure wrong username [standard user]" name="Scenario: Login failure wrong username [standard user]" time="0.12"/>
  <testcase classname="Scenario: Login failure wrong username [admin user]" name="Given I am on the login page" time="0"/>
  <testcase classname="Scenario: Login failure wrong username [admin user]" name="And I provide the admin user credentials" time="0"/>
  <testcase classname="Scenario: Login failure wrong username [admin user]" name="And I provide an invalid username" time="0"/>
  <testcase classname="Scenario: Login failure wrong username [admin user]" name="When I login" time="0"/>
  <testcase classname="Scenario: Login failure wrong username [admin user]" name="Then an error message is being displayed \&quot;is-error\&quot;" time="0"/>
  <testcase classname="Scenario: Login failure wrong username [admin user]" name="Scenario: Login failure wrong username [admin user]" time="0.06"/>
  <testcase classname="Scenario: Login failure wrong password [standard user]" name="Given I am on the login page" time="0"/>
  <testcase classname="Scenario: Login failure wrong password [standard user]" name="And I provide the standard user credentials" time="0"/>
  <testcase classname="Scenario: Login failure wrong password [standard user]" name="And I provide an invalid password" time="0"/>
  <testcase classname="Scenario: Login failure wrong password [standard user]" name="When I login" time="0"/>
  <testcase classname="Scenario: Login failure wrong password [standard user]" name="Then an error message is being displayed \&quot;is-error\&quot;" time="0"/>
  <testcase classname="Scenario: Login failure wrong password [standard user]" name="Scenario: Login failure wrong password [standard user]" time="0.126"/>
  <testcase classname="Scenario: Login failure wrong password [admin user]" name="Given I am on the login page" time="0"/>
  <testcase classname="Scenario: Login failure wrong password [admin user]" name="And I provide the admin user credentials" time="0"/>
  <testcase classname="Scenario: Login failure wrong password [admin user]" name="And I provide an invalid password" time="0"/>
  <testcase classname="Scenario: Login failure wrong password [admin user]" name="When I login" time="0"/>
  <testcase classname="Scenario: Login failure wrong password [admin user]" name="Then an error message is being displayed \&quot;is-error\&quot;" time="0"/>
  <testcase classname="Scenario: Login failure wrong password [admin user]" name="Scenario: Login failure wrong password [admin user]" time="0.115"/>
  <testcase classname="Scenario: Login failure wrong username wrong password" name="Given I am on the login page" time="0"/>
  <testcase classname="Scenario: Login failure wrong username wrong password" name="And I provide an invalid username" time="0"/>
  <testcase classname="Scenario: Login failure wrong username wrong password" name="And I provide an invalid password" time="0"/>
  <testcase classname="Scenario: Login failure wrong username wrong password" name="When I login" time="0"/>
  <testcase classname="Scenario: Login failure wrong username wrong password" name="Then an error message is being displayed \&quot;is-error\&quot;" time="0"/>
  <testcase classname="Scenario: Login failure wrong username wrong password" name="Scenario: Login failure wrong username wrong password" time="0.129"/>
  <testcase classname="| Username | topBannerView.logout |" name="Given I have logged into my account as standard user" time="0"/>
  <testcase classname="| Username | topBannerView.logout |" name="When I look for the element \&quot;topBannerView.logout\&quot;" time="0"/>
  <testcase classname="| Username | topBannerView.logout |" name="Then the element looked for is being displayed" time="0"/>
  <testcase classname="| Username | topBannerView.logout |" name="| Username | topBannerView.logout |" time="0.065"/>
  <testcase classname="Scenario: logout success [standard user]" name="Given I have logged into my account as standard user" time="0"/>
  <testcase classname="Scenario: logout success [standard user]" name="When I logout" time="0"/>
  <testcase classname="Scenario: logout success [standard user]" name="Then the login page is being displayed" time="0"/>
  <testcase classname="Scenario: logout success [standard user]" name="Scenario: logout success [standard user]" time="0.065"/>
  <testcase classname="Scenario: logout success [admin user]" name="Given I have logged into my account as admin user" time="0"/>
  <testcase classname="Scenario: logout success [admin user]" name="When I logout" time="0"/>
  <testcase classname="Scenario: logout success [admin user]" name="Then the login page is being displayed" time="0"/>
  <testcase classname="Scenario: logout success [admin user]" name="Scenario: logout success [admin user]" time="0.115"/>
</testsuite>